#
# There is insufficient memory for the Java Runtime Environment to continue.
# Native memory allocation (malloc) failed to allocate 32744 bytes for ChunkPool::allocate
# Possible reasons:
#   The system is out of physical RAM or swap space
#   In 32 bit mode, the process size limit was hit
# Possible solutions:
#   Reduce memory load on the system
#   Increase physical memory or swap space
#   Check if swap backing store is full
#   Use 64 bit Java on a 64 bit OS
#   Decrease Java heap size (-Xmx/-Xms)
#   Decrease number of Java threads
#   Decrease Java thread stack sizes (-Xss)
#   Set larger code cache with -XX:ReservedCodeCacheSize=
# This output file may be truncated or incomplete.
#
#  Out of Memory Error (allocation.cpp:271), pid=10096, tid=9536
#
# JRE version: Java(TM) SE Runtime Environment (8.0_11-b12) (build 1.8.0_11-b12)
# Java VM: Java HotSpot(TM) 64-Bit Server VM (25.11-b03 mixed mode windows-amd64 compressed oops)
# Failed to write core dump. Minidumps are not enabled by default on client versions of Windows
#

---------------  T H R E A D  ---------------

Current thread (0x0000000015cb7800):  JavaThread "C1 CompilerThread2" daemon [_thread_in_native, id=9536, stack(0x0000000016460000,0x0000000016560000)]

Stack: [0x0000000016460000,0x0000000016560000]
Native frames: (J=compiled Java code, j=interpreted, Vv=VM code, C=native code)
V  [jvm.dll+0x308eca]


Current CompileTask:
C1:   5394  477   !   3       com.android.dx.cf.code.BytecodeArray::parseInstruction (2764 bytes)


---------------  P R O C E S S  ---------------

Java Threads: ( => current thread )
  0x0000000015dd4000 JavaThread "pool-1-thread-4" [_thread_blocked, id=10236, stack(0x0000000016b60000,0x0000000016c60000)]
  0x0000000015dd3000 JavaThread "pool-1-thread-3" [_thread_blocked, id=9364, stack(0x0000000016a60000,0x0000000016b60000)]
  0x0000000015dd1800 JavaThread "pool-1-thread-2" [_thread_blocked, id=9800, stack(0x0000000016960000,0x0000000016a60000)]
  0x0000000015dd0800 JavaThread "pool-2-thread-1" [_thread_blocked, id=9992, stack(0x0000000016860000,0x0000000016960000)]
  0x0000000015dce000 JavaThread "pool-1-thread-1" [_thread_blocked, id=7984, stack(0x0000000016760000,0x0000000016860000)]
  0x0000000015cbd000 JavaThread "Service Thread" daemon [_thread_blocked, id=10208, stack(0x0000000016560000,0x0000000016660000)]
=>0x0000000015cb7800 JavaThread "C1 CompilerThread2" daemon [_thread_in_native, id=9536, stack(0x0000000016460000,0x0000000016560000)]
  0x000000001494c800 JavaThread "C2 CompilerThread1" daemon [_thread_blocked, id=6496, stack(0x0000000016360000,0x0000000016460000)]
  0x000000001490a800 JavaThread "C2 CompilerThread0" daemon [_thread_blocked, id=6444, stack(0x0000000016260000,0x0000000016360000)]
  0x0000000014900000 JavaThread "Attach Listener" daemon [_thread_blocked, id=4156, stack(0x0000000016160000,0x0000000016260000)]
  0x00000000148ff000 JavaThread "Signal Dispatcher" daemon [_thread_blocked, id=10068, stack(0x0000000016060000,0x0000000016160000)]
  0x0000000002214800 JavaThread "Finalizer" daemon [_thread_blocked, id=7268, stack(0x0000000015b60000,0x0000000015c60000)]
  0x00000000148b7800 JavaThread "Reference Handler" daemon [_thread_blocked, id=9672, stack(0x0000000015a60000,0x0000000015b60000)]
  0x0000000002121000 JavaThread "main" [_thread_in_Java, id=7600, stack(0x0000000002020000,0x0000000002120000)]

Other Threads:
  0x00000000148b6000 VMThread [stack: 0x0000000015960000,0x0000000015a60000] [id=620]
  0x0000000015cc8000 WatcherThread [stack: 0x0000000016660000,0x0000000016760000] [id=9960]

VM state:not at safepoint (normal execution)

VM Mutex/Monitor currently owned by a thread: None

Heap:
 PSYoungGen      total 3584K, used 1140K [0x00000000eab00000, 0x00000000eb000000, 0x0000000100000000)
  eden space 2048K, 14% used [0x00000000eab00000,0x00000000eab4b460,0x00000000ead00000)
  from space 1536K, 54% used [0x00000000eae80000,0x00000000eaf51c98,0x00000000eb000000)
  to   space 1536K, 0% used [0x00000000ead00000,0x00000000ead00000,0x00000000eae80000)
 ParOldGen       total 64000K, used 2803K [0x00000000c0000000, 0x00000000c3e80000, 0x00000000eab00000)
  object space 64000K, 4% used [0x00000000c0000000,0x00000000c02bcfd0,0x00000000c3e80000)
 Metaspace       used 5296K, capacity 6384K, committed 6528K, reserved 1056768K
  class space    used 580K, capacity 616K, committed 640K, reserved 1048576K

Card table byte_map: [0x00000000115e0000,0x00000000117f0000] byte_map_base: 0x0000000010fe0000

Marking Bits: (ParMarkBitMap*) 0x00000000777612b0
 Begin Bits: [0x0000000011d50000, 0x0000000012d50000)
 End Bits:   [0x0000000012d50000, 0x0000000013d50000)

Polling page: 0x00000000004f0000

CodeCache: size=245760Kb used=2084Kb max_used=2095Kb free=243675Kb
 bounds [0x0000000002220000, 0x0000000002490000, 0x0000000011220000]
 total_blobs=744 nmethods=479 adapters=179
 compilation: enabled

Compilation events (10 events):
Event: 5.368 Thread 0x0000000015cb7800 nmethod 475 0x0000000002428ed0 code [0x0000000002429060, 0x00000000024293e8]
Event: 5.368 Thread 0x0000000015cb7800  474       3       com.android.dx.cf.code.BytecodeArray$ConstantParserVisitor::visitConstant (18 bytes)
Event: 5.368 Thread 0x0000000015cb7800 nmethod 474 0x0000000002426450 code [0x00000000024265a0, 0x0000000002426710]
Event: 5.382 Thread 0x0000000015cb7800  477   !   3       com.android.dx.cf.code.BytecodeArray::parseInstruction (2764 bytes)
Event: 5.383 Thread 0x000000001494c800 nmethod 472 0x000000000242c710 code [0x000000000242c880, 0x000000000242ce18]
Event: 5.385 Thread 0x000000001490a800  493   !   4       com.android.dx.rop.cst.StdConstantPool::get (24 bytes)
Event: 5.386 Thread 0x000000001490a800 nmethod 493 0x0000000002429790 code [0x00000000024298c0, 0x0000000002429978]
Event: 5.387 Thread 0x000000001494c800  496       4       java.util.ArrayList$Itr::hasNext (20 bytes)
Event: 5.388 Thread 0x000000001494c800 nmethod 496 0x0000000002424a90 code [0x0000000002424bc0, 0x0000000002424c38]
Event: 5.389 Thread 0x000000001494c800  502       4       java.util.ArrayList$Itr::next (66 bytes)

GC Heap History (10 events):
Event: 4.280 GC heap before
{Heap before GC invocations=4 (full 0):
 PSYoungGen      total 1536K, used 1519K [0x00000000eab00000, 0x00000000eae00000, 0x0000000100000000)
  eden space 1024K, 99% used [0x00000000eab00000,0x00000000eabfe6d8,0x00000000eac00000)
  from space 512K, 97% used [0x00000000eac00000,0x00000000eac7d698,0x00000000eac80000)
  to   space 512K, 0% used [0x00000000ead80000,0x00000000ead80000,0x00000000eae00000)
 ParOldGen       total 64000K, used 558K [0x00000000c0000000, 0x00000000c3e80000, 0x00000000eab00000)
  object space 64000K, 0% used [0x00000000c0000000,0x00000000c008b900,0x00000000c3e80000)
 Metaspace       used 3780K, capacity 5040K, committed 5120K, reserved 1056768K
  class space    used 430K, capacity 488K, committed 512K, reserved 1048576K
Event: 4.428 GC heap after
Heap after GC invocations=4 (full 0):
 PSYoungGen      total 2560K, used 501K [0x00000000eab00000, 0x00000000eae00000, 0x0000000100000000)
  eden space 2048K, 0% used [0x00000000eab00000,0x00000000eab00000,0x00000000ead00000)
  from space 512K, 97% used [0x00000000ead80000,0x00000000eadfd698,0x00000000eae00000)
  to   space 512K, 0% used [0x00000000ead00000,0x00000000ead00000,0x00000000ead80000)
 ParOldGen       total 64000K, used 821K [0x00000000c0000000, 0x00000000c3e80000, 0x00000000eab00000)
  object space 64000K, 1% used [0x00000000c0000000,0x00000000c00cd718,0x00000000c3e80000)
 Metaspace       used 3780K, capacity 5040K, committed 5120K, reserved 1056768K
  class space    used 430K, capacity 488K, committed 512K, reserved 1048576K
}
Event: 4.797 GC heap before
{Heap before GC invocations=5 (full 0):
 PSYoungGen      total 2560K, used 2549K [0x00000000eab00000, 0x00000000eae00000, 0x0000000100000000)
  eden space 2048K, 100% used [0x00000000eab00000,0x00000000ead00000,0x00000000ead00000)
  from space 512K, 97% used [0x00000000ead80000,0x00000000eadfd698,0x00000000eae00000)
  to   space 512K, 0% used [0x00000000ead00000,0x00000000ead00000,0x00000000ead80000)
 ParOldGen       total 64000K, used 821K [0x00000000c0000000, 0x00000000c3e80000, 0x00000000eab00000)
  object space 64000K, 1% used [0x00000000c0000000,0x00000000c00cd718,0x00000000c3e80000)
 Metaspace       used 4206K, capacity 5456K, committed 5760K, reserved 1056768K
  class space    used 471K, capacity 520K, committed 640K, reserved 1048576K
Event: 4.945 GC heap after
Heap after GC invocations=5 (full 0):
 PSYoungGen      total 2560K, used 491K [0x00000000eab00000, 0x00000000eae00000, 0x0000000100000000)
  eden space 2048K, 0% used [0x00000000eab00000,0x00000000eab00000,0x00000000ead00000)
  from space 512K, 96% used [0x00000000ead00000,0x00000000ead7ae50,0x00000000ead80000)
  to   space 512K, 0% used [0x00000000ead80000,0x00000000ead80000,0x00000000eae00000)
 ParOldGen       total 64000K, used 1785K [0x00000000c0000000, 0x00000000c3e80000, 0x00000000eab00000)
  object space 64000K, 2% used [0x00000000c0000000,0x00000000c01be510,0x00000000c3e80000)
 Metaspace       used 4206K, capacity 5456K, committed 5760K, reserved 1056768K
  class space    used 471K, capacity 520K, committed 640K, reserved 1048576K
}
Event: 5.174 GC heap before
{Heap before GC invocations=6 (full 0):
 PSYoungGen      total 2560K, used 2539K [0x00000000eab00000, 0x00000000eae00000, 0x0000000100000000)
  eden space 2048K, 100% used [0x00000000eab00000,0x00000000ead00000,0x00000000ead00000)
  from space 512K, 96% used [0x00000000ead00000,0x00000000ead7ae50,0x00000000ead80000)
  to   space 512K, 0% used [0x00000000ead80000,0x00000000ead80000,0x00000000eae00000)
 ParOldGen       total 64000K, used 1785K [0x00000000c0000000, 0x00000000c3e80000, 0x00000000eab00000)
  object space 64000K, 2% used [0x00000000c0000000,0x00000000c01be510,0x00000000c3e80000)
 Metaspace       used 4867K, capacity 6032K, committed 6272K, reserved 1056768K
  class space    used 541K, capacity 584K, committed 640K, reserved 1048576K
Event: 5.208 GC heap after
Heap after GC invocations=6 (full 0):
 PSYoungGen      total 1536K, used 504K [0x00000000eab00000, 0x00000000eb200000, 0x0000000100000000)
  eden space 1024K, 0% used [0x00000000eab00000,0x00000000eab00000,0x00000000eac00000)
  from space 512K, 98% used [0x00000000ead80000,0x00000000eadfe010,0x00000000eae00000)
  to   space 1536K, 0% used [0x00000000eac00000,0x00000000eac00000,0x00000000ead80000)
 ParOldGen       total 64000K, used 2395K [0x00000000c0000000, 0x00000000c3e80000, 0x00000000eab00000)
  object space 64000K, 3% used [0x00000000c0000000,0x00000000c0256f70,0x00000000c3e80000)
 Metaspace       used 4867K, capacity 6032K, committed 6272K, reserved 1056768K
  class space    used 541K, capacity 584K, committed 640K, reserved 1048576K
}
Event: 5.244 GC heap before
{Heap before GC invocations=7 (full 0):
 PSYoungGen      total 1536K, used 1474K [0x00000000eab00000, 0x00000000eb200000, 0x0000000100000000)
  eden space 1024K, 94% used [0x00000000eab00000,0x00000000eabf2980,0x00000000eac00000)
  from space 512K, 98% used [0x00000000ead80000,0x00000000eadfe010,0x00000000eae00000)
  to   space 1536K, 0% used [0x00000000eac00000,0x00000000eac00000,0x00000000ead80000)
 ParOldGen       total 64000K, used 2395K [0x00000000c0000000, 0x00000000c3e80000, 0x00000000eab00000)
  object space 64000K, 3% used [0x00000000c0000000,0x00000000c0256f70,0x00000000c3e80000)
 Metaspace       used 5120K, capacity 6224K, committed 6528K, reserved 1056768K
  class space    used 569K, capacity 584K, committed 640K, reserved 1048576K
Event: 5.343 GC heap after
Heap after GC invocations=7 (full 0):
 PSYoungGen      total 2560K, used 528K [0x00000000eab00000, 0x00000000eb000000, 0x0000000100000000)
  eden space 1024K, 0% used [0x00000000eab00000,0x00000000eab00000,0x00000000eac00000)
  from space 1536K, 34% used [0x00000000eac00000,0x00000000eac84338,0x00000000ead80000)
  to   space 1536K, 0% used [0x00000000eae80000,0x00000000eae80000,0x00000000eb000000)
 ParOldGen       total 64000K, used 2739K [0x00000000c0000000, 0x00000000c3e80000, 0x00000000eab00000)
  object space 64000K, 4% used [0x00000000c0000000,0x00000000c02acfd0,0x00000000c3e80000)
 Metaspace       used 5120K, capacity 6224K, committed 6528K, reserved 1056768K
  class space    used 569K, capacity 584K, committed 640K, reserved 1048576K
}
Event: 5.368 GC heap before
{Heap before GC invocations=8 (full 0):
 PSYoungGen      total 2560K, used 1552K [0x00000000eab00000, 0x00000000eb000000, 0x0000000100000000)
  eden space 1024K, 100% used [0x00000000eab00000,0x00000000eac00000,0x00000000eac00000)
  from space 1536K, 34% used [0x00000000eac00000,0x00000000eac84338,0x00000000ead80000)
  to   space 1536K, 0% used [0x00000000eae80000,0x00000000eae80000,0x00000000eb000000)
 ParOldGen       total 64000K, used 2739K [0x00000000c0000000, 0x00000000c3e80000, 0x00000000eab00000)
  object space 64000K, 4% used [0x00000000c0000000,0x00000000c02acfd0,0x00000000c3e80000)
 Metaspace       used 5285K, capacity 6384K, committed 6528K, reserved 1056768K
  class space    used 580K, capacity 616K, committed 640K, reserved 1048576K
Event: 5.382 GC heap after
Heap after GC invocations=8 (full 0):
 PSYoungGen      total 3584K, used 839K [0x00000000eab00000, 0x00000000eb000000, 0x0000000100000000)
  eden space 2048K, 0% used [0x00000000eab00000,0x00000000eab00000,0x00000000ead00000)
  from space 1536K, 54% used [0x00000000eae80000,0x00000000eaf51c98,0x00000000eb000000)
  to   space 1536K, 0% used [0x00000000ead00000,0x00000000ead00000,0x00000000eae80000)
 ParOldGen       total 64000K, used 2803K [0x00000000c0000000, 0x00000000c3e80000, 0x00000000eab00000)
  object space 64000K, 4% used [0x00000000c0000000,0x00000000c02bcfd0,0x00000000c3e80000)
 Metaspace       used 5285K, capacity 6384K, committed 6528K, reserved 1056768K
  class space    used 580K, capacity 616K, committed 640K, reserved 1048576K
}

Deoptimization events (8 events):
Event: 4.946 Thread 0x0000000015dd4000 Uncommon trap: reason=class_check action=maybe_recompile pc=0x00000000023d7a90 method=com.android.dx.rop.cst.Constant.compareTo(Ljava/lang/Object;)I @ 2
Event: 4.946 Thread 0x0000000015dd4000 Uncommon trap: reason=class_check action=maybe_recompile pc=0x00000000023d7a90 method=com.android.dx.rop.cst.Constant.compareTo(Ljava/lang/Object;)I @ 2
Event: 4.946 Thread 0x0000000015dd4000 Uncommon trap: reason=class_check action=maybe_recompile pc=0x00000000023d7a90 method=com.android.dx.rop.cst.Constant.compareTo(Ljava/lang/Object;)I @ 2
Event: 4.946 Thread 0x0000000015dd4000 Uncommon trap: reason=class_check action=maybe_recompile pc=0x00000000023d7a90 method=com.android.dx.rop.cst.Constant.compareTo(Ljava/lang/Object;)I @ 2
Event: 5.360 Thread 0x0000000002121000 Uncommon trap: reason=class_check action=maybe_recompile pc=0x00000000023daf90 method=com.android.dx.rop.cst.CstMemberRef.compareTo0(Lcom/android/dx/rop/cst/Constant;)I @ 1
Event: 5.360 Thread 0x0000000015dce000 Uncommon trap: reason=class_check action=maybe_recompile pc=0x00000000023daf90 method=com.android.dx.rop.cst.CstMemberRef.compareTo0(Lcom/android/dx/rop/cst/Constant;)I @ 1
Event: 5.360 Thread 0x0000000015dce000 Uncommon trap: reason=class_check action=maybe_recompile pc=0x00000000023daf90 method=com.android.dx.rop.cst.CstMemberRef.compareTo0(Lcom/android/dx/rop/cst/Constant;)I @ 1
Event: 5.360 Thread 0x0000000015dd4000 Uncommon trap: reason=class_check action=maybe_recompile pc=0x00000000023daf90 method=com.android.dx.rop.cst.CstMemberRef.compareTo0(Lcom/android/dx/rop/cst/Constant;)I @ 1

Internal exceptions (10 events):
Event: 5.351 Thread 0x0000000015dd1800 Exception <a 'java/security/PrivilegedActionException'> (0x00000000eab72ca0) thrown at [C:\re\workspace\8-2-build-windows-amd64-cygwin\jdk8u11\648\hotspot\src\share\vm\prims\jvm.cpp, line 1248]
Event: 5.352 Thread 0x0000000015dd3000 Exception <a 'java/security/PrivilegedActionException'> (0x00000000eab47fb0) thrown at [C:\re\workspace\8-2-build-windows-amd64-cygwin\jdk8u11\648\hotspot\src\share\vm\prims\jvm.cpp, line 1248]
Event: 5.355 Thread 0x0000000015dd1800 Exception <a 'java/security/PrivilegedActionException'> (0x00000000eab76820) thrown at [C:\re\workspace\8-2-build-windows-amd64-cygwin\jdk8u11\648\hotspot\src\share\vm\prims\jvm.cpp, line 1248]
Event: 5.356 Thread 0x0000000002121000 Exception <a 'java/security/PrivilegedActionException'> (0x00000000eab44dc8) thrown at [C:\re\workspace\8-2-build-windows-amd64-cygwin\jdk8u11\648\hotspot\src\share\vm\prims\jvm.cpp, line 1248]
Event: 5.357 Thread 0x0000000002121000 Exception <a 'java/security/PrivilegedActionException'> (0x00000000eab8daf0) thrown at [C:\re\workspace\8-2-build-windows-amd64-cygwin\jdk8u11\648\hotspot\src\share\vm\prims\jvm.cpp, line 1248]
Event: 5.357 Thread 0x0000000002121000 Exception <a 'java/security/PrivilegedActionException'> (0x00000000eab94bd8) thrown at [C:\re\workspace\8-2-build-windows-amd64-cygwin\jdk8u11\648\hotspot\src\share\vm\prims\jvm.cpp, line 1248]
Event: 5.358 Thread 0x0000000002121000 Exception <a 'java/security/PrivilegedActionException'> (0x00000000eab9da68) thrown at [C:\re\workspace\8-2-build-windows-amd64-cygwin\jdk8u11\648\hotspot\src\share\vm\prims\jvm.cpp, line 1248]
Event: 5.359 Thread 0x0000000002121000 Exception <a 'java/security/PrivilegedActionException'> (0x00000000eaba3548) thrown at [C:\re\workspace\8-2-build-windows-amd64-cygwin\jdk8u11\648\hotspot\src\share\vm\prims\jvm.cpp, line 1248]
Event: 5.359 Thread 0x0000000002121000 Exception <a 'java/security/PrivilegedActionException'> (0x00000000eaba6940) thrown at [C:\re\workspace\8-2-build-windows-amd64-cygwin\jdk8u11\648\hotspot\src\share\vm\prims\jvm.cpp, line 1248]
Event: 5.360 Thread 0x0000000002121000 Exception <a 'java/security/PrivilegedActionException'> (0x00000000eabadd30) thrown at [C:\re\workspace\8-2-build-windows-amd64-cygwin\jdk8u11\648\hotspot\src\share\vm\prims\jvm.cpp, line 1248]

Events (10 events):
Event: 5.360 Thread 0x0000000015dce000 Uncommon trap: trap_request=0xffffffde fr.pc=0x00000000023daf90
Event: 5.360 Thread 0x0000000015dce000 DEOPT PACKING pc=0x00000000023daf90 sp=0x000000001685ed60
Event: 5.360 Thread 0x0000000015dce000 DEOPT UNPACKING pc=0x00000000022655af sp=0x000000001685ece8 mode 2
Event: 5.360 Thread 0x0000000015dd4000 Uncommon trap: trap_request=0xffffffde fr.pc=0x00000000023daf90
Event: 5.360 Thread 0x0000000015dd4000 DEOPT PACKING pc=0x00000000023daf90 sp=0x0000000016c5e8c0
Event: 5.360 Thread 0x0000000015dd4000 DEOPT UNPACKING pc=0x00000000022655af sp=0x0000000016c5e848 mode 2
Event: 5.360 loading class com/android/dx/cf/code/BytecodeArray$ConstantParserVisitor
Event: 5.360 loading class com/android/dx/cf/code/BytecodeArray$ConstantParserVisitor done
Event: 5.368 Executing VM operation: ParallelGCFailedAllocation
Event: 5.382 Executing VM operation: ParallelGCFailedAllocation done


Dynamic libraries:
0x00007ff70ec20000 - 0x00007ff70ec54000 	C:\Program Files\Java\jdk1.8.0_11\bin\java.exe
0x00007ffa69510000 - 0x00007ffa696b9000 	C:\Windows\SYSTEM32\ntdll.dll
0x00007ffa69250000 - 0x00007ffa69389000 	C:\Windows\system32\KERNEL32.DLL
0x00007ffa66b40000 - 0x00007ffa66c4e000 	C:\Windows\system32\KERNELBASE.dll
0x00007ffa654c0000 - 0x00007ffa6554b000 	C:\Windows\system32\apphelp.dll
0x00007ffa5ccb0000 - 0x00007ffa5ccff000 	C:\Windows\AppPatch\AppPatch64\AcGenral.DLL
0x00007ffa66e60000 - 0x00007ffa66f07000 	C:\Windows\system32\msvcrt.dll
0x00007ffa66670000 - 0x00007ffa6669b000 	C:\Windows\SYSTEM32\SspiCli.dll
0x00007ffa67050000 - 0x00007ffa670a1000 	C:\Windows\system32\SHLWAPI.dll
0x00007ffa676b0000 - 0x00007ffa67821000 	C:\Windows\system32\USER32.dll
0x00007ffa69390000 - 0x00007ffa69506000 	C:\Windows\system32\ole32.dll
0x00007ffa67be0000 - 0x00007ffa68fef000 	C:\Windows\system32\SHELL32.dll
0x00007ffa65e10000 - 0x00007ffa65e2f000 	C:\Windows\SYSTEM32\USERENV.dll
0x00007ffa670b0000 - 0x00007ffa67155000 	C:\Windows\system32\ADVAPI32.dll
0x00007ffa5e950000 - 0x00007ffa5e96b000 	C:\Windows\SYSTEM32\MPR.dll
0x00007ffa67310000 - 0x00007ffa67446000 	C:\Windows\system32\RPCRT4.dll
0x00007ffa67b80000 - 0x00007ffa67bd7000 	C:\Windows\SYSTEM32\sechost.dll
0x00007ffa679a0000 - 0x00007ffa67b77000 	C:\Windows\SYSTEM32\combase.dll
0x00007ffa67160000 - 0x00007ffa672a5000 	C:\Windows\system32\GDI32.dll
0x00007ffa66890000 - 0x00007ffa668a4000 	C:\Windows\SYSTEM32\profapi.dll
0x00007ffa64ee0000 - 0x00007ffa64f81000 	C:\Windows\SYSTEM32\SHCORE.dll
0x00007ffa67670000 - 0x00007ffa676a4000 	C:\Windows\system32\IMM32.DLL
0x00007ffa66f10000 - 0x00007ffa67048000 	C:\Windows\system32\MSCTF.dll
0x00007ffa64240000 - 0x00007ffa6449a000 	C:\Windows\WinSxS\amd64_microsoft.windows.common-controls_6595b64144ccf1df_6.0.9600.16384_none_62475f7becb72503\COMCTL32.dll
0x0000000076910000 - 0x00000000769e2000 	C:\Program Files\Java\jdk1.8.0_11\jre\bin\msvcr100.dll
0x0000000076fb0000 - 0x00000000777da000 	C:\Program Files\Java\jdk1.8.0_11\jre\bin\server\jvm.dll
0x00007ffa5e450000 - 0x00007ffa5e459000 	C:\Windows\SYSTEM32\WSOCK32.dll
0x00007ffa5d600000 - 0x00007ffa5d61f000 	C:\Windows\SYSTEM32\WINMM.dll
0x00007ffa691d0000 - 0x00007ffa691d7000 	C:\Windows\system32\PSAPI.DLL
0x00007ffa691e0000 - 0x00007ffa69238000 	C:\Windows\system32\WS2_32.dll
0x00007ffa5d5d0000 - 0x00007ffa5d5fa000 	C:\Windows\SYSTEM32\WINMMBASE.dll
0x00007ffa67990000 - 0x00007ffa67999000 	C:\Windows\system32\NSI.dll
0x00007ffa66d00000 - 0x00007ffa66d4a000 	C:\Windows\SYSTEM32\cfgmgr32.dll
0x00007ffa65740000 - 0x00007ffa65766000 	C:\Windows\SYSTEM32\DEVOBJ.dll
0x0000000076ec0000 - 0x0000000076ecf000 	C:\Program Files\Java\jdk1.8.0_11\jre\bin\verify.dll
0x0000000076e90000 - 0x0000000076eb8000 	C:\Program Files\Java\jdk1.8.0_11\jre\bin\java.dll
0x0000000076e70000 - 0x0000000076e86000 	C:\Program Files\Java\jdk1.8.0_11\jre\bin\zip.dll

VM Arguments:
jvm_args: -Djava.awt.headless=true -Xmx1024M -Dfile.encoding=GBK -Duser.country=US -Duser.language=en -Duser.variant 
java_command: com.android.dx.command.Main --dex --num-threads=4 --output E:\java\android\NetMT\app\build\intermediates\pre-dexed\debug\debug_f94e6d5af4befcf572da60bc4801ae205eb5732d.jar E:\java\android\NetMT\app\build\intermediates\classes\debug
java_class_path (initial): C:\Users\Administrator\AppData\Local\Android\sdk\build-tools\23.0.2\lib\dx.jar
Launcher Type: SUN_STANDARD

Environment Variables:
JAVA_HOME=C:\Program Files\Java\jdk1.8.0_11
PATH=C:\Windows\system32;C:\Windows;C:\Windows\System32\Wbem;C:\Windows\System32\WindowsPowerShell\v1.0\;C:\Program Files (x86)\ATI Technologies\ATI.ACE\Core-Static;0x0.000000p-1022ndroid;D:\Java\jdk1.7.0_17\bin;C:\Program Files (x86)\Microsoft SQL Server\100\Tools\Binn\;C:\Program Files\Microsoft SQL Server\100\Tools\Binn\;C:\Program Files\Microsoft SQL Server\100\DTS\Binn\;D:\TortoiseSVN\bin;D:\Java\jdk1.7.0_17\bin
USERNAME=KingHacker
OS=Windows_NT
PROCESSOR_IDENTIFIER=Intel64 Family 6 Model 42 Stepping 7, GenuineIntel



---------------  S Y S T E M  ---------------

OS: Windows 8.1 , 64 bit Build 9600 

CPU:total 4 (2 cores per cpu, 2 threads per core) family 6 model 42 stepping 7, cmov, cx8, fxsr, mmx, sse, sse2, sse3, ssse3, sse4.1, sse4.2, popcnt, avx, aes, clmul, ht, tsc, tscinvbit

Memory: 4k page, physical 4136812k(754908k free), swap 16719724k(5104k free)

vm_info: Java HotSpot(TM) 64-Bit Server VM (25.11-b03) for windows-amd64 JRE (1.8.0_11-b12), built on Jun 16 2014 20:57:32 by "java_re" with MS VC++ 10.0 (VS2010)

time: Fri Mar 18 14:11:01 2016
elapsed time: 5 seconds

