#
# There is insufficient memory for the Java Runtime Environment to continue.
# Native memory allocation (malloc) failed to allocate 137776 bytes for Chunk::new
# Possible reasons:
#   The system is out of physical RAM or swap space
#   In 32 bit mode, the process size limit was hit
# Possible solutions:
#   Reduce memory load on the system
#   Increase physical memory or swap space
#   Check if swap backing store is full
#   Use 64 bit Java on a 64 bit OS
#   Decrease Java heap size (-Xmx/-Xms)
#   Decrease number of Java threads
#   Decrease Java thread stack sizes (-Xss)
#   Set larger code cache with -XX:ReservedCodeCacheSize=
# This output file may be truncated or incomplete.
#
#  Out of Memory Error (allocation.cpp:388), pid=9732, tid=1516
#
# JRE version: Java(TM) SE Runtime Environment (8.0_11-b12) (build 1.8.0_11-b12)
# Java VM: Java HotSpot(TM) 64-Bit Server VM (25.11-b03 mixed mode windows-amd64 compressed oops)
# Failed to write core dump. Minidumps are not enabled by default on client versions of Windows
#

---------------  T H R E A D  ---------------

Current thread (0x0000000016ac2800):  JavaThread "C2 CompilerThread0" daemon [_thread_in_native, id=1516, stack(0x0000000017080000,0x0000000017180000)]

Stack: [0x0000000017080000,0x0000000017180000]
[error occurred during error reporting (printing stack bounds), id 0xc0000005]

Native frames: (J=compiled Java code, j=interpreted, Vv=VM code, C=native code)
V  [jvm.dll+0x308eca]


Current CompileTask:
C2:   2620  923       4       com.android.dx.ssa.RegisterMapper::map (63 bytes)


---------------  P R O C E S S  ---------------

Java Threads: ( => current thread )
  0x0000000016c24000 JavaThread "pool-1-thread-4" [_thread_blocked, id=9536, stack(0x0000000017980000,0x0000000017a80000)]
  0x0000000016c22000 JavaThread "pool-1-thread-3" [_thread_in_Java, id=8352, stack(0x0000000017880000,0x0000000017980000)]
  0x0000000016c01000 JavaThread "pool-1-thread-2" [_thread_blocked, id=7648, stack(0x0000000017780000,0x0000000017880000)]
  0x0000000016be8800 JavaThread "pool-2-thread-1" [_thread_blocked, id=7492, stack(0x0000000017680000,0x0000000017780000)]
  0x0000000016be0000 JavaThread "pool-1-thread-1" [_thread_blocked, id=8136, stack(0x0000000017580000,0x0000000017680000)]
  0x0000000016ade000 JavaThread "Service Thread" daemon [_thread_blocked, id=4312, stack(0x0000000017380000,0x0000000017480000)]
  0x000000001577e800 JavaThread "C1 CompilerThread2" daemon [_thread_in_native_trans, id=9360, stack(0x0000000017280000,0x0000000017380000)]
  0x000000001577d800 JavaThread "C2 CompilerThread1" daemon [_thread_in_native, id=9004, stack(0x0000000017180000,0x0000000017280000)]
=>0x0000000016ac2800 JavaThread "C2 CompilerThread0" daemon [_thread_in_native, id=1516, stack(0x0000000017080000,0x0000000017180000)]
  0x0000000015732000 JavaThread "Attach Listener" daemon [_thread_blocked, id=2036, stack(0x0000000016f80000,0x0000000017080000)]
  0x0000000015731000 JavaThread "Signal Dispatcher" daemon [_thread_blocked, id=9724, stack(0x0000000016e80000,0x0000000016f80000)]
  0x0000000003044800 JavaThread "Finalizer" daemon [_thread_blocked, id=5024, stack(0x0000000016980000,0x0000000016a80000)]
  0x00000000156e7800 JavaThread "Reference Handler" daemon [_thread_blocked, id=8920, stack(0x0000000016880000,0x0000000016980000)]
  0x0000000002f51000 JavaThread "main" [_thread_in_native, id=6832, stack(0x0000000002dd0000,0x0000000002ed0000)]

Other Threads:
  0x00000000156e6000 VMThread [stack: 0x0000000016780000,0x0000000016880000] [id=4156]
  0x0000000016af9800 WatcherThread [stack: 0x0000000017480000,0x0000000017580000] [id=8664]

VM state:not at safepoint (normal execution)

VM Mutex/Monitor currently owned by a thread: None

Heap:
 PSYoungGen      total 5632K, used 5415K [0x00000000eab00000, 0x00000000eb200000, 0x0000000100000000)
  eden space 4096K, 95% used [0x00000000eab00000,0x00000000eaed1e28,0x00000000eaf00000)
  from space 1536K, 97% used [0x00000000eaf00000,0x00000000eb078018,0x00000000eb080000)
  to   space 1536K, 0% used [0x00000000eb080000,0x00000000eb080000,0x00000000eb200000)
 ParOldGen       total 64000K, used 2201K [0x00000000c0000000, 0x00000000c3e80000, 0x00000000eab00000)
  object space 64000K, 3% used [0x00000000c0000000,0x00000000c02267f8,0x00000000c3e80000)
 Metaspace       used 5605K, capacity 6704K, committed 6784K, reserved 1056768K
  class space    used 585K, capacity 616K, committed 640K, reserved 1048576K

Card table byte_map: [0x0000000012410000,0x0000000012620000] byte_map_base: 0x0000000011e10000

Marking Bits: (ParMarkBitMap*) 0x00000000777612b0
 Begin Bits: [0x0000000012b80000, 0x0000000013b80000)
 End Bits:   [0x0000000013b80000, 0x0000000014b80000)

Polling page: 0x00000000012b0000

CodeCache: size=245760Kb used=3606Kb max_used=3606Kb free=242153Kb
 bounds [0x0000000003050000, 0x00000000033e0000, 0x0000000012050000]
 total_blobs=1189 nmethods=923 adapters=180
 compilation: enabled

Compilation events (10 events):
Event: 2.614 Thread 0x000000001577d800  922       4       com.android.dx.util.FixedSizeList::equals (41 bytes)
Event: 2.614 Thread 0x0000000016ac2800  923       4       com.android.dx.ssa.RegisterMapper::map (63 bytes)
Event: 2.615 Thread 0x000000001577e800 nmethod 921 0x00000000033cfb10 code [0x00000000033cfda0, 0x00000000033d0dc8]
Event: 2.615 Thread 0x000000001577e800  919       3       com.android.dx.rop.type.Prototype::withFirstParameter (68 bytes)
Event: 2.616 Thread 0x000000001577e800 nmethod 919 0x00000000033d1710 code [0x00000000033d1940, 0x00000000033d24b8]
Event: 2.616 Thread 0x000000001577e800  916       3       com.android.dx.rop.code.Insn$BaseVisitor::visitThrowingCstInsn (1 bytes)
Event: 2.616 Thread 0x000000001577e800 nmethod 916 0x00000000033d29d0 code [0x00000000033d2b20, 0x00000000033d2c70]
Event: 2.616 Thread 0x000000001577e800  917       3       com.android.dx.dex.code.RopTranslator$LocalVariableAwareTranslationVisitor::visitThrowingCstInsn (11 bytes)
Event: 2.617 Thread 0x000000001577e800 nmethod 917 0x00000000033d2d10 code [0x00000000033d2f20, 0x00000000033d39b8]
Event: 2.617 Thread 0x000000001577e800  918       3       com.android.dx.dex.code.RopTranslator$TranslationVisitor::visitThrowingCstInsn (225 bytes)

GC Heap History (10 events):
Event: 1.715 GC heap before
{Heap before GC invocations=3 (full 0):
 PSYoungGen      total 1536K, used 1525K [0x00000000eab00000, 0x00000000ead00000, 0x0000000100000000)
  eden space 1024K, 100% used [0x00000000eab00000,0x00000000eac00000,0x00000000eac00000)
  from space 512K, 97% used [0x00000000eac80000,0x00000000eacfd698,0x00000000ead00000)
  to   space 512K, 0% used [0x00000000eac00000,0x00000000eac00000,0x00000000eac80000)
 ParOldGen       total 64000K, used 288K [0x00000000c0000000, 0x00000000c3e80000, 0x00000000eab00000)
  object space 64000K, 0% used [0x00000000c0000000,0x00000000c0048000,0x00000000c3e80000)
 Metaspace       used 3472K, capacity 4784K, committed 5120K, reserved 1056768K
  class space    used 382K, capacity 424K, committed 512K, reserved 1048576K
Event: 1.725 GC heap after
Heap after GC invocations=3 (full 0):
 PSYoungGen      total 1536K, used 488K [0x00000000eab00000, 0x00000000eae00000, 0x0000000100000000)
  eden space 1024K, 0% used [0x00000000eab00000,0x00000000eab00000,0x00000000eac00000)
  from space 512K, 95% used [0x00000000eac00000,0x00000000eac7a020,0x00000000eac80000)
  to   space 512K, 0% used [0x00000000ead80000,0x00000000ead80000,0x00000000eae00000)
 ParOldGen       total 64000K, used 582K [0x00000000c0000000, 0x00000000c3e80000, 0x00000000eab00000)
  object space 64000K, 0% used [0x00000000c0000000,0x00000000c00919b8,0x00000000c3e80000)
 Metaspace       used 3472K, capacity 4784K, committed 5120K, reserved 1056768K
  class space    used 382K, capacity 424K, committed 512K, reserved 1048576K
}
Event: 1.858 GC heap before
{Heap before GC invocations=4 (full 0):
 PSYoungGen      total 1536K, used 1512K [0x00000000eab00000, 0x00000000eae00000, 0x0000000100000000)
  eden space 1024K, 100% used [0x00000000eab00000,0x00000000eac00000,0x00000000eac00000)
  from space 512K, 95% used [0x00000000eac00000,0x00000000eac7a020,0x00000000eac80000)
  to   space 512K, 0% used [0x00000000ead80000,0x00000000ead80000,0x00000000eae00000)
 ParOldGen       total 64000K, used 582K [0x00000000c0000000, 0x00000000c3e80000, 0x00000000eab00000)
  object space 64000K, 0% used [0x00000000c0000000,0x00000000c00919b8,0x00000000c3e80000)
 Metaspace       used 3782K, capacity 5040K, committed 5120K, reserved 1056768K
  class space    used 430K, capacity 488K, committed 512K, reserved 1048576K
Event: 1.880 GC heap after
Heap after GC invocations=4 (full 0):
 PSYoungGen      total 2560K, used 504K [0x00000000eab00000, 0x00000000eae00000, 0x0000000100000000)
  eden space 2048K, 0% used [0x00000000eab00000,0x00000000eab00000,0x00000000ead00000)
  from space 512K, 98% used [0x00000000ead80000,0x00000000eadfe010,0x00000000eae00000)
  to   space 512K, 0% used [0x00000000ead00000,0x00000000ead00000,0x00000000ead80000)
 ParOldGen       total 64000K, used 879K [0x00000000c0000000, 0x00000000c3e80000, 0x00000000eab00000)
  object space 64000K, 1% used [0x00000000c0000000,0x00000000c00dbeb0,0x00000000c3e80000)
 Metaspace       used 3782K, capacity 5040K, committed 5120K, reserved 1056768K
  class space    used 430K, capacity 488K, committed 512K, reserved 1048576K
}
Event: 1.982 GC heap before
{Heap before GC invocations=5 (full 0):
 PSYoungGen      total 2560K, used 2552K [0x00000000eab00000, 0x00000000eae00000, 0x0000000100000000)
  eden space 2048K, 100% used [0x00000000eab00000,0x00000000ead00000,0x00000000ead00000)
  from space 512K, 98% used [0x00000000ead80000,0x00000000eadfe010,0x00000000eae00000)
  to   space 512K, 0% used [0x00000000ead00000,0x00000000ead00000,0x00000000ead80000)
 ParOldGen       total 64000K, used 879K [0x00000000c0000000, 0x00000000c3e80000, 0x00000000eab00000)
  object space 64000K, 1% used [0x00000000c0000000,0x00000000c00dbeb0,0x00000000c3e80000)
 Metaspace       used 4245K, capacity 5456K, committed 5760K, reserved 1056768K
  class space    used 475K, capacity 520K, committed 640K, reserved 1048576K
Event: 1.996 GC heap after
Heap after GC invocations=5 (full 0):
 PSYoungGen      total 2560K, used 504K [0x00000000eab00000, 0x00000000eb200000, 0x0000000100000000)
  eden space 2048K, 0% used [0x00000000eab00000,0x00000000eab00000,0x00000000ead00000)
  from space 512K, 98% used [0x00000000ead00000,0x00000000ead7e010,0x00000000ead80000)
  to   space 1536K, 0% used [0x00000000eb080000,0x00000000eb080000,0x00000000eb200000)
 ParOldGen       total 64000K, used 1706K [0x00000000c0000000, 0x00000000c3e80000, 0x00000000eab00000)
  object space 64000K, 2% used [0x00000000c0000000,0x00000000c01aa8c0,0x00000000c3e80000)
 Metaspace       used 4245K, capacity 5456K, committed 5760K, reserved 1056768K
  class space    used 475K, capacity 520K, committed 640K, reserved 1048576K
}
Event: 2.092 GC heap before
{Heap before GC invocations=6 (full 0):
 PSYoungGen      total 2560K, used 2552K [0x00000000eab00000, 0x00000000eb200000, 0x0000000100000000)
  eden space 2048K, 100% used [0x00000000eab00000,0x00000000ead00000,0x00000000ead00000)
  from space 512K, 98% used [0x00000000ead00000,0x00000000ead7e010,0x00000000ead80000)
  to   space 1536K, 0% used [0x00000000eb080000,0x00000000eb080000,0x00000000eb200000)
 ParOldGen       total 64000K, used 1706K [0x00000000c0000000, 0x00000000c3e80000, 0x00000000eab00000)
  object space 64000K, 2% used [0x00000000c0000000,0x00000000c01aa8c0,0x00000000c3e80000)
 Metaspace       used 4869K, capacity 6032K, committed 6272K, reserved 1056768K
  class space    used 541K, capacity 584K, committed 640K, reserved 1048576K
Event: 2.094 GC heap after
Heap after GC invocations=6 (full 0):
 PSYoungGen      total 5632K, used 1256K [0x00000000eab00000, 0x00000000eb200000, 0x0000000100000000)
  eden space 4096K, 0% used [0x00000000eab00000,0x00000000eab00000,0x00000000eaf00000)
  from space 1536K, 81% used [0x00000000eb080000,0x00000000eb1ba310,0x00000000eb200000)
  to   space 1536K, 0% used [0x00000000eaf00000,0x00000000eaf00000,0x00000000eb080000)
 ParOldGen       total 64000K, used 1706K [0x00000000c0000000, 0x00000000c3e80000, 0x00000000eab00000)
  object space 64000K, 2% used [0x00000000c0000000,0x00000000c01aa8c0,0x00000000c3e80000)
 Metaspace       used 4869K, capacity 6032K, committed 6272K, reserved 1056768K
  class space    used 541K, capacity 584K, committed 640K, reserved 1048576K
}
Event: 2.358 GC heap before
{Heap before GC invocations=7 (full 0):
 PSYoungGen      total 5632K, used 5352K [0x00000000eab00000, 0x00000000eb200000, 0x0000000100000000)
  eden space 4096K, 100% used [0x00000000eab00000,0x00000000eaf00000,0x00000000eaf00000)
  from space 1536K, 81% used [0x00000000eb080000,0x00000000eb1ba310,0x00000000eb200000)
  to   space 1536K, 0% used [0x00000000eaf00000,0x00000000eaf00000,0x00000000eb080000)
 ParOldGen       total 64000K, used 1706K [0x00000000c0000000, 0x00000000c3e80000, 0x00000000eab00000)
  object space 64000K, 2% used [0x00000000c0000000,0x00000000c01aa8c0,0x00000000c3e80000)
 Metaspace       used 5446K, capacity 6576K, committed 6784K, reserved 1056768K
  class space    used 583K, capacity 616K, committed 640K, reserved 1048576K
Event: 2.361 GC heap after
Heap after GC invocations=7 (full 0):
 PSYoungGen      total 5632K, used 1504K [0x00000000eab00000, 0x00000000eb200000, 0x0000000100000000)
  eden space 4096K, 0% used [0x00000000eab00000,0x00000000eab00000,0x00000000eaf00000)
  from space 1536K, 97% used [0x00000000eaf00000,0x00000000eb078018,0x00000000eb080000)
  to   space 1536K, 0% used [0x00000000eb080000,0x00000000eb080000,0x00000000eb200000)
 ParOldGen       total 64000K, used 2201K [0x00000000c0000000, 0x00000000c3e80000, 0x00000000eab00000)
  object space 64000K, 3% used [0x00000000c0000000,0x00000000c02267f8,0x00000000c3e80000)
 Metaspace       used 5446K, capacity 6576K, committed 6784K, reserved 1056768K
  class space    used 583K, capacity 616K, committed 640K, reserved 1048576K
}

Deoptimization events (8 events):
Event: 2.168 Thread 0x0000000002f51000 Uncommon trap: reason=class_check action=maybe_recompile pc=0x00000000031ff090 method=com.android.dx.rop.cst.CstMemberRef.compareTo0(Lcom/android/dx/rop/cst/Constant;)I @ 1
Event: 2.168 Thread 0x0000000016c01000 Uncommon trap: reason=class_check action=maybe_recompile pc=0x00000000031ff090 method=com.android.dx.rop.cst.CstMemberRef.compareTo0(Lcom/android/dx/rop/cst/Constant;)I @ 1
Event: 2.168 Thread 0x0000000016c01000 Uncommon trap: reason=class_check action=maybe_recompile pc=0x00000000031ff090 method=com.android.dx.rop.cst.CstMemberRef.compareTo0(Lcom/android/dx/rop/cst/Constant;)I @ 1
Event: 2.168 Thread 0x0000000016c01000 Uncommon trap: reason=class_check action=maybe_recompile pc=0x00000000031ff090 method=com.android.dx.rop.cst.CstMemberRef.compareTo0(Lcom/android/dx/rop/cst/Constant;)I @ 1
Event: 2.420 Thread 0x0000000016c24000 Uncommon trap: reason=bimorphic action=maybe_recompile pc=0x000000000333b1c4 method=com.android.dx.cf.iface.StdAttributeList.findFirst(Ljava/lang/String;)Lcom/android/dx/cf/iface/Attribute; @ 21
Event: 2.420 Thread 0x0000000016c24000 Uncommon trap: reason=bimorphic action=maybe_recompile pc=0x000000000333b1c4 method=com.android.dx.cf.iface.StdAttributeList.findFirst(Ljava/lang/String;)Lcom/android/dx/cf/iface/Attribute; @ 21
Event: 2.420 Thread 0x0000000016c24000 Uncommon trap: reason=bimorphic action=maybe_recompile pc=0x000000000333b1c4 method=com.android.dx.cf.iface.StdAttributeList.findFirst(Ljava/lang/String;)Lcom/android/dx/cf/iface/Attribute; @ 21
Event: 2.420 Thread 0x0000000016c24000 Uncommon trap: reason=bimorphic action=maybe_recompile pc=0x000000000333b1c4 method=com.android.dx.cf.iface.StdAttributeList.findFirst(Ljava/lang/String;)Lcom/android/dx/cf/iface/Attribute; @ 21

Internal exceptions (10 events):
Event: 2.167 Thread 0x0000000002f51000 Exception <a 'java/security/PrivilegedActionException'> (0x00000000eac996f0) thrown at [C:\re\workspace\8-2-build-windows-amd64-cygwin\jdk8u11\648\hotspot\src\share\vm\prims\jvm.cpp, line 1248]
Event: 2.168 Thread 0x0000000002f51000 Exception <a 'java/security/PrivilegedActionException'> (0x00000000eaca0a38) thrown at [C:\re\workspace\8-2-build-windows-amd64-cygwin\jdk8u11\648\hotspot\src\share\vm\prims\jvm.cpp, line 1248]
Event: 2.327 Thread 0x0000000002f51000 Exception <a 'java/security/PrivilegedActionException'> (0x00000000eaded8f0) thrown at [C:\re\workspace\8-2-build-windows-amd64-cygwin\jdk8u11\648\hotspot\src\share\vm\prims\jvm.cpp, line 1248]
Event: 2.328 Thread 0x0000000002f51000 Exception <a 'java/security/PrivilegedActionException'> (0x00000000eadf0060) thrown at [C:\re\workspace\8-2-build-windows-amd64-cygwin\jdk8u11\648\hotspot\src\share\vm\prims\jvm.cpp, line 1248]
Event: 2.334 Thread 0x0000000002f51000 Exception <a 'java/security/PrivilegedActionException'> (0x00000000eadf90e8) thrown at [C:\re\workspace\8-2-build-windows-amd64-cygwin\jdk8u11\648\hotspot\src\share\vm\prims\jvm.cpp, line 1248]
Event: 2.342 Thread 0x0000000016c24000 Exception <a 'java/security/PrivilegedActionException'> (0x00000000eae59b30) thrown at [C:\re\workspace\8-2-build-windows-amd64-cygwin\jdk8u11\648\hotspot\src\share\vm\prims\jvm.cpp, line 1248]
Event: 2.356 Thread 0x0000000016be0000 Exception <a 'java/security/PrivilegedActionException'> (0x00000000eaef7b58) thrown at [C:\re\workspace\8-2-build-windows-amd64-cygwin\jdk8u11\648\hotspot\src\share\vm\prims\jvm.cpp, line 1248]
Event: 2.377 Thread 0x0000000002f51000 Exception <a 'java/security/PrivilegedActionException'> (0x00000000eab21a90) thrown at [C:\re\workspace\8-2-build-windows-amd64-cygwin\jdk8u11\648\hotspot\src\share\vm\prims\jvm.cpp, line 1248]
Event: 2.378 Thread 0x0000000002f51000 Exception <a 'java/security/PrivilegedActionException'> (0x00000000eab5b990) thrown at [C:\re\workspace\8-2-build-windows-amd64-cygwin\jdk8u11\648\hotspot\src\share\vm\prims\jvm.cpp, line 1248]
Event: 2.431 Thread 0x0000000016be0000 Exception <a 'java/security/PrivilegedActionException'> (0x00000000eab318a0) thrown at [C:\re\workspace\8-2-build-windows-amd64-cygwin\jdk8u11\648\hotspot\src\share\vm\prims\jvm.cpp, line 1248]

Events (10 events):
Event: 2.420 Thread 0x0000000016c24000 DEOPT PACKING pc=0x000000000333b1c4 sp=0x0000000017a7ec10
Event: 2.420 Thread 0x0000000016c24000 DEOPT UNPACKING pc=0x00000000030955af sp=0x0000000017a7ebb0 mode 2
Event: 2.420 Thread 0x0000000016c24000 Uncommon trap: trap_request=0xffffffc6 fr.pc=0x000000000333b1c4
Event: 2.420 Thread 0x0000000016c24000 DEOPT PACKING pc=0x000000000333b1c4 sp=0x0000000017a7ec10
Event: 2.420 Thread 0x0000000016c24000 DEOPT UNPACKING pc=0x00000000030955af sp=0x0000000017a7ebb0 mode 2
Event: 2.420 Thread 0x0000000016c24000 Uncommon trap: trap_request=0xffffffc6 fr.pc=0x000000000333b1c4
Event: 2.420 Thread 0x0000000016c24000 DEOPT PACKING pc=0x000000000333b1c4 sp=0x0000000017a7ecd0
Event: 2.420 Thread 0x0000000016c24000 DEOPT UNPACKING pc=0x00000000030955af sp=0x0000000017a7ec70 mode 2
Event: 2.431 loading class com/android/dx/ssa/back/FirstFitLocalCombiningAllocator$Multiset
Event: 2.431 loading class com/android/dx/ssa/back/FirstFitLocalCombiningAllocator$Multiset done


Dynamic libraries:
0x00007ff732c90000 - 0x00007ff732cc4000 	C:\Program Files\Java\jdk1.8.0_11\bin\java.exe
0x00007ffa69510000 - 0x00007ffa696b9000 	C:\Windows\SYSTEM32\ntdll.dll
0x00007ffa69250000 - 0x00007ffa69389000 	C:\Windows\system32\KERNEL32.DLL
0x00007ffa66b40000 - 0x00007ffa66c4e000 	C:\Windows\system32\KERNELBASE.dll
0x00007ffa654c0000 - 0x00007ffa6554b000 	C:\Windows\system32\apphelp.dll
0x00007ffa64b50000 - 0x00007ffa64b9f000 	C:\Windows\AppPatch\AppPatch64\AcGenral.DLL
0x00007ffa66e60000 - 0x00007ffa66f07000 	C:\Windows\system32\msvcrt.dll
0x00007ffa66670000 - 0x00007ffa6669b000 	C:\Windows\SYSTEM32\SspiCli.dll
0x00007ffa67050000 - 0x00007ffa670a1000 	C:\Windows\system32\SHLWAPI.dll
0x00007ffa676b0000 - 0x00007ffa67821000 	C:\Windows\system32\USER32.dll
0x00007ffa69390000 - 0x00007ffa69506000 	C:\Windows\system32\ole32.dll
0x00007ffa67be0000 - 0x00007ffa68fef000 	C:\Windows\system32\SHELL32.dll
0x00007ffa65e10000 - 0x00007ffa65e2f000 	C:\Windows\SYSTEM32\USERENV.dll
0x00007ffa670b0000 - 0x00007ffa67155000 	C:\Windows\system32\ADVAPI32.dll
0x00007ffa5e950000 - 0x00007ffa5e96b000 	C:\Windows\SYSTEM32\MPR.dll
0x00007ffa67310000 - 0x00007ffa67446000 	C:\Windows\system32\RPCRT4.dll
0x00007ffa67b80000 - 0x00007ffa67bd7000 	C:\Windows\SYSTEM32\sechost.dll
0x00007ffa679a0000 - 0x00007ffa67b77000 	C:\Windows\SYSTEM32\combase.dll
0x00007ffa67160000 - 0x00007ffa672a5000 	C:\Windows\system32\GDI32.dll
0x00007ffa66890000 - 0x00007ffa668a4000 	C:\Windows\SYSTEM32\profapi.dll
0x00007ffa64ee0000 - 0x00007ffa64f81000 	C:\Windows\SYSTEM32\SHCORE.dll
0x00007ffa67670000 - 0x00007ffa676a4000 	C:\Windows\system32\IMM32.DLL
0x00007ffa66f10000 - 0x00007ffa67048000 	C:\Windows\system32\MSCTF.dll
0x00007ffa64240000 - 0x00007ffa6449a000 	C:\Windows\WinSxS\amd64_microsoft.windows.common-controls_6595b64144ccf1df_6.0.9600.16384_none_62475f7becb72503\COMCTL32.dll
0x0000000076910000 - 0x00000000769e2000 	C:\Program Files\Java\jdk1.8.0_11\jre\bin\msvcr100.dll
0x0000000076fb0000 - 0x00000000777da000 	C:\Program Files\Java\jdk1.8.0_11\jre\bin\server\jvm.dll
0x00007ffa5e450000 - 0x00007ffa5e459000 	C:\Windows\SYSTEM32\WSOCK32.dll
0x00007ffa5d600000 - 0x00007ffa5d61f000 	C:\Windows\SYSTEM32\WINMM.dll
0x00007ffa691d0000 - 0x00007ffa691d7000 	C:\Windows\system32\PSAPI.DLL
0x00007ffa691e0000 - 0x00007ffa69238000 	C:\Windows\system32\WS2_32.dll
0x00007ffa5d5d0000 - 0x00007ffa5d5fa000 	C:\Windows\SYSTEM32\WINMMBASE.dll
0x00007ffa67990000 - 0x00007ffa67999000 	C:\Windows\system32\NSI.dll
0x00007ffa66d00000 - 0x00007ffa66d4a000 	C:\Windows\SYSTEM32\cfgmgr32.dll
0x00007ffa65740000 - 0x00007ffa65766000 	C:\Windows\SYSTEM32\DEVOBJ.dll
0x0000000076e00000 - 0x0000000076e0f000 	C:\Program Files\Java\jdk1.8.0_11\jre\bin\verify.dll
0x0000000076dd0000 - 0x0000000076df8000 	C:\Program Files\Java\jdk1.8.0_11\jre\bin\java.dll
0x0000000076d80000 - 0x0000000076d96000 	C:\Program Files\Java\jdk1.8.0_11\jre\bin\zip.dll

VM Arguments:
jvm_args: -Djava.awt.headless=true -Xmx1024M -Dfile.encoding=GBK -Duser.country=US -Duser.language=en -Duser.variant 
java_command: com.android.dx.command.Main --dex --num-threads=4 --output E:\java\android\NetMT\app\build\intermediates\pre-dexed\debug\debug_f94e6d5af4befcf572da60bc4801ae205eb5732d.jar E:\java\android\NetMT\app\build\intermediates\classes\debug
java_class_path (initial): C:\Users\Administrator\AppData\Local\Android\sdk\build-tools\23.0.2\lib\dx.jar
Launcher Type: SUN_STANDARD

Environment Variables:
JAVA_HOME=C:\Program Files\Java\jdk1.8.0_11
PATH=C:\Windows\system32;C:\Windows;C:\Windows\System32\Wbem;C:\Windows\System32\WindowsPowerShell\v1.0\;C:\Program Files (x86)\ATI Technologies\ATI.ACE\Core-Static;0x0.000000p-1022ndroid;D:\Java\jdk1.7.0_17\bin;C:\Program Files (x86)\Microsoft SQL Server\100\Tools\Binn\;C:\Program Files\Microsoft SQL Server\100\Tools\Binn\;C:\Program Files\Microsoft SQL Server\100\DTS\Binn\;D:\TortoiseSVN\bin;D:\Java\jdk1.7.0_17\bin
USERNAME=KingHacker
OS=Windows_NT
PROCESSOR_IDENTIFIER=Intel64 Family 6 Model 42 Stepping 7, GenuineIntel



---------------  S Y S T E M  ---------------

OS: Windows 8.1 , 64 bit Build 9600 

CPU:total 4 (2 cores per cpu, 2 threads per core) family 6 model 42 stepping 7, cmov, cx8, fxsr, mmx, sse, sse2, sse3, ssse3, sse4.1, sse4.2, popcnt, avx, aes, clmul, ht, tsc, tscinvbit

Memory: 4k page, physical 4136812k(684052k free), swap 16719724k(4872k free)

vm_info: Java HotSpot(TM) 64-Bit Server VM (25.11-b03) for windows-amd64 JRE (1.8.0_11-b12), built on Jun 16 2014 20:57:32 by "java_re" with MS VC++ 10.0 (VS2010)

time: Thu Mar 17 20:09:49 2016
elapsed time: 2 seconds

