#
# There is insufficient memory for the Java Runtime Environment to continue.
# Native memory allocation (malloc) failed to allocate 32744 bytes for ChunkPool::allocate
# Possible reasons:
#   The system is out of physical RAM or swap space
#   In 32 bit mode, the process size limit was hit
# Possible solutions:
#   Reduce memory load on the system
#   Increase physical memory or swap space
#   Check if swap backing store is full
#   Use 64 bit Java on a 64 bit OS
#   Decrease Java heap size (-Xmx/-Xms)
#   Decrease number of Java threads
#   Decrease Java thread stack sizes (-Xss)
#   Set larger code cache with -XX:ReservedCodeCacheSize=
# This output file may be truncated or incomplete.
#
#  Out of Memory Error (allocation.cpp:271), pid=9380, tid=9980
#
# JRE version: Java(TM) SE Runtime Environment (8.0_11-b12) (build 1.8.0_11-b12)
# Java VM: Java HotSpot(TM) 64-Bit Server VM (25.11-b03 mixed mode windows-amd64 compressed oops)
# Failed to write core dump. Minidumps are not enabled by default on client versions of Windows
#

---------------  T H R E A D  ---------------

Current thread (0x00000000148c7000):  JavaThread "C1 CompilerThread2" daemon [_thread_in_native, id=9980, stack(0x00000000163c0000,0x00000000164c0000)]

Stack: [0x00000000163c0000,0x00000000164c0000]
[error occurred during error reporting (printing stack bounds), id 0xc0000005]

Native frames: (J=compiled Java code, j=interpreted, Vv=VM code, C=native code)
V  [jvm.dll+0x308eca]


Current CompileTask:
C1:   3529 1456       3       com.android.dx.cf.code.Simulator$SimVisitor::visitNoArgs (2108 bytes)


---------------  P R O C E S S  ---------------

Java Threads: ( => current thread )
  0x0000000015ea6800 JavaThread "pool-1-thread-4" [_thread_blocked, id=5140, stack(0x00000000172c0000,0x00000000173c0000)]
  0x0000000015ea5800 JavaThread "pool-1-thread-3" [_thread_in_Java, id=4132, stack(0x00000000171c0000,0x00000000172c0000)]
  0x0000000015f18000 JavaThread "pool-1-thread-2" [_thread_in_Java, id=9844, stack(0x00000000170c0000,0x00000000171c0000)]
  0x0000000015f17800 JavaThread "pool-2-thread-1" [_thread_blocked, id=3928, stack(0x0000000016fc0000,0x00000000170c0000)]
  0x0000000015e5a000 JavaThread "pool-1-thread-1" [_thread_blocked, id=5920, stack(0x0000000016ec0000,0x0000000016fc0000)]
  0x0000000015c26800 JavaThread "Service Thread" daemon [_thread_blocked, id=9768, stack(0x00000000164c0000,0x00000000165c0000)]
=>0x00000000148c7000 JavaThread "C1 CompilerThread2" daemon [_thread_in_native, id=9980, stack(0x00000000163c0000,0x00000000164c0000)]
  0x0000000014881000 JavaThread "C2 CompilerThread1" daemon [_thread_blocked, id=9736, stack(0x00000000162c0000,0x00000000163c0000)]
  0x000000001487e000 JavaThread "C2 CompilerThread0" daemon [_thread_blocked, id=9176, stack(0x00000000161c0000,0x00000000162c0000)]
  0x0000000015c03000 JavaThread "Attach Listener" daemon [_thread_blocked, id=8140, stack(0x00000000160c0000,0x00000000161c0000)]
  0x000000001488d000 JavaThread "Signal Dispatcher" daemon [_thread_blocked, id=5188, stack(0x0000000015fc0000,0x00000000160c0000)]
  0x000000000218f000 JavaThread "Finalizer" daemon [_thread_blocked, id=4700, stack(0x0000000015ac0000,0x0000000015bc0000)]
  0x0000000014837800 JavaThread "Reference Handler" daemon [_thread_blocked, id=7360, stack(0x00000000159c0000,0x0000000015ac0000)]
  0x00000000020a1000 JavaThread "main" [_thread_in_Java, id=3344, stack(0x0000000001fa0000,0x00000000020a0000)]

Other Threads:
  0x0000000014836800 VMThread [stack: 0x00000000158c0000,0x00000000159c0000] [id=6828]
  0x0000000015c27800 WatcherThread [stack: 0x00000000165c0000,0x00000000166c0000] [id=9596]

VM state:not at safepoint (normal execution)

VM Mutex/Monitor currently owned by a thread: None

Heap:
 PSYoungGen      total 12288K, used 6388K [0x00000000eab00000, 0x00000000eb900000, 0x0000000100000000)
  eden space 10240K, 42% used [0x00000000eab00000,0x00000000eaf43748,0x00000000eb500000)
  from space 2048K, 98% used [0x00000000eb500000,0x00000000eb6f99b8,0x00000000eb700000)
  to   space 2048K, 0% used [0x00000000eb700000,0x00000000eb700000,0x00000000eb900000)
 ParOldGen       total 64000K, used 4864K [0x00000000c0000000, 0x00000000c3e80000, 0x00000000eab00000)
  object space 64000K, 7% used [0x00000000c0000000,0x00000000c04c00d8,0x00000000c3e80000)
 Metaspace       used 5915K, capacity 6896K, committed 7040K, reserved 1056768K
  class space    used 596K, capacity 616K, committed 640K, reserved 1048576K

Card table byte_map: [0x0000000011560000,0x0000000011770000] byte_map_base: 0x0000000010f60000

Marking Bits: (ParMarkBitMap*) 0x00000000777612b0
 Begin Bits: [0x0000000011cd0000, 0x0000000012cd0000)
 End Bits:   [0x0000000012cd0000, 0x0000000013cd0000)

Polling page: 0x00000000004b0000

CodeCache: size=245760Kb used=5454Kb max_used=5454Kb free=240305Kb
 bounds [0x00000000021a0000, 0x0000000002700000, 0x00000000111a0000]
 total_blobs=1703 nmethods=1437 adapters=180
 compilation: enabled

Compilation events (10 events):
Event: 3.518 Thread 0x00000000148c7000 nmethod 1453 0x00000000026f1510 code [0x00000000026f1720, 0x00000000026f2358]
Event: 3.518 Thread 0x00000000148c7000 1450   !   3       com.android.dx.cf.code.OneLocalsArray::merge (31 bytes)
Event: 3.518 Thread 0x00000000148c7000 nmethod 1450 0x00000000026f2ad0 code [0x00000000026f2c80, 0x00000000026f3068]
Event: 3.518 Thread 0x00000000148c7000 1452       3       com.android.dx.ssa.SCCP::replaceBranches (142 bytes)
Event: 3.519 Thread 0x00000000148c7000 nmethod 1452 0x00000000026f31d0 code [0x00000000026f3420, 0x00000000026f4328]
Event: 3.520 Thread 0x00000000148c7000 1454       3       com.android.dx.rop.type.Type::getInitializedType (42 bytes)
Event: 3.520 Thread 0x00000000148c7000 nmethod 1454 0x00000000026f4a50 code [0x00000000026f4c20, 0x00000000026f53d8]
Event: 3.520 Thread 0x00000000148c7000 1455       3       com.android.dx.cf.code.BasicBlocker::visitNoArgs (298 bytes)
Event: 3.522 Thread 0x00000000148c7000 nmethod 1455 0x00000000026f5710 code [0x00000000026f5980, 0x00000000026f66f8]
Event: 3.522 Thread 0x00000000148c7000 1456       3       com.android.dx.cf.code.Simulator$SimVisitor::visitNoArgs (2108 bytes)

GC Heap History (10 events):
Event: 1.476 GC heap before
{Heap before GC invocations=9 (full 0):
 PSYoungGen      total 5120K, used 4474K [0x00000000eab00000, 0x00000000eb100000, 0x0000000100000000)
  eden space 4096K, 100% used [0x00000000eab00000,0x00000000eaf00000,0x00000000eaf00000)
  from space 1024K, 36% used [0x00000000eb000000,0x00000000eb05ea80,0x00000000eb100000)
  to   space 1024K, 0% used [0x00000000eaf00000,0x00000000eaf00000,0x00000000eb000000)
 ParOldGen       total 64000K, used 1137K [0x00000000c0000000, 0x00000000c3e80000, 0x00000000eab00000)
  object space 64000K, 1% used [0x00000000c0000000,0x00000000c011c598,0x00000000c3e80000)
 Metaspace       used 4880K, capacity 5968K, committed 6272K, reserved 1056768K
  class space    used 541K, capacity 584K, committed 640K, reserved 1048576K
Event: 1.481 GC heap after
Heap after GC invocations=9 (full 0):
 PSYoungGen      total 5120K, used 999K [0x00000000eab00000, 0x00000000eb480000, 0x0000000100000000)
  eden space 4096K, 0% used [0x00000000eab00000,0x00000000eab00000,0x00000000eaf00000)
  from space 1024K, 97% used [0x00000000eaf00000,0x00000000eaff9c50,0x00000000eb000000)
  to   space 1536K, 0% used [0x00000000eb300000,0x00000000eb300000,0x00000000eb480000)
 ParOldGen       total 64000K, used 1602K [0x00000000c0000000, 0x00000000c3e80000, 0x00000000eab00000)
  object space 64000K, 2% used [0x00000000c0000000,0x00000000c0190a38,0x00000000c3e80000)
 Metaspace       used 4880K, capacity 5968K, committed 6272K, reserved 1056768K
  class space    used 541K, capacity 584K, committed 640K, reserved 1048576K
}
Event: 1.963 GC heap before
{Heap before GC invocations=10 (full 0):
 PSYoungGen      total 5120K, used 5095K [0x00000000eab00000, 0x00000000eb480000, 0x0000000100000000)
  eden space 4096K, 100% used [0x00000000eab00000,0x00000000eaf00000,0x00000000eaf00000)
  from space 1024K, 97% used [0x00000000eaf00000,0x00000000eaff9c50,0x00000000eb000000)
  to   space 1536K, 0% used [0x00000000eb300000,0x00000000eb300000,0x00000000eb480000)
 ParOldGen       total 64000K, used 1602K [0x00000000c0000000, 0x00000000c3e80000, 0x00000000eab00000)
  object space 64000K, 2% used [0x00000000c0000000,0x00000000c0190a38,0x00000000c3e80000)
 Metaspace       used 5462K, capacity 6512K, committed 6784K, reserved 1056768K
  class space    used 593K, capacity 616K, committed 640K, reserved 1048576K
Event: 2.084 GC heap after
Heap after GC invocations=10 (full 0):
 PSYoungGen      total 7680K, used 1521K [0x00000000eab00000, 0x00000000eb580000, 0x0000000100000000)
  eden space 6144K, 0% used [0x00000000eab00000,0x00000000eab00000,0x00000000eb100000)
  from space 1536K, 99% used [0x00000000eb300000,0x00000000eb47c688,0x00000000eb480000)
  to   space 2048K, 0% used [0x00000000eb100000,0x00000000eb100000,0x00000000eb300000)
 ParOldGen       total 64000K, used 1855K [0x00000000c0000000, 0x00000000c3e80000, 0x00000000eab00000)
  object space 64000K, 2% used [0x00000000c0000000,0x00000000c01cff88,0x00000000c3e80000)
 Metaspace       used 5462K, capacity 6512K, committed 6784K, reserved 1056768K
  class space    used 593K, capacity 616K, committed 640K, reserved 1048576K
}
Event: 2.521 GC heap before
{Heap before GC invocations=11 (full 0):
 PSYoungGen      total 7680K, used 7665K [0x00000000eab00000, 0x00000000eb580000, 0x0000000100000000)
  eden space 6144K, 100% used [0x00000000eab00000,0x00000000eb100000,0x00000000eb100000)
  from space 1536K, 99% used [0x00000000eb300000,0x00000000eb47c688,0x00000000eb480000)
  to   space 2048K, 0% used [0x00000000eb100000,0x00000000eb100000,0x00000000eb300000)
 ParOldGen       total 64000K, used 1855K [0x00000000c0000000, 0x00000000c3e80000, 0x00000000eab00000)
  object space 64000K, 2% used [0x00000000c0000000,0x00000000c01cff88,0x00000000c3e80000)
 Metaspace       used 5681K, capacity 6704K, committed 6784K, reserved 1056768K
  class space    used 595K, capacity 616K, committed 640K, reserved 1048576K
Event: 2.601 GC heap after
Heap after GC invocations=11 (full 0):
 PSYoungGen      total 8192K, used 1232K [0x00000000eab00000, 0x00000000eb900000, 0x0000000100000000)
  eden space 6144K, 0% used [0x00000000eab00000,0x00000000eab00000,0x00000000eb100000)
  from space 2048K, 60% used [0x00000000eb100000,0x00000000eb234010,0x00000000eb300000)
  to   space 2048K, 0% used [0x00000000eb700000,0x00000000eb700000,0x00000000eb900000)
 ParOldGen       total 64000K, used 2966K [0x00000000c0000000, 0x00000000c3e80000, 0x00000000eab00000)
  object space 64000K, 4% used [0x00000000c0000000,0x00000000c02e5a88,0x00000000c3e80000)
 Metaspace       used 5681K, capacity 6704K, committed 6784K, reserved 1056768K
  class space    used 595K, capacity 616K, committed 640K, reserved 1048576K
}
Event: 2.904 GC heap before
{Heap before GC invocations=12 (full 0):
 PSYoungGen      total 8192K, used 7376K [0x00000000eab00000, 0x00000000eb900000, 0x0000000100000000)
  eden space 6144K, 100% used [0x00000000eab00000,0x00000000eb100000,0x00000000eb100000)
  from space 2048K, 60% used [0x00000000eb100000,0x00000000eb234010,0x00000000eb300000)
  to   space 2048K, 0% used [0x00000000eb700000,0x00000000eb700000,0x00000000eb900000)
 ParOldGen       total 64000K, used 2966K [0x00000000c0000000, 0x00000000c3e80000, 0x00000000eab00000)
  object space 64000K, 4% used [0x00000000c0000000,0x00000000c02e5a88,0x00000000c3e80000)
 Metaspace       used 5746K, capacity 6768K, committed 7040K, reserved 1056768K
  class space    used 596K, capacity 616K, committed 640K, reserved 1048576K
Event: 2.916 GC heap after
Heap after GC invocations=12 (full 0):
 PSYoungGen      total 12288K, used 1088K [0x00000000eab00000, 0x00000000eb900000, 0x0000000100000000)
  eden space 10240K, 0% used [0x00000000eab00000,0x00000000eab00000,0x00000000eb500000)
  from space 2048K, 53% used [0x00000000eb700000,0x00000000eb810000,0x00000000eb900000)
  to   space 2048K, 0% used [0x00000000eb500000,0x00000000eb500000,0x00000000eb700000)
 ParOldGen       total 64000K, used 4014K [0x00000000c0000000, 0x00000000c3e80000, 0x00000000eab00000)
  object space 64000K, 6% used [0x00000000c0000000,0x00000000c03eb9c0,0x00000000c3e80000)
 Metaspace       used 5746K, capacity 6768K, committed 7040K, reserved 1056768K
  class space    used 596K, capacity 616K, committed 640K, reserved 1048576K
}
Event: 3.429 GC heap before
{Heap before GC invocations=13 (full 0):
 PSYoungGen      total 12288K, used 11328K [0x00000000eab00000, 0x00000000eb900000, 0x0000000100000000)
  eden space 10240K, 100% used [0x00000000eab00000,0x00000000eb500000,0x00000000eb500000)
  from space 2048K, 53% used [0x00000000eb700000,0x00000000eb810000,0x00000000eb900000)
  to   space 2048K, 0% used [0x00000000eb500000,0x00000000eb500000,0x00000000eb700000)
 ParOldGen       total 64000K, used 4014K [0x00000000c0000000, 0x00000000c3e80000, 0x00000000eab00000)
  object space 64000K, 6% used [0x00000000c0000000,0x00000000c03eb9c0,0x00000000c3e80000)
 Metaspace       used 5890K, capacity 6896K, committed 7040K, reserved 1056768K
  class space    used 596K, capacity 616K, committed 640K, reserved 1048576K
Event: 3.495 GC heap after
Heap after GC invocations=13 (full 0):
 PSYoungGen      total 12288K, used 2022K [0x00000000eab00000, 0x00000000eb900000, 0x0000000100000000)
  eden space 10240K, 0% used [0x00000000eab00000,0x00000000eab00000,0x00000000eb500000)
  from space 2048K, 98% used [0x00000000eb500000,0x00000000eb6f99b8,0x00000000eb700000)
  to   space 2048K, 0% used [0x00000000eb700000,0x00000000eb700000,0x00000000eb900000)
 ParOldGen       total 64000K, used 4864K [0x00000000c0000000, 0x00000000c3e80000, 0x00000000eab00000)
  object space 64000K, 7% used [0x00000000c0000000,0x00000000c04c00d8,0x00000000c3e80000)
 Metaspace       used 5890K, capacity 6896K, committed 7040K, reserved 1056768K
  class space    used 596K, capacity 616K, committed 640K, reserved 1048576K
}

Deoptimization events (2 events):
Event: 1.842 Thread 0x0000000015ea5800 Uncommon trap: reason=bimorphic action=maybe_recompile pc=0x00000000023d2c64 method=java.util.HashMap.getNode(ILjava/lang/Object;)Ljava/util/HashMap$Node; @ 126
Event: 2.967 Thread 0x0000000015ea5800 Uncommon trap: reason=bimorphic action=maybe_recompile pc=0x00000000023d2c64 method=java.util.HashMap.getNode(ILjava/lang/Object;)Ljava/util/HashMap$Node; @ 126

Internal exceptions (10 events):
Event: 1.751 Thread 0x0000000015e5a000 Exception <a 'java/security/PrivilegedActionException'> (0x00000000eacbc670) thrown at [C:\re\workspace\8-2-build-windows-amd64-cygwin\jdk8u11\648\hotspot\src\share\vm\prims\jvm.cpp, line 1248]
Event: 1.752 Thread 0x0000000015e5a000 Exception <a 'java/security/PrivilegedActionException'> (0x00000000eacc1de8) thrown at [C:\re\workspace\8-2-build-windows-amd64-cygwin\jdk8u11\648\hotspot\src\share\vm\prims\jvm.cpp, line 1248]
Event: 1.752 Thread 0x0000000015e5a000 Exception <a 'java/security/PrivilegedActionException'> (0x00000000eacc78e8) thrown at [C:\re\workspace\8-2-build-windows-amd64-cygwin\jdk8u11\648\hotspot\src\share\vm\prims\jvm.cpp, line 1248]
Event: 1.753 Thread 0x0000000015e5a000 Exception <a 'java/security/PrivilegedActionException'> (0x00000000eaccd1b0) thrown at [C:\re\workspace\8-2-build-windows-amd64-cygwin\jdk8u11\648\hotspot\src\share\vm\prims\jvm.cpp, line 1248]
Event: 1.782 Thread 0x00000000020a1000 Exception <a 'java/security/PrivilegedActionException'> (0x00000000ead72f10) thrown at [C:\re\workspace\8-2-build-windows-amd64-cygwin\jdk8u11\648\hotspot\src\share\vm\prims\jvm.cpp, line 1248]
Event: 1.783 Thread 0x0000000015f18000 Exception <a 'java/security/PrivilegedActionException'> (0x00000000ead6c798) thrown at [C:\re\workspace\8-2-build-windows-amd64-cygwin\jdk8u11\648\hotspot\src\share\vm\prims\jvm.cpp, line 1248]
Event: 1.811 Thread 0x00000000020a1000 Exception <a 'java/security/PrivilegedActionException'> (0x00000000eaddc5f0) thrown at [C:\re\workspace\8-2-build-windows-amd64-cygwin\jdk8u11\648\hotspot\src\share\vm\prims\jvm.cpp, line 1248]
Event: 2.093 Thread 0x0000000015ea6800 Exception <a 'java/security/PrivilegedActionException'> (0x00000000eab04318) thrown at [C:\re\workspace\8-2-build-windows-amd64-cygwin\jdk8u11\648\hotspot\src\share\vm\prims\jvm.cpp, line 1248]
Event: 2.644 Thread 0x0000000015ea5800 Exception <a 'java/security/PrivilegedActionException'> (0x00000000eac633f0) thrown at [C:\re\workspace\8-2-build-windows-amd64-cygwin\jdk8u11\648\hotspot\src\share\vm\prims\jvm.cpp, line 1248]
Event: 2.647 Thread 0x0000000015f18000 Exception <a 'java/security/PrivilegedActionException'> (0x00000000eac87818) thrown at [C:\re\workspace\8-2-build-windows-amd64-cygwin\jdk8u11\648\hotspot\src\share\vm\prims\jvm.cpp, line 1248]

Events (10 events):
Event: 2.647 loading class com/android/dx/dex/file/FieldAnnotationStruct done
Event: 2.655 loading class java/util/DualPivotQuicksort
Event: 2.656 loading class java/util/DualPivotQuicksort done
Event: 2.776 Executing VM operation: ParallelGCFailedAllocation
Event: 2.916 Executing VM operation: ParallelGCFailedAllocation done
Event: 2.967 Thread 0x0000000015ea5800 Uncommon trap: trap_request=0xffffffc6 fr.pc=0x00000000023d2c64
Event: 2.968 Thread 0x0000000015ea5800 DEOPT PACKING pc=0x00000000023d2c64 sp=0x00000000172bed50
Event: 2.968 Thread 0x0000000015ea5800 DEOPT UNPACKING pc=0x00000000021e55af sp=0x00000000172bec68 mode 2
Event: 3.193 Executing VM operation: ParallelGCFailedAllocation
Event: 3.495 Executing VM operation: ParallelGCFailedAllocation done


Dynamic libraries:
0x00007ff649970000 - 0x00007ff6499a4000 	C:\Program Files\Java\jdk1.8.0_11\bin\java.exe
0x00007ffa69510000 - 0x00007ffa696b9000 	C:\Windows\SYSTEM32\ntdll.dll
0x00007ffa69250000 - 0x00007ffa69389000 	C:\Windows\system32\KERNEL32.DLL
0x00007ffa66b40000 - 0x00007ffa66c4e000 	C:\Windows\system32\KERNELBASE.dll
0x00007ffa654c0000 - 0x00007ffa6554b000 	C:\Windows\system32\apphelp.dll
0x00007ffa605b0000 - 0x00007ffa605ff000 	C:\Windows\AppPatch\AppPatch64\AcGenral.DLL
0x00007ffa66e60000 - 0x00007ffa66f07000 	C:\Windows\system32\msvcrt.dll
0x00007ffa66670000 - 0x00007ffa6669b000 	C:\Windows\SYSTEM32\SspiCli.dll
0x00007ffa67050000 - 0x00007ffa670a1000 	C:\Windows\system32\SHLWAPI.dll
0x00007ffa676b0000 - 0x00007ffa67821000 	C:\Windows\system32\USER32.dll
0x00007ffa69390000 - 0x00007ffa69506000 	C:\Windows\system32\ole32.dll
0x00007ffa67be0000 - 0x00007ffa68fef000 	C:\Windows\system32\SHELL32.dll
0x00007ffa65e10000 - 0x00007ffa65e2f000 	C:\Windows\SYSTEM32\USERENV.dll
0x00007ffa670b0000 - 0x00007ffa67155000 	C:\Windows\system32\ADVAPI32.dll
0x00007ffa5e950000 - 0x00007ffa5e96b000 	C:\Windows\SYSTEM32\MPR.dll
0x00007ffa67310000 - 0x00007ffa67446000 	C:\Windows\system32\RPCRT4.dll
0x00007ffa67b80000 - 0x00007ffa67bd7000 	C:\Windows\SYSTEM32\sechost.dll
0x00007ffa679a0000 - 0x00007ffa67b77000 	C:\Windows\SYSTEM32\combase.dll
0x00007ffa67160000 - 0x00007ffa672a5000 	C:\Windows\system32\GDI32.dll
0x00007ffa66890000 - 0x00007ffa668a4000 	C:\Windows\SYSTEM32\profapi.dll
0x00007ffa64ee0000 - 0x00007ffa64f81000 	C:\Windows\SYSTEM32\SHCORE.dll
0x00007ffa67670000 - 0x00007ffa676a4000 	C:\Windows\system32\IMM32.DLL
0x00007ffa66f10000 - 0x00007ffa67048000 	C:\Windows\system32\MSCTF.dll
0x00007ffa64240000 - 0x00007ffa6449a000 	C:\Windows\WinSxS\amd64_microsoft.windows.common-controls_6595b64144ccf1df_6.0.9600.16384_none_62475f7becb72503\COMCTL32.dll
0x0000000076910000 - 0x00000000769e2000 	C:\Program Files\Java\jdk1.8.0_11\jre\bin\msvcr100.dll
0x0000000076fb0000 - 0x00000000777da000 	C:\Program Files\Java\jdk1.8.0_11\jre\bin\server\jvm.dll
0x00007ffa5e450000 - 0x00007ffa5e459000 	C:\Windows\SYSTEM32\WSOCK32.dll
0x00007ffa5d600000 - 0x00007ffa5d61f000 	C:\Windows\SYSTEM32\WINMM.dll
0x00007ffa691d0000 - 0x00007ffa691d7000 	C:\Windows\system32\PSAPI.DLL
0x00007ffa691e0000 - 0x00007ffa69238000 	C:\Windows\system32\WS2_32.dll
0x00007ffa5d5d0000 - 0x00007ffa5d5fa000 	C:\Windows\SYSTEM32\WINMMBASE.dll
0x00007ffa67990000 - 0x00007ffa67999000 	C:\Windows\system32\NSI.dll
0x00007ffa66d00000 - 0x00007ffa66d4a000 	C:\Windows\SYSTEM32\cfgmgr32.dll
0x00007ffa65740000 - 0x00007ffa65766000 	C:\Windows\SYSTEM32\DEVOBJ.dll
0x0000000076ec0000 - 0x0000000076ecf000 	C:\Program Files\Java\jdk1.8.0_11\jre\bin\verify.dll
0x0000000076e90000 - 0x0000000076eb8000 	C:\Program Files\Java\jdk1.8.0_11\jre\bin\java.dll
0x0000000076e70000 - 0x0000000076e86000 	C:\Program Files\Java\jdk1.8.0_11\jre\bin\zip.dll

VM Arguments:
jvm_args: -Djava.awt.headless=true -Xmx1024M -Dfile.encoding=GBK -Duser.country=US -Duser.language=en -Duser.variant 
java_command: com.android.dx.command.Main --dex --num-threads=4 --output E:\java\android\NetMT\app\build\intermediates\pre-dexed\debug\com.android.support-appcompat-v7-23.2.0_e6f13f0fff153e35e3220c9372b888df45b99236.jar E:\java\android\NetMT\app\build\intermediates\exploded-aar\com.android.support\appcompat-v7\23.2.0\jars\classes.jar
java_class_path (initial): C:\Users\Administrator\AppData\Local\Android\sdk\build-tools\23.0.2\lib\dx.jar
Launcher Type: SUN_STANDARD

Environment Variables:
JAVA_HOME=C:\Program Files\Java\jdk1.8.0_11
PATH=C:\Windows\system32;C:\Windows;C:\Windows\System32\Wbem;C:\Windows\System32\WindowsPowerShell\v1.0\;C:\Program Files (x86)\ATI Technologies\ATI.ACE\Core-Static;0x0.000000p-1022ndroid;D:\Java\jdk1.7.0_17\bin;C:\Program Files (x86)\Microsoft SQL Server\100\Tools\Binn\;C:\Program Files\Microsoft SQL Server\100\Tools\Binn\;C:\Program Files\Microsoft SQL Server\100\DTS\Binn\;D:\TortoiseSVN\bin;D:\Java\jdk1.7.0_17\bin
USERNAME=KingHacker
OS=Windows_NT
PROCESSOR_IDENTIFIER=Intel64 Family 6 Model 42 Stepping 7, GenuineIntel



---------------  S Y S T E M  ---------------

OS: Windows 8.1 , 64 bit Build 9600 

CPU:total 4 (2 cores per cpu, 2 threads per core) family 6 model 42 stepping 7, cmov, cx8, fxsr, mmx, sse, sse2, sse3, ssse3, sse4.1, sse4.2, popcnt, avx, aes, clmul, ht, tsc, tscinvbit

Memory: 4k page, physical 4136812k(804388k free), swap 16719724k(4912k free)

vm_info: Java HotSpot(TM) 64-Bit Server VM (25.11-b03) for windows-amd64 JRE (1.8.0_11-b12), built on Jun 16 2014 20:57:32 by "java_re" with MS VC++ 10.0 (VS2010)

time: Fri Mar 18 13:08:32 2016
elapsed time: 3 seconds

