#
# There is insufficient memory for the Java Runtime Environment to continue.
# Native memory allocation (malloc) failed to allocate 132016 bytes for Chunk::new
# Possible reasons:
#   The system is out of physical RAM or swap space
#   In 32 bit mode, the process size limit was hit
# Possible solutions:
#   Reduce memory load on the system
#   Increase physical memory or swap space
#   Check if swap backing store is full
#   Use 64 bit Java on a 64 bit OS
#   Decrease Java heap size (-Xmx/-Xms)
#   Decrease number of Java threads
#   Decrease Java thread stack sizes (-Xss)
#   Set larger code cache with -XX:ReservedCodeCacheSize=
# This output file may be truncated or incomplete.
#
#  Out of Memory Error (allocation.cpp:388), pid=2580, tid=8712
#
# JRE version: Java(TM) SE Runtime Environment (8.0_11-b12) (build 1.8.0_11-b12)
# Java VM: Java HotSpot(TM) 64-Bit Server VM (25.11-b03 mixed mode windows-amd64 compressed oops)
# Failed to write core dump. Minidumps are not enabled by default on client versions of Windows
#

---------------  T H R E A D  ---------------

Current thread (0x0000000014dee800):  JavaThread "C2 CompilerThread1" daemon [_thread_in_native, id=8712, stack(0x00000000167f0000,0x00000000168f0000)]

Stack: [0x00000000167f0000,0x00000000168f0000]
[error occurred during error reporting (printing stack bounds), id 0xc0000005]

Native frames: (J=compiled Java code, j=interpreted, Vv=VM code, C=native code)
V  [jvm.dll+0x308eca]


Current CompileTask:
C2:  10945 2189 %     4       com.android.dx.ssa.ConstCollector::getConstsSortedByCountUse @ 27 (386 bytes)


---------------  P R O C E S S  ---------------

Java Threads: ( => current thread )
  0x000000001614e800 JavaThread "Service Thread" daemon [_thread_blocked, id=5740, stack(0x00000000169f0000,0x0000000016af0000)]
  0x0000000016149800 JavaThread "C1 CompilerThread2" daemon [_thread_blocked, id=10176, stack(0x00000000168f0000,0x00000000169f0000)]
=>0x0000000014dee800 JavaThread "C2 CompilerThread1" daemon [_thread_in_native, id=8712, stack(0x00000000167f0000,0x00000000168f0000)]
  0x0000000014d9e000 JavaThread "C2 CompilerThread0" daemon [_thread_in_native, id=3572, stack(0x00000000166f0000,0x00000000167f0000)]
  0x0000000016133000 JavaThread "Attach Listener" daemon [_thread_blocked, id=6644, stack(0x00000000165f0000,0x00000000166f0000)]
  0x0000000014dac800 JavaThread "Signal Dispatcher" daemon [_thread_blocked, id=6092, stack(0x00000000164f0000,0x00000000165f0000)]
  0x00000000025e5800 JavaThread "Finalizer" daemon [_thread_blocked, id=9800, stack(0x0000000015ff0000,0x00000000160f0000)]
  0x0000000014d57800 JavaThread "Reference Handler" daemon [_thread_blocked, id=6496, stack(0x0000000015ef0000,0x0000000015ff0000)]
  0x00000000024f1000 JavaThread "main" [_thread_in_Java, id=7944, stack(0x00000000009b0000,0x0000000000ab0000)]

Other Threads:
  0x0000000014d56000 VMThread [stack: 0x0000000015df0000,0x0000000015ef0000] [id=6444]
  0x0000000016158800 WatcherThread [stack: 0x0000000016af0000,0x0000000016bf0000] [id=8528]

VM state:not at safepoint (normal execution)

VM Mutex/Monitor currently owned by a thread: None

Heap:
 PSYoungGen      total 75776K, used 15319K [0x00000000eab00000, 0x00000000f1c00000, 0x0000000100000000)
  eden space 65536K, 7% used [0x00000000eab00000,0x00000000eb01a2a0,0x00000000eeb00000)
  from space 10240K, 98% used [0x00000000eeb00000,0x00000000ef4db978,0x00000000ef500000)
  to   space 11776K, 0% used [0x00000000f1080000,0x00000000f1080000,0x00000000f1c00000)
 ParOldGen       total 64000K, used 36332K [0x00000000c0000000, 0x00000000c3e80000, 0x00000000eab00000)
  object space 64000K, 56% used [0x00000000c0000000,0x00000000c237b280,0x00000000c3e80000)
 Metaspace       used 6261K, capacity 7064K, committed 7424K, reserved 1056768K
  class space    used 623K, capacity 656K, committed 768K, reserved 1048576K

Card table byte_map: [0x0000000011a80000,0x0000000011c90000] byte_map_base: 0x0000000011480000

Marking Bits: (ParMarkBitMap*) 0x00000000777612b0
 Begin Bits: [0x00000000121f0000, 0x00000000131f0000)
 End Bits:   [0x00000000131f0000, 0x00000000141f0000)

Polling page: 0x0000000000810000

CodeCache: size=245760Kb used=9562Kb max_used=9562Kb free=236197Kb
 bounds [0x00000000026c0000, 0x0000000003020000, 0x00000000116c0000]
 total_blobs=2375 nmethods=2108 adapters=180
 compilation: enabled

Compilation events (10 events):
Event: 10.920 Thread 0x0000000016149800 2248       2       com.android.dx.dex.file.ClassDataItem::addContents (207 bytes)
Event: 10.922 Thread 0x0000000016149800 nmethod 2248 0x000000000301b550 code [0x000000000301b7c0, 0x000000000301c138]
Event: 10.922 Thread 0x0000000016149800 2249       2       java.util.ComparableTimSort::countRunAndMakeAscending (123 bytes)
Event: 10.923 Thread 0x0000000016149800 nmethod 2249 0x000000000301cbd0 code [0x000000000301cda0, 0x000000000301d3e8]
Event: 10.923 Thread 0x0000000016149800 2250       2       java.util.ComparableTimSort::sort (219 bytes)
Event: 10.923 Thread 0x0000000016149800 nmethod 2250 0x000000000301d890 code [0x000000000301da60, 0x000000000301ded8]
Event: 10.933 Thread 0x0000000016149800 2251       2       com.android.dx.dex.file.AnnotationSetItem::hashCode (8 bytes)
Event: 10.933 Thread 0x0000000016149800 nmethod 2251 0x000000000301e350 code [0x000000000301e4c0, 0x000000000301e648]
Event: 10.933 Thread 0x0000000016149800 2252       2       com.android.dx.rop.annotation.Annotations::hashCode (8 bytes)
Event: 10.933 Thread 0x0000000016149800 nmethod 2252 0x000000000301e750 code [0x000000000301e8c0, 0x000000000301ea28]

GC Heap History (10 events):
Event: 4.109 GC heap before
{Heap before GC invocations=15 (full 0):
 PSYoungGen      total 33792K, used 32608K [0x00000000eab00000, 0x00000000ed000000, 0x0000000100000000)
  eden space 29696K, 100% used [0x00000000eab00000,0x00000000ec800000,0x00000000ec800000)
  from space 4096K, 71% used [0x00000000ecc00000,0x00000000eced8000,0x00000000ed000000)
  to   space 4096K, 0% used [0x00000000ec800000,0x00000000ec800000,0x00000000ecc00000)
 ParOldGen       total 64000K, used 11641K [0x00000000c0000000, 0x00000000c3e80000, 0x00000000eab00000)
  object space 64000K, 18% used [0x00000000c0000000,0x00000000c0b5e718,0x00000000c3e80000)
 Metaspace       used 6037K, capacity 6960K, committed 7040K, reserved 1056768K
  class space    used 597K, capacity 616K, committed 640K, reserved 1048576K
Event: 4.141 GC heap after
Heap after GC invocations=15 (full 0):
 PSYoungGen      total 33792K, used 4076K [0x00000000eab00000, 0x00000000ee580000, 0x0000000100000000)
  eden space 29696K, 0% used [0x00000000eab00000,0x00000000eab00000,0x00000000ec800000)
  from space 4096K, 99% used [0x00000000ec800000,0x00000000ecbfb0e0,0x00000000ecc00000)
  to   space 6144K, 0% used [0x00000000edf80000,0x00000000edf80000,0x00000000ee580000)
 ParOldGen       total 64000K, used 15474K [0x00000000c0000000, 0x00000000c3e80000, 0x00000000eab00000)
  object space 64000K, 24% used [0x00000000c0000000,0x00000000c0f1cb38,0x00000000c3e80000)
 Metaspace       used 6037K, capacity 6960K, committed 7040K, reserved 1056768K
  class space    used 597K, capacity 616K, committed 640K, reserved 1048576K
}
Event: 4.366 GC heap before
{Heap before GC invocations=16 (full 0):
 PSYoungGen      total 33792K, used 33772K [0x00000000eab00000, 0x00000000ee580000, 0x0000000100000000)
  eden space 29696K, 100% used [0x00000000eab00000,0x00000000ec800000,0x00000000ec800000)
  from space 4096K, 99% used [0x00000000ec800000,0x00000000ecbfb0e0,0x00000000ecc00000)
  to   space 6144K, 0% used [0x00000000edf80000,0x00000000edf80000,0x00000000ee580000)
 ParOldGen       total 64000K, used 15474K [0x00000000c0000000, 0x00000000c3e80000, 0x00000000eab00000)
  object space 64000K, 24% used [0x00000000c0000000,0x00000000c0f1cb38,0x00000000c3e80000)
 Metaspace       used 6044K, capacity 6960K, committed 7040K, reserved 1056768K
  class space    used 597K, capacity 616K, committed 640K, reserved 1048576K
Event: 4.600 GC heap after
Heap after GC invocations=16 (full 0):
 PSYoungGen      total 53248K, used 4923K [0x00000000eab00000, 0x00000000ee680000, 0x0000000100000000)
  eden space 47104K, 0% used [0x00000000eab00000,0x00000000eab00000,0x00000000ed900000)
  from space 6144K, 80% used [0x00000000edf80000,0x00000000ee44ed58,0x00000000ee580000)
  to   space 6656K, 0% used [0x00000000ed900000,0x00000000ed900000,0x00000000edf80000)
 ParOldGen       total 64000K, used 19347K [0x00000000c0000000, 0x00000000c3e80000, 0x00000000eab00000)
  object space 64000K, 30% used [0x00000000c0000000,0x00000000c12e4d60,0x00000000c3e80000)
 Metaspace       used 6044K, capacity 6960K, committed 7040K, reserved 1056768K
  class space    used 597K, capacity 616K, committed 640K, reserved 1048576K
}
Event: 6.650 GC heap before
{Heap before GC invocations=17 (full 0):
 PSYoungGen      total 53248K, used 52027K [0x00000000eab00000, 0x00000000ee680000, 0x0000000100000000)
  eden space 47104K, 100% used [0x00000000eab00000,0x00000000ed900000,0x00000000ed900000)
  from space 6144K, 80% used [0x00000000edf80000,0x00000000ee44ed58,0x00000000ee580000)
  to   space 6656K, 0% used [0x00000000ed900000,0x00000000ed900000,0x00000000edf80000)
 ParOldGen       total 64000K, used 19347K [0x00000000c0000000, 0x00000000c3e80000, 0x00000000eab00000)
  object space 64000K, 30% used [0x00000000c0000000,0x00000000c12e4d60,0x00000000c3e80000)
 Metaspace       used 6140K, capacity 7064K, committed 7424K, reserved 1056768K
  class space    used 617K, capacity 656K, committed 768K, reserved 1048576K
Event: 6.757 GC heap after
Heap after GC invocations=17 (full 0):
 PSYoungGen      total 53760K, used 6644K [0x00000000eab00000, 0x00000000efe80000, 0x0000000100000000)
  eden space 47104K, 0% used [0x00000000eab00000,0x00000000eab00000,0x00000000ed900000)
  from space 6656K, 99% used [0x00000000ed900000,0x00000000edf7d2b8,0x00000000edf80000)
  to   space 9728K, 0% used [0x00000000ef500000,0x00000000ef500000,0x00000000efe80000)
 ParOldGen       total 64000K, used 23671K [0x00000000c0000000, 0x00000000c3e80000, 0x00000000eab00000)
  object space 64000K, 36% used [0x00000000c0000000,0x00000000c171de88,0x00000000c3e80000)
 Metaspace       used 6140K, capacity 7064K, committed 7424K, reserved 1056768K
  class space    used 617K, capacity 656K, committed 768K, reserved 1048576K
}
Event: 8.184 GC heap before
{Heap before GC invocations=18 (full 0):
 PSYoungGen      total 53760K, used 53748K [0x00000000eab00000, 0x00000000efe80000, 0x0000000100000000)
  eden space 47104K, 100% used [0x00000000eab00000,0x00000000ed900000,0x00000000ed900000)
  from space 6656K, 99% used [0x00000000ed900000,0x00000000edf7d2b8,0x00000000edf80000)
  to   space 9728K, 0% used [0x00000000ef500000,0x00000000ef500000,0x00000000efe80000)
 ParOldGen       total 64000K, used 23671K [0x00000000c0000000, 0x00000000c3e80000, 0x00000000eab00000)
  object space 64000K, 36% used [0x00000000c0000000,0x00000000c171de88,0x00000000c3e80000)
 Metaspace       used 6166K, capacity 7064K, committed 7424K, reserved 1056768K
  class space    used 617K, capacity 656K, committed 768K, reserved 1048576K
Event: 8.500 GC heap after
Heap after GC invocations=18 (full 0):
 PSYoungGen      total 75264K, used 6777K [0x00000000eab00000, 0x00000000eff80000, 0x0000000100000000)
  eden space 65536K, 0% used [0x00000000eab00000,0x00000000eab00000,0x00000000eeb00000)
  from space 9728K, 69% used [0x00000000ef500000,0x00000000efb9e538,0x00000000efe80000)
  to   space 10240K, 0% used [0x00000000eeb00000,0x00000000eeb00000,0x00000000ef500000)
 ParOldGen       total 64000K, used 29940K [0x00000000c0000000, 0x00000000c3e80000, 0x00000000eab00000)
  object space 64000K, 46% used [0x00000000c0000000,0x00000000c1d3d088,0x00000000c3e80000)
 Metaspace       used 6166K, capacity 7064K, committed 7424K, reserved 1056768K
  class space    used 617K, capacity 656K, committed 768K, reserved 1048576K
}
Event: 10.181 GC heap before
{Heap before GC invocations=19 (full 0):
 PSYoungGen      total 75264K, used 72313K [0x00000000eab00000, 0x00000000eff80000, 0x0000000100000000)
  eden space 65536K, 100% used [0x00000000eab00000,0x00000000eeb00000,0x00000000eeb00000)
  from space 9728K, 69% used [0x00000000ef500000,0x00000000efb9e538,0x00000000efe80000)
  to   space 10240K, 0% used [0x00000000eeb00000,0x00000000eeb00000,0x00000000ef500000)
 ParOldGen       total 64000K, used 29940K [0x00000000c0000000, 0x00000000c3e80000, 0x00000000eab00000)
  object space 64000K, 46% used [0x00000000c0000000,0x00000000c1d3d088,0x00000000c3e80000)
 Metaspace       used 6204K, capacity 7064K, committed 7424K, reserved 1056768K
  class space    used 618K, capacity 656K, committed 768K, reserved 1048576K
Event: 10.869 GC heap after
Heap after GC invocations=19 (full 0):
 PSYoungGen      total 75776K, used 10094K [0x00000000eab00000, 0x00000000f1c00000, 0x0000000100000000)
  eden space 65536K, 0% used [0x00000000eab00000,0x00000000eab00000,0x00000000eeb00000)
  from space 10240K, 98% used [0x00000000eeb00000,0x00000000ef4db978,0x00000000ef500000)
  to   space 11776K, 0% used [0x00000000f1080000,0x00000000f1080000,0x00000000f1c00000)
 ParOldGen       total 64000K, used 36332K [0x00000000c0000000, 0x00000000c3e80000, 0x00000000eab00000)
  object space 64000K, 56% used [0x00000000c0000000,0x00000000c237b280,0x00000000c3e80000)
 Metaspace       used 6204K, capacity 7064K, committed 7424K, reserved 1056768K
  class space    used 618K, capacity 656K, committed 768K, reserved 1048576K
}

Deoptimization events (10 events):
Event: 6.973 Thread 0x00000000024f1000 Uncommon trap: reason=bimorphic action=maybe_recompile pc=0x0000000002ddfc6c method=com.android.dx.rop.code.RegisterSpec.withSimpleType()Lcom/android/dx/rop/code/RegisterSpec; @ 21
Event: 6.978 Thread 0x00000000024f1000 Uncommon trap: reason=bimorphic action=maybe_recompile pc=0x0000000002d63cfc method=com.android.dx.ssa.SCCP.simulatePhi(Lcom/android/dx/ssa/PhiInsn;)V @ 124
Event: 7.036 Thread 0x00000000024f1000 Uncommon trap: reason=unreached action=reinterpret pc=0x0000000002cc4c50 method=java.util.HashMap.resize()[Ljava/util/HashMap$Node; @ 206
Event: 8.630 Thread 0x0000000016372800 Uncommon trap: reason=unreached action=reinterpret pc=0x0000000002a9d18c method=java.util.HashMap.putVal(ILjava/lang/Object;Ljava/lang/Object;ZZ)Ljava/lang/Object; @ 109
Event: 8.696 Thread 0x0000000016375800 Uncommon trap: reason=unreached action=reinterpret pc=0x0000000002b6bd9c method=java.util.HashMap.putVal(ILjava/lang/Object;Ljava/lang/Object;ZZ)Ljava/lang/Object; @ 109
Event: 10.900 Thread 0x00000000024f1000 Uncommon trap: reason=class_check action=maybe_recompile pc=0x0000000002b8cf20 method=java.util.Arrays.hashCode([Ljava/lang/Object;)I @ 43
Event: 10.900 Thread 0x00000000024f1000 Uncommon trap: reason=class_check action=maybe_recompile pc=0x0000000002b8cf20 method=java.util.Arrays.hashCode([Ljava/lang/Object;)I @ 43
Event: 10.900 Thread 0x00000000024f1000 Uncommon trap: reason=class_check action=maybe_recompile pc=0x0000000002b8cf20 method=java.util.Arrays.hashCode([Ljava/lang/Object;)I @ 43
Event: 10.900 Thread 0x00000000024f1000 Uncommon trap: reason=class_check action=maybe_recompile pc=0x0000000002b8cf20 method=java.util.Arrays.hashCode([Ljava/lang/Object;)I @ 43
Event: 10.900 Thread 0x00000000024f1000 Uncommon trap: reason=class_check action=maybe_recompile pc=0x0000000002b265c0 method=java.util.Arrays.hashCode([Ljava/lang/Object;)I @ 43

Internal exceptions (10 events):
Event: 1.287 Thread 0x0000000016372800 Exception <a 'java/security/PrivilegedActionException'> (0x00000000eb242be8) thrown at [C:\re\workspace\8-2-build-windows-amd64-cygwin\jdk8u11\648\hotspot\src\share\vm\prims\jvm.cpp, line 1248]
Event: 1.377 Thread 0x0000000016375800 Exception <a 'java/security/PrivilegedActionException'> (0x00000000eabe5e98) thrown at [C:\re\workspace\8-2-build-windows-amd64-cygwin\jdk8u11\648\hotspot\src\share\vm\prims\jvm.cpp, line 1248]
Event: 2.065 Thread 0x00000000024f1000 Exception <a 'java/security/PrivilegedActionException'> (0x00000000eb23a020) thrown at [C:\re\workspace\8-2-build-windows-amd64-cygwin\jdk8u11\648\hotspot\src\share\vm\prims\jvm.cpp, line 1248]
Event: 3.535 Thread 0x0000000016377000 Exception <a 'java/security/PrivilegedActionException'> (0x00000000eb97ffc8) thrown at [C:\re\workspace\8-2-build-windows-amd64-cygwin\jdk8u11\648\hotspot\src\share\vm\prims\jvm.cpp, line 1248]
Event: 5.234 Thread 0x00000000024f1000 Exception <a 'java/security/PrivilegedActionException'> (0x00000000eba44e28) thrown at [C:\re\workspace\8-2-build-windows-amd64-cygwin\jdk8u11\648\hotspot\src\share\vm\prims\jvm.cpp, line 1248]
Event: 5.248 Thread 0x0000000016375800 Exception <a 'java/lang/ArrayIndexOutOfBoundsException': 18> (0x00000000eb8d5688) thrown at [C:\re\workspace\8-2-build-windows-amd64-cygwin\jdk8u11\648\hotspot\src\share\vm\interpreter\interpreterRuntime.cpp, line 337]
Event: 5.248 Thread 0x0000000016375800 Exception <a 'java/lang/ArrayIndexOutOfBoundsException'> (0x00000000eb8d7120) thrown at [C:\re\workspace\8-2-build-windows-amd64-cygwin\jdk8u11\648\hotspot\src\share\vm\runtime\sharedRuntime.cpp, line 595]
Event: 5.249 Thread 0x0000000016375800 Exception <a 'java/lang/ArrayIndexOutOfBoundsException'> (0x00000000eb8d8338) thrown at [C:\re\workspace\8-2-build-windows-amd64-cygwin\jdk8u11\648\hotspot\src\share\vm\runtime\sharedRuntime.cpp, line 595]
Event: 10.142 Thread 0x00000000024f1000 Exception <a 'java/security/PrivilegedActionException'> (0x00000000ee66bc20) thrown at [C:\re\workspace\8-2-build-windows-amd64-cygwin\jdk8u11\648\hotspot\src\share\vm\prims\jvm.cpp, line 1248]
Event: 10.906 Thread 0x00000000024f1000 Exception <a 'java/security/PrivilegedActionException'> (0x00000000eab5bdf0) thrown at [C:\re\workspace\8-2-build-windows-amd64-cygwin\jdk8u11\648\hotspot\src\share\vm\prims\jvm.cpp, line 1248]

Events (10 events):
Event: 10.900 Thread 0x00000000024f1000 DEOPT UNPACKING pc=0x00000000027055af sp=0x0000000000aaec80 mode 2
Event: 10.900 Thread 0x00000000024f1000 Uncommon trap: trap_request=0xffffffde fr.pc=0x0000000002b8cf20
Event: 10.900 Thread 0x00000000024f1000 DEOPT PACKING pc=0x0000000002b8cf20 sp=0x0000000000aaed20
Event: 10.900 Thread 0x00000000024f1000 DEOPT UNPACKING pc=0x00000000027055af sp=0x0000000000aaec50 mode 2
Event: 10.900 Thread 0x00000000024f1000 Uncommon trap: trap_request=0xffffffde fr.pc=0x0000000002b265c0
Event: 10.900 Thread 0x00000000024f1000 DEOPT PACKING pc=0x0000000002b265c0 sp=0x0000000000aaecf0
Event: 10.900 Thread 0x00000000024f1000 DEOPT UNPACKING pc=0x00000000027055af sp=0x0000000000aaec78 mode 2
Event: 10.905 loading class com/android/dx/rop/cst/Zeroes
Event: 10.905 loading class com/android/dx/rop/cst/Zeroes done
Event: 10.915 Thread 0x00000000163f6000 Thread exited: 0x00000000163f6000


Dynamic libraries:
0x00007ff70ec20000 - 0x00007ff70ec54000 	C:\Program Files\Java\jdk1.8.0_11\bin\java.exe
0x00007ffa69510000 - 0x00007ffa696b9000 	C:\Windows\SYSTEM32\ntdll.dll
0x00007ffa69250000 - 0x00007ffa69389000 	C:\Windows\system32\KERNEL32.DLL
0x00007ffa66b40000 - 0x00007ffa66c4e000 	C:\Windows\system32\KERNELBASE.dll
0x00007ffa654c0000 - 0x00007ffa6554b000 	C:\Windows\system32\apphelp.dll
0x00007ffa5ccb0000 - 0x00007ffa5ccff000 	C:\Windows\AppPatch\AppPatch64\AcGenral.DLL
0x00007ffa66e60000 - 0x00007ffa66f07000 	C:\Windows\system32\msvcrt.dll
0x00007ffa66670000 - 0x00007ffa6669b000 	C:\Windows\SYSTEM32\SspiCli.dll
0x00007ffa67050000 - 0x00007ffa670a1000 	C:\Windows\system32\SHLWAPI.dll
0x00007ffa676b0000 - 0x00007ffa67821000 	C:\Windows\system32\USER32.dll
0x00007ffa69390000 - 0x00007ffa69506000 	C:\Windows\system32\ole32.dll
0x00007ffa67be0000 - 0x00007ffa68fef000 	C:\Windows\system32\SHELL32.dll
0x00007ffa65e10000 - 0x00007ffa65e2f000 	C:\Windows\SYSTEM32\USERENV.dll
0x00007ffa670b0000 - 0x00007ffa67155000 	C:\Windows\system32\ADVAPI32.dll
0x00007ffa5e950000 - 0x00007ffa5e96b000 	C:\Windows\SYSTEM32\MPR.dll
0x00007ffa67310000 - 0x00007ffa67446000 	C:\Windows\system32\RPCRT4.dll
0x00007ffa67b80000 - 0x00007ffa67bd7000 	C:\Windows\SYSTEM32\sechost.dll
0x00007ffa679a0000 - 0x00007ffa67b77000 	C:\Windows\SYSTEM32\combase.dll
0x00007ffa67160000 - 0x00007ffa672a5000 	C:\Windows\system32\GDI32.dll
0x00007ffa66890000 - 0x00007ffa668a4000 	C:\Windows\SYSTEM32\profapi.dll
0x00007ffa64ee0000 - 0x00007ffa64f81000 	C:\Windows\SYSTEM32\SHCORE.dll
0x00007ffa67670000 - 0x00007ffa676a4000 	C:\Windows\system32\IMM32.DLL
0x00007ffa66f10000 - 0x00007ffa67048000 	C:\Windows\system32\MSCTF.dll
0x00007ffa64240000 - 0x00007ffa6449a000 	C:\Windows\WinSxS\amd64_microsoft.windows.common-controls_6595b64144ccf1df_6.0.9600.16384_none_62475f7becb72503\COMCTL32.dll
0x0000000076910000 - 0x00000000769e2000 	C:\Program Files\Java\jdk1.8.0_11\jre\bin\msvcr100.dll
0x0000000076fb0000 - 0x00000000777da000 	C:\Program Files\Java\jdk1.8.0_11\jre\bin\server\jvm.dll
0x00007ffa5e450000 - 0x00007ffa5e459000 	C:\Windows\SYSTEM32\WSOCK32.dll
0x00007ffa5d600000 - 0x00007ffa5d61f000 	C:\Windows\SYSTEM32\WINMM.dll
0x00007ffa691d0000 - 0x00007ffa691d7000 	C:\Windows\system32\PSAPI.DLL
0x00007ffa691e0000 - 0x00007ffa69238000 	C:\Windows\system32\WS2_32.dll
0x00007ffa5d5d0000 - 0x00007ffa5d5fa000 	C:\Windows\SYSTEM32\WINMMBASE.dll
0x00007ffa67990000 - 0x00007ffa67999000 	C:\Windows\system32\NSI.dll
0x00007ffa66d00000 - 0x00007ffa66d4a000 	C:\Windows\SYSTEM32\cfgmgr32.dll
0x00007ffa65740000 - 0x00007ffa65766000 	C:\Windows\SYSTEM32\DEVOBJ.dll
0x0000000076ec0000 - 0x0000000076ecf000 	C:\Program Files\Java\jdk1.8.0_11\jre\bin\verify.dll
0x0000000076e90000 - 0x0000000076eb8000 	C:\Program Files\Java\jdk1.8.0_11\jre\bin\java.dll
0x0000000076e70000 - 0x0000000076e86000 	C:\Program Files\Java\jdk1.8.0_11\jre\bin\zip.dll

VM Arguments:
jvm_args: -Djava.awt.headless=true -Xmx1024M -Dfile.encoding=GBK -Duser.country=US -Duser.language=en -Duser.variant 
java_command: com.android.dx.command.Main --dex --num-threads=4 --output E:\java\android\NetMT\app\build\intermediates\pre-dexed\debug\com.android.support-appcompat-v7-23.2.0_e6f13f0fff153e35e3220c9372b888df45b99236.jar E:\java\android\NetMT\app\build\intermediates\exploded-aar\com.android.support\appcompat-v7\23.2.0\jars\classes.jar
java_class_path (initial): C:\Users\Administrator\AppData\Local\Android\sdk\build-tools\23.0.2\lib\dx.jar
Launcher Type: SUN_STANDARD

Environment Variables:
JAVA_HOME=C:\Program Files\Java\jdk1.8.0_11
PATH=C:\Windows\system32;C:\Windows;C:\Windows\System32\Wbem;C:\Windows\System32\WindowsPowerShell\v1.0\;C:\Program Files (x86)\ATI Technologies\ATI.ACE\Core-Static;0x0.000000p-1022ndroid;D:\Java\jdk1.7.0_17\bin;C:\Program Files (x86)\Microsoft SQL Server\100\Tools\Binn\;C:\Program Files\Microsoft SQL Server\100\Tools\Binn\;C:\Program Files\Microsoft SQL Server\100\DTS\Binn\;D:\TortoiseSVN\bin;D:\Java\jdk1.7.0_17\bin
USERNAME=KingHacker
OS=Windows_NT
PROCESSOR_IDENTIFIER=Intel64 Family 6 Model 42 Stepping 7, GenuineIntel



---------------  S Y S T E M  ---------------

OS: Windows 8.1 , 64 bit Build 9600 

CPU:total 4 (2 cores per cpu, 2 threads per core) family 6 model 42 stepping 7, cmov, cx8, fxsr, mmx, sse, sse2, sse3, ssse3, sse4.1, sse4.2, popcnt, avx, aes, clmul, ht, tsc, tscinvbit

Memory: 4k page, physical 4136812k(758584k free), swap 16719724k(5176k free)

vm_info: Java HotSpot(TM) 64-Bit Server VM (25.11-b03) for windows-amd64 JRE (1.8.0_11-b12), built on Jun 16 2014 20:57:32 by "java_re" with MS VC++ 10.0 (VS2010)

time: Fri Mar 18 14:12:40 2016
elapsed time: 10 seconds

