#
# There is insufficient memory for the Java Runtime Environment to continue.
# Native memory allocation (malloc) failed to allocate 278016 bytes for Chunk::new
# Possible reasons:
#   The system is out of physical RAM or swap space
#   In 32 bit mode, the process size limit was hit
# Possible solutions:
#   Reduce memory load on the system
#   Increase physical memory or swap space
#   Check if swap backing store is full
#   Use 64 bit Java on a 64 bit OS
#   Decrease Java heap size (-Xmx/-Xms)
#   Decrease number of Java threads
#   Decrease Java thread stack sizes (-Xss)
#   Set larger code cache with -XX:ReservedCodeCacheSize=
# This output file may be truncated or incomplete.
#
#  Out of Memory Error (allocation.cpp:388), pid=6588, tid=4760
#
# JRE version: Java(TM) SE Runtime Environment (8.0_11-b12) (build 1.8.0_11-b12)
# Java VM: Java HotSpot(TM) 64-Bit Server VM (25.11-b03 mixed mode windows-amd64 compressed oops)
# Failed to write core dump. Minidumps are not enabled by default on client versions of Windows
#

---------------  T H R E A D  ---------------

Current thread (0x0000000014aee000):  JavaThread "C2 CompilerThread0" daemon [_thread_in_native, id=4760, stack(0x0000000016450000,0x0000000016550000)]

Stack: [0x0000000016450000,0x0000000016550000]
Native frames: (J=compiled Java code, j=interpreted, Vv=VM code, C=native code)
V  [jvm.dll+0x308eca]
V  [jvm.dll+0x25e121]
V  [jvm.dll+0x25ed33]
V  [jvm.dll+0x256705]
V  [jvm.dll+0xbd2b5]
V  [jvm.dll+0xbd75c]
V  [jvm.dll+0x44d772]
V  [jvm.dll+0x48e3cf]
V  [jvm.dll+0x442cbe]
V  [jvm.dll+0x4439eb]
V  [jvm.dll+0x427722]
V  [jvm.dll+0x96982]
V  [jvm.dll+0x97173]
V  [jvm.dll+0x2234b4]
V  [jvm.dll+0x27bcca]
C  [msvcr100.dll+0x21d9f]
C  [msvcr100.dll+0x21e3b]
C  [KERNEL32.DLL+0x15cd]
C  [ntdll.dll+0x743d1]


Current CompileTask:
C2:    963  214       4       java.util.regex.Pattern::compile (406 bytes)


---------------  P R O C E S S  ---------------

Java Threads: ( => current thread )
  0x0000000015ee5000 JavaThread "Service Thread" daemon [_thread_blocked, id=7884, stack(0x0000000016750000,0x0000000016850000)]
  0x0000000014b0c800 JavaThread "C1 CompilerThread2" daemon [_thread_blocked, id=9880, stack(0x0000000016650000,0x0000000016750000)]
  0x0000000014aff000 JavaThread "C2 CompilerThread1" daemon [_thread_in_native, id=3344, stack(0x0000000016550000,0x0000000016650000)]
=>0x0000000014aee000 JavaThread "C2 CompilerThread0" daemon [_thread_in_native, id=4760, stack(0x0000000016450000,0x0000000016550000)]
  0x0000000015e93000 JavaThread "Attach Listener" daemon [_thread_blocked, id=6456, stack(0x0000000016350000,0x0000000016450000)]
  0x0000000014afd000 JavaThread "Signal Dispatcher" daemon [_thread_blocked, id=6824, stack(0x0000000016250000,0x0000000016350000)]
  0x00000000023e4800 JavaThread "Finalizer" daemon [_thread_blocked, id=9784, stack(0x0000000015d30000,0x0000000015e30000)]
  0x0000000014aa7800 JavaThread "Reference Handler" daemon [_thread_blocked, id=9636, stack(0x0000000015c30000,0x0000000015d30000)]
  0x00000000022f1000 JavaThread "main" [_thread_in_native, id=6364, stack(0x0000000001f00000,0x0000000002000000)]

Other Threads:
  0x0000000014aa6000 VMThread [stack: 0x0000000015b30000,0x0000000015c30000] [id=1444]
  0x0000000015eef800 WatcherThread [stack: 0x0000000016850000,0x0000000016950000] [id=6016]

VM state:not at safepoint (normal execution)

VM Mutex/Monitor currently owned by a thread: None

Heap:
 PSYoungGen      total 3072K, used 408K [0x00000000eab00000, 0x00000000eaf00000, 0x0000000100000000)
  eden space 2048K, 19% used [0x00000000eab00000,0x00000000eab66388,0x00000000ead00000)
  from space 1024K, 0% used [0x00000000eae00000,0x00000000eae00000,0x00000000eaf00000)
  to   space 1024K, 0% used [0x00000000ead00000,0x00000000ead00000,0x00000000eae00000)
 ParOldGen       total 6656K, used 1166K [0x00000000c0000000, 0x00000000c0680000, 0x00000000eab00000)
  object space 6656K, 17% used [0x00000000c0000000,0x00000000c0123848,0x00000000c0680000)
 Metaspace       used 3654K, capacity 4880K, committed 5120K, reserved 1058816K
  class space    used 401K, capacity 456K, committed 512K, reserved 1048576K

Card table byte_map: [0x00000000117b0000,0x00000000119c0000] byte_map_base: 0x00000000111b0000

Marking Bits: (ParMarkBitMap*) 0x00000000777612b0
 Begin Bits: [0x0000000011f20000, 0x0000000012f20000)
 End Bits:   [0x0000000012f20000, 0x0000000013f20000)

Polling page: 0x00000000008d0000

CodeCache: size=245760Kb used=1648Kb max_used=1648Kb free=244112Kb
 bounds [0x00000000023f0000, 0x0000000002660000, 0x00000000113f0000]
 total_blobs=499 nmethods=250 adapters=163
 compilation: enabled

Compilation events (10 events):
Event: 0.760 Thread 0x0000000014aee000 nmethod 209 0x0000000002575cd0 code [0x0000000002575e20, 0x0000000002575f98]
Event: 0.760 Thread 0x0000000014aee000  211       4       java.util.regex.Pattern$BnM::optimize (179 bytes)
Event: 0.762 Thread 0x0000000014aff000 nmethod 175% 0x000000000257d010 code [0x000000000257d340, 0x000000000257e7b0]
Event: 0.763 Thread 0x0000000014aff000  212       4       java.util.regex.Matcher::search (109 bytes)
Event: 0.777 Thread 0x0000000014aee000 nmethod 211 0x00000000025791d0 code [0x0000000002579340, 0x0000000002579a18]
Event: 0.777 Thread 0x0000000014aee000  214       4       java.util.regex.Pattern::compile (406 bytes)
Event: 0.781 Thread 0x0000000014aff000 nmethod 212 0x000000000257a5d0 code [0x000000000257a740, 0x000000000257adb8]
Event: 0.781 Thread 0x0000000014aff000  215       4       java.util.regex.Pattern::newSlice (181 bytes)
Event: 0.791 Thread 0x0000000014aff000 nmethod 215 0x0000000002576c90 code [0x0000000002576e20, 0x00000000025772a8]
Event: 0.791 Thread 0x0000000014aff000  213       4       java.lang.String::compareTo (78 bytes)

GC Heap History (10 events):
Event: 0.748 GC heap before
{Heap before GC invocations=7 (full 0):
 PSYoungGen      total 2048K, used 1544K [0x00000000eab00000, 0x00000000eae00000, 0x0000000100000000)
  eden space 1024K, 100% used [0x00000000eab00000,0x00000000eac00000,0x00000000eac00000)
  from space 1024K, 50% used [0x00000000ead00000,0x00000000ead82020,0x00000000eae00000)
  to   space 1024K, 0% used [0x00000000eac00000,0x00000000eac00000,0x00000000ead00000)
 ParOldGen       total 64000K, used 785K [0x00000000c0000000, 0x00000000c3e80000, 0x00000000eab00000)
  object space 64000K, 1% used [0x00000000c0000000,0x00000000c00c4680,0x00000000c3e80000)
 Metaspace       used 3517K, capacity 4720K, committed 4864K, reserved 1056768K
  class space    used 379K, capacity 424K, committed 512K, reserved 1048576K
Event: 0.754 GC heap after
Heap after GC invocations=7 (full 0):
 PSYoungGen      total 2048K, used 128K [0x00000000eab00000, 0x00000000eae00000, 0x0000000100000000)
  eden space 1024K, 0% used [0x00000000eab00000,0x00000000eab00000,0x00000000eac00000)
  from space 1024K, 12% used [0x00000000eac00000,0x00000000eac20000,0x00000000ead00000)
  to   space 1024K, 0% used [0x00000000ead00000,0x00000000ead00000,0x00000000eae00000)
 ParOldGen       total 64000K, used 1177K [0x00000000c0000000, 0x00000000c3e80000, 0x00000000eab00000)
  object space 64000K, 1% used [0x00000000c0000000,0x00000000c01266e0,0x00000000c3e80000)
 Metaspace       used 3517K, capacity 4720K, committed 4864K, reserved 1056768K
  class space    used 379K, capacity 424K, committed 512K, reserved 1048576K
}
Event: 0.757 GC heap before
{Heap before GC invocations=8 (full 0):
 PSYoungGen      total 2048K, used 1152K [0x00000000eab00000, 0x00000000eae00000, 0x0000000100000000)
  eden space 1024K, 100% used [0x00000000eab00000,0x00000000eac00000,0x00000000eac00000)
  from space 1024K, 12% used [0x00000000eac00000,0x00000000eac20000,0x00000000ead00000)
  to   space 1024K, 0% used [0x00000000ead00000,0x00000000ead00000,0x00000000eae00000)
 ParOldGen       total 64000K, used 1177K [0x00000000c0000000, 0x00000000c3e80000, 0x00000000eab00000)
  object space 64000K, 1% used [0x00000000c0000000,0x00000000c01266e0,0x00000000c3e80000)
 Metaspace       used 3517K, capacity 4720K, committed 4864K, reserved 1056768K
  class space    used 379K, capacity 424K, committed 512K, reserved 1048576K
Event: 0.758 GC heap after
Heap after GC invocations=8 (full 0):
 PSYoungGen      total 2048K, used 64K [0x00000000eab00000, 0x00000000eae00000, 0x0000000100000000)
  eden space 1024K, 0% used [0x00000000eab00000,0x00000000eab00000,0x00000000eac00000)
  from space 1024K, 6% used [0x00000000ead00000,0x00000000ead10000,0x00000000eae00000)
  to   space 1024K, 0% used [0x00000000eac00000,0x00000000eac00000,0x00000000ead00000)
 ParOldGen       total 64000K, used 1265K [0x00000000c0000000, 0x00000000c3e80000, 0x00000000eab00000)
  object space 64000K, 1% used [0x00000000c0000000,0x00000000c013c700,0x00000000c3e80000)
 Metaspace       used 3517K, capacity 4720K, committed 4864K, reserved 1056768K
  class space    used 379K, capacity 424K, committed 512K, reserved 1048576K
}
Event: 0.761 GC heap before
{Heap before GC invocations=9 (full 0):
 PSYoungGen      total 2048K, used 1088K [0x00000000eab00000, 0x00000000eae00000, 0x0000000100000000)
  eden space 1024K, 100% used [0x00000000eab00000,0x00000000eac00000,0x00000000eac00000)
  from space 1024K, 6% used [0x00000000ead00000,0x00000000ead10000,0x00000000eae00000)
  to   space 1024K, 0% used [0x00000000eac00000,0x00000000eac00000,0x00000000ead00000)
 ParOldGen       total 64000K, used 1265K [0x00000000c0000000, 0x00000000c3e80000, 0x00000000eab00000)
  object space 64000K, 1% used [0x00000000c0000000,0x00000000c013c700,0x00000000c3e80000)
 Metaspace       used 3517K, capacity 4720K, committed 4864K, reserved 1056768K
  class space    used 379K, capacity 424K, committed 512K, reserved 1048576K
Event: 0.762 GC heap after
Heap after GC invocations=9 (full 0):
 PSYoungGen      total 2048K, used 64K [0x00000000eab00000, 0x00000000eae00000, 0x0000000100000000)
  eden space 1024K, 0% used [0x00000000eab00000,0x00000000eab00000,0x00000000eac00000)
  from space 1024K, 6% used [0x00000000eac00000,0x00000000eac10000,0x00000000ead00000)
  to   space 1024K, 0% used [0x00000000ead00000,0x00000000ead00000,0x00000000eae00000)
 ParOldGen       total 64000K, used 1297K [0x00000000c0000000, 0x00000000c3e80000, 0x00000000eab00000)
  object space 64000K, 2% used [0x00000000c0000000,0x00000000c0144700,0x00000000c3e80000)
 Metaspace       used 3517K, capacity 4720K, committed 4864K, reserved 1056768K
  class space    used 379K, capacity 424K, committed 512K, reserved 1048576K
}
Event: 0.764 GC heap before
{Heap before GC invocations=10 (full 0):
 PSYoungGen      total 2048K, used 1088K [0x00000000eab00000, 0x00000000eae00000, 0x0000000100000000)
  eden space 1024K, 100% used [0x00000000eab00000,0x00000000eac00000,0x00000000eac00000)
  from space 1024K, 6% used [0x00000000eac00000,0x00000000eac10000,0x00000000ead00000)
  to   space 1024K, 0% used [0x00000000ead00000,0x00000000ead00000,0x00000000eae00000)
 ParOldGen       total 64000K, used 1297K [0x00000000c0000000, 0x00000000c3e80000, 0x00000000eab00000)
  object space 64000K, 2% used [0x00000000c0000000,0x00000000c0144700,0x00000000c3e80000)
 Metaspace       used 3517K, capacity 4720K, committed 4864K, reserved 1056768K
  class space    used 379K, capacity 424K, committed 512K, reserved 1048576K
Event: 0.765 GC heap after
Heap after GC invocations=10 (full 0):
 PSYoungGen      total 2048K, used 64K [0x00000000eab00000, 0x00000000eae00000, 0x0000000100000000)
  eden space 1024K, 0% used [0x00000000eab00000,0x00000000eab00000,0x00000000eac00000)
  from space 1024K, 6% used [0x00000000ead00000,0x00000000ead10000,0x00000000eae00000)
  to   space 1024K, 0% used [0x00000000eac00000,0x00000000eac00000,0x00000000ead00000)
 ParOldGen       total 64000K, used 1313K [0x00000000c0000000, 0x00000000c3e80000, 0x00000000eab00000)
  object space 64000K, 2% used [0x00000000c0000000,0x00000000c0148700,0x00000000c3e80000)
 Metaspace       used 3517K, capacity 4720K, committed 4864K, reserved 1056768K
  class space    used 379K, capacity 424K, committed 512K, reserved 1048576K
}
Event: 0.788 GC heap before
{Heap before GC invocations=11 (full 0):
 PSYoungGen      total 2048K, used 1088K [0x00000000eab00000, 0x00000000eae00000, 0x0000000100000000)
  eden space 1024K, 100% used [0x00000000eab00000,0x00000000eac00000,0x00000000eac00000)
  from space 1024K, 6% used [0x00000000ead00000,0x00000000ead10000,0x00000000eae00000)
  to   space 1024K, 0% used [0x00000000eac00000,0x00000000eac00000,0x00000000ead00000)
 ParOldGen       total 64000K, used 1313K [0x00000000c0000000, 0x00000000c3e80000, 0x00000000eab00000)
  object space 64000K, 2% used [0x00000000c0000000,0x00000000c0148700,0x00000000c3e80000)
 Metaspace       used 3517K, capacity 4720K, committed 4864K, reserved 1056768K
  class space    used 379K, capacity 424K, committed 512K, reserved 1048576K
Event: 0.790 GC heap after
Heap after GC invocations=11 (full 0):
 PSYoungGen      total 2048K, used 32K [0x00000000eab00000, 0x00000000eaf00000, 0x0000000100000000)
  eden space 1024K, 0% used [0x00000000eab00000,0x00000000eab00000,0x00000000eac00000)
  from space 1024K, 3% used [0x00000000eac00000,0x00000000eac08000,0x00000000ead00000)
  to   space 1024K, 0% used [0x00000000eae00000,0x00000000eae00000,0x00000000eaf00000)
 ParOldGen       total 64000K, used 1321K [0x00000000c0000000, 0x00000000c3e80000, 0x00000000eab00000)
  object space 64000K, 2% used [0x00000000c0000000,0x00000000c014a700,0x00000000c3e80000)
 Metaspace       used 3517K, capacity 4720K, committed 4864K, reserved 1056768K
  class space    used 379K, capacity 424K, committed 512K, reserved 1048576K
}

Deoptimization events (0 events):
No events

Internal exceptions (10 events):
Event: 0.661 Thread 0x00000000022f1000 Exception <a 'java/security/PrivilegedActionException'> (0x00000000eab26c10) thrown at [C:\re\workspace\8-2-build-windows-amd64-cygwin\jdk8u11\648\hotspot\src\share\vm\prims\jvm.cpp, line 1248]
Event: 0.661 Thread 0x00000000022f1000 Exception <a 'java/security/PrivilegedActionException'> (0x00000000eab28f88) thrown at [C:\re\workspace\8-2-build-windows-amd64-cygwin\jdk8u11\648\hotspot\src\share\vm\prims\jvm.cpp, line 1248]
Event: 0.662 Thread 0x00000000022f1000 Exception <a 'java/security/PrivilegedActionException'> (0x00000000eab2deb8) thrown at [C:\re\workspace\8-2-build-windows-amd64-cygwin\jdk8u11\648\hotspot\src\share\vm\prims\jvm.cpp, line 1248]
Event: 0.662 Thread 0x00000000022f1000 Exception <a 'java/security/PrivilegedActionException'> (0x00000000eab325a0) thrown at [C:\re\workspace\8-2-build-windows-amd64-cygwin\jdk8u11\648\hotspot\src\share\vm\prims\jvm.cpp, line 1248]
Event: 0.662 Thread 0x00000000022f1000 Exception <a 'java/security/PrivilegedActionException'> (0x00000000eab372d8) thrown at [C:\re\workspace\8-2-build-windows-amd64-cygwin\jdk8u11\648\hotspot\src\share\vm\prims\jvm.cpp, line 1248]
Event: 0.663 Thread 0x00000000022f1000 Exception <a 'java/security/PrivilegedActionException'> (0x00000000eab3bc68) thrown at [C:\re\workspace\8-2-build-windows-amd64-cygwin\jdk8u11\648\hotspot\src\share\vm\prims\jvm.cpp, line 1248]
Event: 0.666 Thread 0x00000000022f1000 Exception <a 'java/security/PrivilegedActionException'> (0x00000000eab455e8) thrown at [C:\re\workspace\8-2-build-windows-amd64-cygwin\jdk8u11\648\hotspot\src\share\vm\prims\jvm.cpp, line 1248]
Event: 0.667 Thread 0x00000000022f1000 Exception <a 'java/security/PrivilegedActionException'> (0x00000000eab4b0c8) thrown at [C:\re\workspace\8-2-build-windows-amd64-cygwin\jdk8u11\648\hotspot\src\share\vm\prims\jvm.cpp, line 1248]
Event: 0.667 Thread 0x00000000022f1000 Exception <a 'java/security/PrivilegedActionException'> (0x00000000eab4d588) thrown at [C:\re\workspace\8-2-build-windows-amd64-cygwin\jdk8u11\648\hotspot\src\share\vm\prims\jvm.cpp, line 1248]
Event: 0.710 Thread 0x00000000022f1000 Exception <a 'java/security/PrivilegedActionException'> (0x00000000eab504f8) thrown at [C:\re\workspace\8-2-build-windows-amd64-cygwin\jdk8u11\648\hotspot\src\share\vm\prims\jvm.cpp, line 1248]

Events (10 events):
Event: 0.755 Thread 0x00000000022f1000 DEOPT PACKING pc=0x000000000251ab7b sp=0x0000000001ffef70
Event: 0.755 Thread 0x00000000022f1000 DEOPT UNPACKING pc=0x0000000002437604 sp=0x0000000001ffec80 mode 0
Event: 0.757 Executing VM operation: ParallelGCFailedAllocation
Event: 0.758 Executing VM operation: ParallelGCFailedAllocation done
Event: 0.761 Executing VM operation: ParallelGCFailedAllocation
Event: 0.762 Executing VM operation: ParallelGCFailedAllocation done
Event: 0.764 Executing VM operation: ParallelGCFailedAllocation
Event: 0.765 Executing VM operation: ParallelGCFailedAllocation done
Event: 0.788 Executing VM operation: ParallelGCFailedAllocation
Event: 0.790 Executing VM operation: ParallelGCFailedAllocation done


Dynamic libraries:
0x00007ff732c90000 - 0x00007ff732cc4000 	C:\Program Files\Java\jdk1.8.0_11\bin\java.exe
0x00007ffa69510000 - 0x00007ffa696b9000 	C:\Windows\SYSTEM32\ntdll.dll
0x00007ffa69250000 - 0x00007ffa69389000 	C:\Windows\system32\KERNEL32.DLL
0x00007ffa66b40000 - 0x00007ffa66c4e000 	C:\Windows\system32\KERNELBASE.dll
0x00007ffa654c0000 - 0x00007ffa6554b000 	C:\Windows\system32\apphelp.dll
0x00007ffa5da00000 - 0x00007ffa5da4f000 	C:\Windows\AppPatch\AppPatch64\AcGenral.DLL
0x00007ffa66e60000 - 0x00007ffa66f07000 	C:\Windows\system32\msvcrt.dll
0x00007ffa66670000 - 0x00007ffa6669b000 	C:\Windows\SYSTEM32\SspiCli.dll
0x00007ffa67050000 - 0x00007ffa670a1000 	C:\Windows\system32\SHLWAPI.dll
0x00007ffa676b0000 - 0x00007ffa67821000 	C:\Windows\system32\USER32.dll
0x00007ffa69390000 - 0x00007ffa69506000 	C:\Windows\system32\ole32.dll
0x00007ffa67be0000 - 0x00007ffa68fef000 	C:\Windows\system32\SHELL32.dll
0x00007ffa65e10000 - 0x00007ffa65e2f000 	C:\Windows\SYSTEM32\USERENV.dll
0x00007ffa670b0000 - 0x00007ffa67155000 	C:\Windows\system32\ADVAPI32.dll
0x00007ffa5e950000 - 0x00007ffa5e96b000 	C:\Windows\SYSTEM32\MPR.dll
0x00007ffa67310000 - 0x00007ffa67446000 	C:\Windows\system32\RPCRT4.dll
0x00007ffa67b80000 - 0x00007ffa67bd7000 	C:\Windows\SYSTEM32\sechost.dll
0x00007ffa679a0000 - 0x00007ffa67b77000 	C:\Windows\SYSTEM32\combase.dll
0x00007ffa67160000 - 0x00007ffa672a5000 	C:\Windows\system32\GDI32.dll
0x00007ffa66890000 - 0x00007ffa668a4000 	C:\Windows\SYSTEM32\profapi.dll
0x00007ffa64ee0000 - 0x00007ffa64f81000 	C:\Windows\SYSTEM32\SHCORE.dll
0x00007ffa67670000 - 0x00007ffa676a4000 	C:\Windows\system32\IMM32.DLL
0x00007ffa66f10000 - 0x00007ffa67048000 	C:\Windows\system32\MSCTF.dll
0x00007ffa64240000 - 0x00007ffa6449a000 	C:\Windows\WinSxS\amd64_microsoft.windows.common-controls_6595b64144ccf1df_6.0.9600.16384_none_62475f7becb72503\COMCTL32.dll
0x0000000076910000 - 0x00000000769e2000 	C:\Program Files\Java\jdk1.8.0_11\jre\bin\msvcr100.dll
0x0000000076fb0000 - 0x00000000777da000 	C:\Program Files\Java\jdk1.8.0_11\jre\bin\server\jvm.dll
0x00007ffa5e450000 - 0x00007ffa5e459000 	C:\Windows\SYSTEM32\WSOCK32.dll
0x00007ffa5d600000 - 0x00007ffa5d61f000 	C:\Windows\SYSTEM32\WINMM.dll
0x00007ffa691d0000 - 0x00007ffa691d7000 	C:\Windows\system32\PSAPI.DLL
0x00007ffa691e0000 - 0x00007ffa69238000 	C:\Windows\system32\WS2_32.dll
0x00007ffa5d5d0000 - 0x00007ffa5d5fa000 	C:\Windows\SYSTEM32\WINMMBASE.dll
0x00007ffa67990000 - 0x00007ffa67999000 	C:\Windows\system32\NSI.dll
0x00007ffa66d00000 - 0x00007ffa66d4a000 	C:\Windows\SYSTEM32\cfgmgr32.dll
0x00007ffa65740000 - 0x00007ffa65766000 	C:\Windows\SYSTEM32\DEVOBJ.dll
0x0000000076e00000 - 0x0000000076e0f000 	C:\Program Files\Java\jdk1.8.0_11\jre\bin\verify.dll
0x0000000076dd0000 - 0x0000000076df8000 	C:\Program Files\Java\jdk1.8.0_11\jre\bin\java.dll
0x0000000076d80000 - 0x0000000076d96000 	C:\Program Files\Java\jdk1.8.0_11\jre\bin\zip.dll
0x00007ffa529a0000 - 0x00007ffa52b28000 	C:\Windows\SYSTEM32\dbghelp.dll

VM Arguments:
jvm_args: -Djava.awt.headless=true -Xmx1024M -Dfile.encoding=GBK -Duser.country=US -Duser.language=en -Duser.variant 
java_command: com.android.dx.command.Main --dex --num-threads=4 --output E:\java\android\NetMT\app\build\intermediates\pre-dexed\debug\com.android.support-support-v4-23.2.0_9ee52d5888951727ebf6528de654b220ce89c43b.jar E:\java\android\NetMT\app\build\intermediates\exploded-aar\com.android.support\support-v4\23.2.0\jars\classes.jar
java_class_path (initial): C:\Users\Administrator\AppData\Local\Android\sdk\build-tools\23.0.2\lib\dx.jar
Launcher Type: SUN_STANDARD

Environment Variables:
JAVA_HOME=C:\Program Files\Java\jdk1.8.0_11
PATH=C:\Windows\system32;C:\Windows;C:\Windows\System32\Wbem;C:\Windows\System32\WindowsPowerShell\v1.0\;C:\Program Files (x86)\ATI Technologies\ATI.ACE\Core-Static;0x0.000000p-1022ndroid;D:\Java\jdk1.7.0_17\bin;C:\Program Files (x86)\Microsoft SQL Server\100\Tools\Binn\;C:\Program Files\Microsoft SQL Server\100\Tools\Binn\;C:\Program Files\Microsoft SQL Server\100\DTS\Binn\;D:\TortoiseSVN\bin;D:\Java\jdk1.7.0_17\bin
USERNAME=KingHacker
OS=Windows_NT
PROCESSOR_IDENTIFIER=Intel64 Family 6 Model 42 Stepping 7, GenuineIntel



---------------  S Y S T E M  ---------------

OS: Windows 8.1 , 64 bit Build 9600 

CPU:total 4 (2 cores per cpu, 2 threads per core) family 6 model 42 stepping 7, cmov, cx8, fxsr, mmx, sse, sse2, sse3, ssse3, sse4.1, sse4.2, popcnt, avx, aes, clmul, ht, tsc, tscinvbit

Memory: 4k page, physical 4136812k(677896k free), swap 16719724k(57212k free)

vm_info: Java HotSpot(TM) 64-Bit Server VM (25.11-b03) for windows-amd64 JRE (1.8.0_11-b12), built on Jun 16 2014 20:57:32 by "java_re" with MS VC++ 10.0 (VS2010)

time: Thu Mar 17 19:53:12 2016
elapsed time: 0 seconds

