#
# There is insufficient memory for the Java Runtime Environment to continue.
# Native memory allocation (malloc) failed to allocate 1221376 bytes for Chunk::new
# Possible reasons:
#   The system is out of physical RAM or swap space
#   In 32 bit mode, the process size limit was hit
# Possible solutions:
#   Reduce memory load on the system
#   Increase physical memory or swap space
#   Check if swap backing store is full
#   Use 64 bit Java on a 64 bit OS
#   Decrease Java heap size (-Xmx/-Xms)
#   Decrease number of Java threads
#   Decrease Java thread stack sizes (-Xss)
#   Set larger code cache with -XX:ReservedCodeCacheSize=
# This output file may be truncated or incomplete.
#
#  Out of Memory Error (allocation.cpp:388), pid=3476, tid=2580
#
# JRE version: Java(TM) SE Runtime Environment (8.0_11-b12) (build 1.8.0_11-b12)
# Java VM: Java HotSpot(TM) 64-Bit Server VM (25.11-b03 mixed mode windows-amd64 compressed oops)
# Failed to write core dump. Minidumps are not enabled by default on client versions of Windows
#

---------------  T H R E A D  ---------------

Current thread (0x000000001517c800):  JavaThread "C2 CompilerThread1" daemon [_thread_in_native, id=2580, stack(0x0000000016b70000,0x0000000016c70000)]

Stack: [0x0000000016b70000,0x0000000016c70000]
[error occurred during error reporting (printing stack bounds), id 0xc0000005]

Native frames: (J=compiled Java code, j=interpreted, Vv=VM code, C=native code)
V  [jvm.dll+0x308eca]


Current CompileTask:
C2:   5366 1557   !   4       com.android.dx.cf.cst.ConstantPoolParser::parse0 (731 bytes)


---------------  P R O C E S S  ---------------

Java Threads: ( => current thread )
  0x000000001676d800 JavaThread "pool-1-thread-4" [_thread_in_vm, id=7104, stack(0x0000000017b70000,0x0000000017c70000)]
  0x000000001670b800 JavaThread "pool-1-thread-3" [_thread_in_vm, id=5388, stack(0x0000000017a70000,0x0000000017b70000)]
  0x000000001670b000 JavaThread "pool-1-thread-2" [_thread_blocked, id=6096, stack(0x0000000017970000,0x0000000017a70000)]
  0x000000001670a000 JavaThread "pool-2-thread-1" [_thread_blocked, id=7208, stack(0x0000000017870000,0x0000000017970000)]
  0x0000000016707800 JavaThread "pool-1-thread-1" [_thread_in_Java, id=9848, stack(0x0000000017770000,0x0000000017870000)]
  0x00000000164ce000 JavaThread "Service Thread" daemon [_thread_blocked, id=7728, stack(0x0000000016d70000,0x0000000016e70000)]
  0x00000000164c7800 JavaThread "C1 CompilerThread2" daemon [_thread_blocked, id=6552, stack(0x0000000016c70000,0x0000000016d70000)]
=>0x000000001517c800 JavaThread "C2 CompilerThread1" daemon [_thread_in_native, id=2580, stack(0x0000000016b70000,0x0000000016c70000)]
  0x000000001512e000 JavaThread "C2 CompilerThread0" daemon [_thread_in_native, id=9680, stack(0x0000000016a70000,0x0000000016b70000)]
  0x00000000164b3000 JavaThread "Attach Listener" daemon [_thread_blocked, id=2320, stack(0x0000000016970000,0x0000000016a70000)]
  0x000000001513d000 JavaThread "Signal Dispatcher" daemon [_thread_blocked, id=10144, stack(0x0000000016870000,0x0000000016970000)]
  0x0000000002954800 JavaThread "Finalizer" daemon [_thread_blocked, id=9424, stack(0x0000000016370000,0x0000000016470000)]
  0x00000000150e7800 JavaThread "Reference Handler" daemon [_thread_blocked, id=10196, stack(0x0000000016270000,0x0000000016370000)]
  0x0000000002861000 JavaThread "main" [_thread_blocked, id=8312, stack(0x00000000023f0000,0x00000000024f0000)]

Other Threads:
  0x00000000150e6000 VMThread [stack: 0x0000000016170000,0x0000000016270000] [id=9472]
  0x00000000164e9000 WatcherThread [stack: 0x0000000016e70000,0x0000000016f70000] [id=3448]

VM state:synchronizing (normal execution)

VM Mutex/Monitor currently owned by a thread:  ([mutex/lock_event])
[0x0000000002a4bef0] Safepoint_lock - owner thread: 0x00000000150e6000
[0x0000000002a4c870] Threads_lock - owner thread: 0x00000000150e6000
[0x0000000002a4caf0] Heap_lock - owner thread: 0x000000001670b000

Heap:
 PSYoungGen      total 18432K, used 18418K [0x00000000eab00000, 0x00000000ecb00000, 0x0000000100000000)
  eden space 15872K, 100% used [0x00000000eab00000,0x00000000eba80000,0x00000000eba80000)
  from space 2560K, 99% used [0x00000000eba80000,0x00000000ebcfc950,0x00000000ebd00000)
  to   space 3584K, 0% used [0x00000000ec780000,0x00000000ec780000,0x00000000ecb00000)
 ParOldGen       total 64000K, used 8390K [0x00000000c0000000, 0x00000000c3e80000, 0x00000000eab00000)
  object space 64000K, 13% used [0x00000000c0000000,0x00000000c0831938,0x00000000c3e80000)
 Metaspace       used 5979K, capacity 6960K, committed 7040K, reserved 1056768K
  class space    used 597K, capacity 616K, committed 640K, reserved 1048576K

Card table byte_map: [0x0000000011e10000,0x0000000012020000] byte_map_base: 0x0000000011810000

Marking Bits: (ParMarkBitMap*) 0x00000000777612b0
 Begin Bits: [0x0000000012580000, 0x0000000013580000)
 End Bits:   [0x0000000013580000, 0x0000000014580000)

Polling page: 0x0000000000b60000

CodeCache: size=245760Kb used=7025Kb max_used=7025Kb free=238734Kb
 bounds [0x0000000002a50000, 0x0000000003140000, 0x0000000011a50000]
 total_blobs=1930 nmethods=1664 adapters=180
 compilation: enabled

Compilation events (10 events):
Event: 5.064 Thread 0x00000000164c7800 1642       3       java.lang.String::<init> (15 bytes)
Event: 5.065 Thread 0x00000000164c7800 nmethod 1642 0x00000000030efc10 code [0x00000000030efda0, 0x00000000030f0168]
Event: 5.068 Thread 0x00000000164c7800 1643   !   3       com.android.dx.cf.code.BytecodeArray::parseInstruction (2764 bytes)
Event: 5.079 Thread 0x000000001512e000 nmethod 1586 0x00000000030f5050 code [0x00000000030f5320, 0x00000000030f73a0]
Event: 5.079 Thread 0x000000001512e000 1559   !   4       com.android.dx.cf.code.RopperMachine::run (1550 bytes)
Event: 5.087 Thread 0x00000000164c7800 nmethod 1643 0x00000000030f9950 code [0x00000000030fb020, 0x000000000310b1a8]
Event: 5.089 Thread 0x00000000164c7800 1645       1       com.android.dx.cf.direct.AttributeListParser::setObserver (6 bytes)
Event: 5.089 Thread 0x00000000164c7800 nmethod 1645 0x00000000030f4d50 code [0x00000000030f4ea0, 0x00000000030f4fd0]
Event: 5.305 Thread 0x00000000164c7800 1647       3       com.android.dx.cf.attrib.RawAttribute::byteLength (11 bytes)
Event: 5.305 Thread 0x00000000164c7800 nmethod 1647 0x00000000030f4950 code [0x00000000030f4aa0, 0x00000000030f4c90]

GC Heap History (10 events):
Event: 1.935 GC heap before
{Heap before GC invocations=11 (full 0):
 PSYoungGen      total 7680K, used 7650K [0x00000000eab00000, 0x00000000eb580000, 0x0000000100000000)
  eden space 6144K, 100% used [0x00000000eab00000,0x00000000eb100000,0x00000000eb100000)
  from space 1536K, 98% used [0x00000000eb300000,0x00000000eb4789c0,0x00000000eb480000)
  to   space 2048K, 0% used [0x00000000eb100000,0x00000000eb100000,0x00000000eb300000)
 ParOldGen       total 64000K, used 2045K [0x00000000c0000000, 0x00000000c3e80000, 0x00000000eab00000)
  object space 64000K, 3% used [0x00000000c0000000,0x00000000c01ff6a8,0x00000000c3e80000)
 Metaspace       used 5710K, capacity 6704K, committed 6784K, reserved 1056768K
  class space    used 595K, capacity 616K, committed 640K, reserved 1048576K
Event: 2.137 GC heap after
Heap after GC invocations=11 (full 0):
 PSYoungGen      total 8192K, used 1120K [0x00000000eab00000, 0x00000000eb900000, 0x0000000100000000)
  eden space 6144K, 0% used [0x00000000eab00000,0x00000000eab00000,0x00000000eb100000)
  from space 2048K, 54% used [0x00000000eb100000,0x00000000eb218000,0x00000000eb300000)
  to   space 2048K, 0% used [0x00000000eb700000,0x00000000eb700000,0x00000000eb900000)
 ParOldGen       total 64000K, used 3179K [0x00000000c0000000, 0x00000000c3e80000, 0x00000000eab00000)
  object space 64000K, 4% used [0x00000000c0000000,0x00000000c031ae40,0x00000000c3e80000)
 Metaspace       used 5710K, capacity 6704K, committed 6784K, reserved 1056768K
  class space    used 595K, capacity 616K, committed 640K, reserved 1048576K
}
Event: 2.287 GC heap before
{Heap before GC invocations=12 (full 0):
 PSYoungGen      total 8192K, used 7264K [0x00000000eab00000, 0x00000000eb900000, 0x0000000100000000)
  eden space 6144K, 100% used [0x00000000eab00000,0x00000000eb100000,0x00000000eb100000)
  from space 2048K, 54% used [0x00000000eb100000,0x00000000eb218000,0x00000000eb300000)
  to   space 2048K, 0% used [0x00000000eb700000,0x00000000eb700000,0x00000000eb900000)
 ParOldGen       total 64000K, used 3179K [0x00000000c0000000, 0x00000000c3e80000, 0x00000000eab00000)
  object space 64000K, 4% used [0x00000000c0000000,0x00000000c031ae40,0x00000000c3e80000)
 Metaspace       used 5795K, capacity 6768K, committed 7040K, reserved 1056768K
  class space    used 596K, capacity 616K, committed 640K, reserved 1048576K
Event: 2.557 GC heap after
Heap after GC invocations=12 (full 0):
 PSYoungGen      total 12288K, used 1280K [0x00000000eab00000, 0x00000000eb900000, 0x0000000100000000)
  eden space 10240K, 0% used [0x00000000eab00000,0x00000000eab00000,0x00000000eb500000)
  from space 2048K, 62% used [0x00000000eb700000,0x00000000eb840000,0x00000000eb900000)
  to   space 2048K, 0% used [0x00000000eb500000,0x00000000eb500000,0x00000000eb700000)
 ParOldGen       total 64000K, used 4091K [0x00000000c0000000, 0x00000000c3e80000, 0x00000000eab00000)
  object space 64000K, 6% used [0x00000000c0000000,0x00000000c03fee50,0x00000000c3e80000)
 Metaspace       used 5795K, capacity 6768K, committed 7040K, reserved 1056768K
  class space    used 596K, capacity 616K, committed 640K, reserved 1048576K
}
Event: 2.745 GC heap before
{Heap before GC invocations=13 (full 0):
 PSYoungGen      total 12288K, used 11520K [0x00000000eab00000, 0x00000000eb900000, 0x0000000100000000)
  eden space 10240K, 100% used [0x00000000eab00000,0x00000000eb500000,0x00000000eb500000)
  from space 2048K, 62% used [0x00000000eb700000,0x00000000eb840000,0x00000000eb900000)
  to   space 2048K, 0% used [0x00000000eb500000,0x00000000eb500000,0x00000000eb700000)
 ParOldGen       total 64000K, used 4091K [0x00000000c0000000, 0x00000000c3e80000, 0x00000000eab00000)
  object space 64000K, 6% used [0x00000000c0000000,0x00000000c03fee50,0x00000000c3e80000)
 Metaspace       used 5857K, capacity 6832K, committed 7040K, reserved 1056768K
  class space    used 596K, capacity 616K, committed 640K, reserved 1048576K
Event: 2.751 GC heap after
Heap after GC invocations=13 (full 0):
 PSYoungGen      total 12288K, used 1772K [0x00000000eab00000, 0x00000000ebf00000, 0x0000000100000000)
  eden space 10240K, 0% used [0x00000000eab00000,0x00000000eab00000,0x00000000eb500000)
  from space 2048K, 86% used [0x00000000eb500000,0x00000000eb6bb360,0x00000000eb700000)
  to   space 2048K, 0% used [0x00000000ebd00000,0x00000000ebd00000,0x00000000ebf00000)
 ParOldGen       total 64000K, used 5129K [0x00000000c0000000, 0x00000000c3e80000, 0x00000000eab00000)
  object space 64000K, 8% used [0x00000000c0000000,0x00000000c0502660,0x00000000c3e80000)
 Metaspace       used 5857K, capacity 6832K, committed 7040K, reserved 1056768K
  class space    used 596K, capacity 616K, committed 640K, reserved 1048576K
}
Event: 4.221 GC heap before
{Heap before GC invocations=14 (full 0):
 PSYoungGen      total 12288K, used 12012K [0x00000000eab00000, 0x00000000ebf00000, 0x0000000100000000)
  eden space 10240K, 100% used [0x00000000eab00000,0x00000000eb500000,0x00000000eb500000)
  from space 2048K, 86% used [0x00000000eb500000,0x00000000eb6bb360,0x00000000eb700000)
  to   space 2048K, 0% used [0x00000000ebd00000,0x00000000ebd00000,0x00000000ebf00000)
 ParOldGen       total 64000K, used 5129K [0x00000000c0000000, 0x00000000c3e80000, 0x00000000eab00000)
  object space 64000K, 8% used [0x00000000c0000000,0x00000000c0502660,0x00000000c3e80000)
 Metaspace       used 5917K, capacity 6896K, committed 7040K, reserved 1056768K
  class space    used 596K, capacity 616K, committed 640K, reserved 1048576K
Event: 4.255 GC heap after
Heap after GC invocations=14 (full 0):
 PSYoungGen      total 17920K, used 1504K [0x00000000eab00000, 0x00000000ec000000, 0x0000000100000000)
  eden space 15872K, 0% used [0x00000000eab00000,0x00000000eab00000,0x00000000eba80000)
  from space 2048K, 73% used [0x00000000ebd00000,0x00000000ebe78000,0x00000000ebf00000)
  to   space 2560K, 0% used [0x00000000eba80000,0x00000000eba80000,0x00000000ebd00000)
 ParOldGen       total 64000K, used 6789K [0x00000000c0000000, 0x00000000c3e80000, 0x00000000eab00000)
  object space 64000K, 10% used [0x00000000c0000000,0x00000000c06a1720,0x00000000c3e80000)
 Metaspace       used 5917K, capacity 6896K, committed 7040K, reserved 1056768K
  class space    used 596K, capacity 616K, committed 640K, reserved 1048576K
}
Event: 5.090 GC heap before
{Heap before GC invocations=15 (full 0):
 PSYoungGen      total 17920K, used 17376K [0x00000000eab00000, 0x00000000ec000000, 0x0000000100000000)
  eden space 15872K, 100% used [0x00000000eab00000,0x00000000eba80000,0x00000000eba80000)
  from space 2048K, 73% used [0x00000000ebd00000,0x00000000ebe78000,0x00000000ebf00000)
  to   space 2560K, 0% used [0x00000000eba80000,0x00000000eba80000,0x00000000ebd00000)
 ParOldGen       total 64000K, used 6789K [0x00000000c0000000, 0x00000000c3e80000, 0x00000000eab00000)
  object space 64000K, 10% used [0x00000000c0000000,0x00000000c06a1720,0x00000000c3e80000)
 Metaspace       used 5969K, capacity 6960K, committed 7040K, reserved 1056768K
  class space    used 597K, capacity 616K, committed 640K, reserved 1048576K
Event: 5.292 GC heap after
Heap after GC invocations=15 (full 0):
 PSYoungGen      total 18432K, used 2546K [0x00000000eab00000, 0x00000000ecb00000, 0x0000000100000000)
  eden space 15872K, 0% used [0x00000000eab00000,0x00000000eab00000,0x00000000eba80000)
  from space 2560K, 99% used [0x00000000eba80000,0x00000000ebcfc950,0x00000000ebd00000)
  to   space 3584K, 0% used [0x00000000ec780000,0x00000000ec780000,0x00000000ecb00000)
 ParOldGen       total 64000K, used 8390K [0x00000000c0000000, 0x00000000c3e80000, 0x00000000eab00000)
  object space 64000K, 13% used [0x00000000c0000000,0x00000000c0831938,0x00000000c3e80000)
 Metaspace       used 5969K, capacity 6960K, committed 7040K, reserved 1056768K
  class space    used 597K, capacity 616K, committed 640K, reserved 1048576K
}

Deoptimization events (6 events):
Event: 2.200 Thread 0x000000001676d800 Uncommon trap: reason=null_check action=make_not_entrant pc=0x0000000002d56494 method=com.android.dx.ssa.SsaRenamer.getLocalForNewReg(I)Lcom/android/dx/rop/code/LocalItem; @ 19
Event: 3.110 Thread 0x0000000002861000 Uncommon trap: reason=unreached action=reinterpret pc=0x0000000002e4631c method=com.android.dx.rop.cst.Constant.compareTo(Lcom/android/dx/rop/cst/Constant;)I @ 12
Event: 3.766 Thread 0x0000000002861000 Uncommon trap: reason=unreached action=reinterpret pc=0x0000000002f95cf8 method=com.android.dx.ssa.LocalVariableExtractor.processBlock(I)V @ 251
Event: 4.969 Thread 0x0000000016707800 Uncommon trap: reason=unreached action=reinterpret pc=0x0000000002ff685c method=com.android.dx.ssa.SCCP.simulateBranch(Lcom/android/dx/ssa/SsaInsn;)V @ 132
Event: 5.067 Thread 0x000000001676d800 Uncommon trap: reason=uninitialized action=reinterpret pc=0x0000000002fe3608 method=com.android.dx.cf.code.BytecodeArray.parseInstruction(ILcom/android/dx/cf/code/BytecodeArray$Visitor;)I @ 999
Event: 5.300 Thread 0x000000001676d800 Uncommon trap: reason=bimorphic action=maybe_recompile pc=0x0000000002fce890 method=java.util.HashMap.putVal(ILjava/lang/Object;Ljava/lang/Object;ZZ)Ljava/lang/Object; @ 203

Internal exceptions (10 events):
Event: 1.284 Thread 0x000000001670b800 Exception <a 'java/security/PrivilegedActionException'> (0x00000000ead0e4a0) thrown at [C:\re\workspace\8-2-build-windows-amd64-cygwin\jdk8u11\648\hotspot\src\share\vm\prims\jvm.cpp, line 1248]
Event: 1.285 Thread 0x000000001670b800 Exception <a 'java/security/PrivilegedActionException'> (0x00000000ead10858) thrown at [C:\re\workspace\8-2-build-windows-amd64-cygwin\jdk8u11\648\hotspot\src\share\vm\prims\jvm.cpp, line 1248]
Event: 1.312 Thread 0x000000001676d800 Exception <a 'java/security/PrivilegedActionException'> (0x00000000ead6f7e8) thrown at [C:\re\workspace\8-2-build-windows-amd64-cygwin\jdk8u11\648\hotspot\src\share\vm\prims\jvm.cpp, line 1248]
Event: 1.345 Thread 0x000000001676d800 Exception <a 'java/security/PrivilegedActionException'> (0x00000000eadec528) thrown at [C:\re\workspace\8-2-build-windows-amd64-cygwin\jdk8u11\648\hotspot\src\share\vm\prims\jvm.cpp, line 1248]
Event: 1.348 Thread 0x000000001670b000 Exception <a 'java/security/PrivilegedActionException'> (0x00000000eae09e18) thrown at [C:\re\workspace\8-2-build-windows-amd64-cygwin\jdk8u11\648\hotspot\src\share\vm\prims\jvm.cpp, line 1248]
Event: 1.558 Thread 0x000000001676d800 Exception <a 'java/security/PrivilegedActionException'> (0x00000000eac6a570) thrown at [C:\re\workspace\8-2-build-windows-amd64-cygwin\jdk8u11\648\hotspot\src\share\vm\prims\jvm.cpp, line 1248]
Event: 1.928 Thread 0x000000001670b000 Exception <a 'java/security/PrivilegedActionException'> (0x00000000eb0a4440) thrown at [C:\re\workspace\8-2-build-windows-amd64-cygwin\jdk8u11\648\hotspot\src\share\vm\prims\jvm.cpp, line 1248]
Event: 2.200 Thread 0x000000001676d800 Implicit null exception at 0x0000000002d53e3c to 0x0000000002d56471
Event: 2.237 Thread 0x000000001676d800 Exception <a 'java/security/PrivilegedActionException'> (0x00000000eadf78d8) thrown at [C:\re\workspace\8-2-build-windows-amd64-cygwin\jdk8u11\648\hotspot\src\share\vm\prims\jvm.cpp, line 1248]
Event: 4.956 Thread 0x0000000002861000 Exception <a 'java/security/PrivilegedActionException'> (0x00000000eb363110) thrown at [C:\re\workspace\8-2-build-windows-amd64-cygwin\jdk8u11\648\hotspot\src\share\vm\prims\jvm.cpp, line 1248]

Events (10 events):
Event: 4.969 Thread 0x0000000016707800 DEOPT PACKING pc=0x0000000002ff685c sp=0x000000001786ea40
Event: 4.969 Thread 0x0000000016707800 DEOPT UNPACKING pc=0x0000000002a955af sp=0x000000001786e9f8 mode 2
Event: 5.067 Thread 0x000000001676d800 Uncommon trap: trap_request=0xffffffb5 fr.pc=0x0000000002fe3608
Event: 5.067 Thread 0x000000001676d800 DEOPT PACKING pc=0x0000000002fe3608 sp=0x0000000017c6eab0
Event: 5.067 Thread 0x000000001676d800 DEOPT UNPACKING pc=0x0000000002a955af sp=0x0000000017c6ea50 mode 2
Event: 5.090 Executing VM operation: ParallelGCFailedAllocation
Event: 5.292 Executing VM operation: ParallelGCFailedAllocation done
Event: 5.300 Thread 0x000000001676d800 Uncommon trap: trap_request=0xffffffc6 fr.pc=0x0000000002fce890
Event: 5.300 Thread 0x000000001676d800 DEOPT PACKING pc=0x0000000002fce890 sp=0x0000000017c6e820
Event: 5.300 Thread 0x000000001676d800 DEOPT UNPACKING pc=0x0000000002a955af sp=0x0000000017c6e798 mode 2


Dynamic libraries:
0x00007ff732c90000 - 0x00007ff732cc4000 	C:\Program Files\Java\jdk1.8.0_11\bin\java.exe
0x00007ffa69510000 - 0x00007ffa696b9000 	C:\Windows\SYSTEM32\ntdll.dll
0x00007ffa69250000 - 0x00007ffa69389000 	C:\Windows\system32\KERNEL32.DLL
0x00007ffa66b40000 - 0x00007ffa66c4e000 	C:\Windows\system32\KERNELBASE.dll
0x00007ffa654c0000 - 0x00007ffa6554b000 	C:\Windows\system32\apphelp.dll
0x00007ffa64b50000 - 0x00007ffa64b9f000 	C:\Windows\AppPatch\AppPatch64\AcGenral.DLL
0x00007ffa66e60000 - 0x00007ffa66f07000 	C:\Windows\system32\msvcrt.dll
0x00007ffa66670000 - 0x00007ffa6669b000 	C:\Windows\SYSTEM32\SspiCli.dll
0x00007ffa67050000 - 0x00007ffa670a1000 	C:\Windows\system32\SHLWAPI.dll
0x00007ffa676b0000 - 0x00007ffa67821000 	C:\Windows\system32\USER32.dll
0x00007ffa69390000 - 0x00007ffa69506000 	C:\Windows\system32\ole32.dll
0x00007ffa67be0000 - 0x00007ffa68fef000 	C:\Windows\system32\SHELL32.dll
0x00007ffa65e10000 - 0x00007ffa65e2f000 	C:\Windows\SYSTEM32\USERENV.dll
0x00007ffa670b0000 - 0x00007ffa67155000 	C:\Windows\system32\ADVAPI32.dll
0x00007ffa5e950000 - 0x00007ffa5e96b000 	C:\Windows\SYSTEM32\MPR.dll
0x00007ffa67310000 - 0x00007ffa67446000 	C:\Windows\system32\RPCRT4.dll
0x00007ffa67b80000 - 0x00007ffa67bd7000 	C:\Windows\SYSTEM32\sechost.dll
0x00007ffa679a0000 - 0x00007ffa67b77000 	C:\Windows\SYSTEM32\combase.dll
0x00007ffa67160000 - 0x00007ffa672a5000 	C:\Windows\system32\GDI32.dll
0x00007ffa66890000 - 0x00007ffa668a4000 	C:\Windows\SYSTEM32\profapi.dll
0x00007ffa64ee0000 - 0x00007ffa64f81000 	C:\Windows\SYSTEM32\SHCORE.dll
0x00007ffa67670000 - 0x00007ffa676a4000 	C:\Windows\system32\IMM32.DLL
0x00007ffa66f10000 - 0x00007ffa67048000 	C:\Windows\system32\MSCTF.dll
0x00007ffa64240000 - 0x00007ffa6449a000 	C:\Windows\WinSxS\amd64_microsoft.windows.common-controls_6595b64144ccf1df_6.0.9600.16384_none_62475f7becb72503\COMCTL32.dll
0x0000000076910000 - 0x00000000769e2000 	C:\Program Files\Java\jdk1.8.0_11\jre\bin\msvcr100.dll
0x0000000076fb0000 - 0x00000000777da000 	C:\Program Files\Java\jdk1.8.0_11\jre\bin\server\jvm.dll
0x00007ffa5e450000 - 0x00007ffa5e459000 	C:\Windows\SYSTEM32\WSOCK32.dll
0x00007ffa5d600000 - 0x00007ffa5d61f000 	C:\Windows\SYSTEM32\WINMM.dll
0x00007ffa691d0000 - 0x00007ffa691d7000 	C:\Windows\system32\PSAPI.DLL
0x00007ffa691e0000 - 0x00007ffa69238000 	C:\Windows\system32\WS2_32.dll
0x00007ffa5d5d0000 - 0x00007ffa5d5fa000 	C:\Windows\SYSTEM32\WINMMBASE.dll
0x00007ffa67990000 - 0x00007ffa67999000 	C:\Windows\system32\NSI.dll
0x00007ffa66d00000 - 0x00007ffa66d4a000 	C:\Windows\SYSTEM32\cfgmgr32.dll
0x00007ffa65740000 - 0x00007ffa65766000 	C:\Windows\SYSTEM32\DEVOBJ.dll
0x0000000076e00000 - 0x0000000076e0f000 	C:\Program Files\Java\jdk1.8.0_11\jre\bin\verify.dll
0x0000000076dd0000 - 0x0000000076df8000 	C:\Program Files\Java\jdk1.8.0_11\jre\bin\java.dll
0x0000000076d80000 - 0x0000000076d96000 	C:\Program Files\Java\jdk1.8.0_11\jre\bin\zip.dll
0x00007ffa529a0000 - 0x00007ffa52b28000 	C:\Windows\SYSTEM32\dbghelp.dll

VM Arguments:
jvm_args: -Djava.awt.headless=true -Xmx1024M -Dfile.encoding=GBK -Duser.country=US -Duser.language=en -Duser.variant 
java_command: com.android.dx.command.Main --dex --num-threads=4 --output E:\java\android\NetMT\app\build\intermediates\pre-dexed\debug\com.android.support-appcompat-v7-23.2.0_e6f13f0fff153e35e3220c9372b888df45b99236.jar E:\java\android\NetMT\app\build\intermediates\exploded-aar\com.android.support\appcompat-v7\23.2.0\jars\classes.jar
java_class_path (initial): C:\Users\Administrator\AppData\Local\Android\sdk\build-tools\23.0.2\lib\dx.jar
Launcher Type: SUN_STANDARD

Environment Variables:
JAVA_HOME=C:\Program Files\Java\jdk1.8.0_11
PATH=C:\Windows\system32;C:\Windows;C:\Windows\System32\Wbem;C:\Windows\System32\WindowsPowerShell\v1.0\;C:\Program Files (x86)\ATI Technologies\ATI.ACE\Core-Static;0x0.000000p-1022ndroid;D:\Java\jdk1.7.0_17\bin;C:\Program Files (x86)\Microsoft SQL Server\100\Tools\Binn\;C:\Program Files\Microsoft SQL Server\100\Tools\Binn\;C:\Program Files\Microsoft SQL Server\100\DTS\Binn\;D:\TortoiseSVN\bin;D:\Java\jdk1.7.0_17\bin
USERNAME=KingHacker
OS=Windows_NT
PROCESSOR_IDENTIFIER=Intel64 Family 6 Model 42 Stepping 7, GenuineIntel



---------------  S Y S T E M  ---------------

OS: Windows 8.1 , 64 bit Build 9600 

CPU:total 4 (2 cores per cpu, 2 threads per core) family 6 model 42 stepping 7, cmov, cx8, fxsr, mmx, sse, sse2, sse3, ssse3, sse4.1, sse4.2, popcnt, avx, aes, clmul, ht, tsc, tscinvbit

Memory: 4k page, physical 4136812k(803236k free), swap 16719724k(75296k free)

vm_info: Java HotSpot(TM) 64-Bit Server VM (25.11-b03) for windows-amd64 JRE (1.8.0_11-b12), built on Jun 16 2014 20:57:32 by "java_re" with MS VC++ 10.0 (VS2010)

time: Thu Mar 17 20:09:42 2016
elapsed time: 5 seconds

