#
# There is insufficient memory for the Java Runtime Environment to continue.
# Native memory allocation (malloc) failed to allocate 773936 bytes for Chunk::new
# Possible reasons:
#   The system is out of physical RAM or swap space
#   In 32 bit mode, the process size limit was hit
# Possible solutions:
#   Reduce memory load on the system
#   Increase physical memory or swap space
#   Check if swap backing store is full
#   Use 64 bit Java on a 64 bit OS
#   Decrease Java heap size (-Xmx/-Xms)
#   Decrease number of Java threads
#   Decrease Java thread stack sizes (-Xss)
#   Set larger code cache with -XX:ReservedCodeCacheSize=
# This output file may be truncated or incomplete.
#
#  Out of Memory Error (allocation.cpp:388), pid=7648, tid=9588
#
# JRE version: Java(TM) SE Runtime Environment (8.0_11-b12) (build 1.8.0_11-b12)
# Java VM: Java HotSpot(TM) 64-Bit Server VM (25.11-b03 mixed mode windows-amd64 compressed oops)
# Failed to write core dump. Minidumps are not enabled by default on client versions of Windows
#

---------------  T H R E A D  ---------------

Current thread (0x00000000147ec800):  JavaThread "C2 CompilerThread1" daemon [_thread_in_native, id=9588, stack(0x00000000161e0000,0x00000000162e0000)]

Stack: [0x00000000161e0000,0x00000000162e0000]
Native frames: (J=compiled Java code, j=interpreted, Vv=VM code, C=native code)
V  [jvm.dll+0x308eca]


Current CompileTask:
C2:   3246 1342       4       com.android.dx.ssa.SCCP::simulateStmt (481 bytes)


---------------  P R O C E S S  ---------------

Java Threads: ( => current thread )
  0x0000000015e12000 JavaThread "pool-1-thread-4" [_thread_in_Java, id=10896, stack(0x00000000171e0000,0x00000000172e0000)]
  0x0000000015e11000 JavaThread "pool-1-thread-3" [_thread_in_Java, id=10744, stack(0x00000000170e0000,0x00000000171e0000)]
  0x0000000015dc5800 JavaThread "pool-1-thread-2" [_thread_in_Java, id=8484, stack(0x0000000016fe0000,0x00000000170e0000)]
  0x0000000015e0e800 JavaThread "pool-2-thread-1" [_thread_blocked, id=3456, stack(0x0000000016ee0000,0x0000000016fe0000)]
  0x0000000015d7a000 JavaThread "pool-1-thread-1" [_thread_in_Java, id=11184, stack(0x0000000016de0000,0x0000000016ee0000)]
  0x0000000015b3d000 JavaThread "Service Thread" daemon [_thread_blocked, id=10728, stack(0x00000000163e0000,0x00000000164e0000)]
  0x0000000015b34000 JavaThread "C1 CompilerThread2" daemon [_thread_blocked, id=10236, stack(0x00000000162e0000,0x00000000163e0000)]
=>0x00000000147ec800 JavaThread "C2 CompilerThread1" daemon [_thread_in_native, id=9588, stack(0x00000000161e0000,0x00000000162e0000)]
  0x000000001479e800 JavaThread "C2 CompilerThread0" daemon [_thread_blocked, id=3460, stack(0x00000000160e0000,0x00000000161e0000)]
  0x0000000015b23000 JavaThread "Attach Listener" daemon [_thread_blocked, id=11152, stack(0x0000000015fe0000,0x00000000160e0000)]
  0x00000000147ad000 JavaThread "Signal Dispatcher" daemon [_thread_blocked, id=10176, stack(0x0000000015ee0000,0x0000000015fe0000)]
  0x00000000020b4800 JavaThread "Finalizer" daemon [_thread_blocked, id=8856, stack(0x00000000159e0000,0x0000000015ae0000)]
  0x0000000014757800 JavaThread "Reference Handler" daemon [_thread_blocked, id=9536, stack(0x00000000158e0000,0x00000000159e0000)]
  0x0000000001fc1000 JavaThread "main" [_thread_in_Java, id=10824, stack(0x0000000001b30000,0x0000000001c30000)]

Other Threads:
  0x0000000014756000 VMThread [stack: 0x00000000157e0000,0x00000000158e0000] [id=10784]
  0x0000000015b47800 WatcherThread [stack: 0x00000000164e0000,0x00000000165e0000] [id=10932]

VM state:not at safepoint (normal execution)

VM Mutex/Monitor currently owned by a thread: None

Heap:
 PSYoungGen      total 14336K, used 7485K [0x00000000eab00000, 0x00000000ebd00000, 0x0000000100000000)
  eden space 11776K, 44% used [0x00000000eab00000,0x00000000eb01f418,0x00000000eb680000)
  from space 2560K, 87% used [0x00000000eb980000,0x00000000ebbb0010,0x00000000ebc00000)
  to   space 3072K, 0% used [0x00000000eb680000,0x00000000eb680000,0x00000000eb980000)
 ParOldGen       total 64000K, used 6328K [0x00000000c0000000, 0x00000000c3e80000, 0x00000000eab00000)
  object space 64000K, 9% used [0x00000000c0000000,0x00000000c062e190,0x00000000c3e80000)
 Metaspace       used 5952K, capacity 6896K, committed 7040K, reserved 1056768K
  class space    used 596K, capacity 616K, committed 640K, reserved 1048576K

Card table byte_map: [0x0000000011480000,0x0000000011690000] byte_map_base: 0x0000000010e80000

Marking Bits: (ParMarkBitMap*) 0x00000000777612b0
 Begin Bits: [0x0000000011bf0000, 0x0000000012bf0000)
 End Bits:   [0x0000000012bf0000, 0x0000000013bf0000)

Polling page: 0x0000000000280000

CodeCache: size=245760Kb used=5861Kb max_used=5875Kb free=239898Kb
 bounds [0x00000000020c0000, 0x0000000002690000, 0x00000000110c0000]
 total_blobs=1760 nmethods=1492 adapters=180
 compilation: disabled (not enough contiguous free space left)

Compilation events (10 events):
Event: 3.189 Thread 0x0000000015b34000 nmethod 1485 0x00000000026590d0 code [0x0000000002659220, 0x0000000002659370]
Event: 3.190 Thread 0x0000000015b34000 1487       3       com.android.dx.cf.code.Ropper::addSetupBlocks (535 bytes)
Event: 3.199 Thread 0x0000000015b34000 nmethod 1487 0x000000000265aa10 code [0x000000000265b480, 0x00000000026631c8]
Event: 3.199 Thread 0x0000000015b34000 1488       3       com.android.dx.cf.code.Frame::initializeWithParameters (49 bytes)
Event: 3.200 Thread 0x0000000015b34000 nmethod 1488 0x0000000002652a10 code [0x0000000002652bc0, 0x00000000026532c8]
Event: 3.200 Thread 0x0000000015b34000 1492       3       com.android.dx.ssa.SsaMethod::<init> (50 bytes)
Event: 3.200 Thread 0x0000000015b34000 nmethod 1492 0x0000000002651f10 code [0x00000000026520c0, 0x0000000002652778]
Event: 3.200 Thread 0x0000000015b34000 1490       3       com.android.dx.cf.code.Ropper::addReturnBlock (228 bytes)
Event: 3.204 Thread 0x0000000015b34000 nmethod 1490 0x000000000266a290 code [0x000000000266a7a0, 0x000000000266dcc8]
Event: 3.204 Thread 0x0000000015b34000 1493       3       java.util.TimSort::sort (229 bytes)

GC Heap History (10 events):
Event: 1.858 GC heap before
{Heap before GC invocations=7 (full 0):
 PSYoungGen      total 5120K, used 4600K [0x00000000eab00000, 0x00000000eb100000, 0x0000000100000000)
  eden space 4096K, 100% used [0x00000000eab00000,0x00000000eaf00000,0x00000000eaf00000)
  from space 1024K, 49% used [0x00000000eb000000,0x00000000eb07e030,0x00000000eb100000)
  to   space 1024K, 0% used [0x00000000eaf00000,0x00000000eaf00000,0x00000000eb000000)
 ParOldGen       total 64000K, used 628K [0x00000000c0000000, 0x00000000c3e80000, 0x00000000eab00000)
  object space 64000K, 0% used [0x00000000c0000000,0x00000000c009d130,0x00000000c3e80000)
 Metaspace       used 4379K, capacity 5520K, committed 5760K, reserved 1056768K
  class space    used 484K, capacity 520K, committed 640K, reserved 1048576K
Event: 1.861 GC heap after
Heap after GC invocations=7 (full 0):
 PSYoungGen      total 5120K, used 1002K [0x00000000eab00000, 0x00000000eb600000, 0x0000000100000000)
  eden space 4096K, 0% used [0x00000000eab00000,0x00000000eab00000,0x00000000eaf00000)
  from space 1024K, 97% used [0x00000000eaf00000,0x00000000eaffaa90,0x00000000eb000000)
  to   space 1536K, 0% used [0x00000000eb480000,0x00000000eb480000,0x00000000eb600000)
 ParOldGen       total 64000K, used 1214K [0x00000000c0000000, 0x00000000c3e80000, 0x00000000eab00000)
  object space 64000K, 1% used [0x00000000c0000000,0x00000000c012fb18,0x00000000c3e80000)
 Metaspace       used 4379K, capacity 5520K, committed 5760K, reserved 1056768K
  class space    used 484K, capacity 520K, committed 640K, reserved 1048576K
}
Event: 2.333 GC heap before
{Heap before GC invocations=8 (full 0):
 PSYoungGen      total 5120K, used 5098K [0x00000000eab00000, 0x00000000eb600000, 0x0000000100000000)
  eden space 4096K, 100% used [0x00000000eab00000,0x00000000eaf00000,0x00000000eaf00000)
  from space 1024K, 97% used [0x00000000eaf00000,0x00000000eaffaa90,0x00000000eb000000)
  to   space 1536K, 0% used [0x00000000eb480000,0x00000000eb480000,0x00000000eb600000)
 ParOldGen       total 64000K, used 1214K [0x00000000c0000000, 0x00000000c3e80000, 0x00000000eab00000)
  object space 64000K, 1% used [0x00000000c0000000,0x00000000c012fb18,0x00000000c3e80000)
 Metaspace       used 5367K, capacity 6448K, committed 6528K, reserved 1056768K
  class space    used 584K, capacity 616K, committed 640K, reserved 1048576K
Event: 2.336 GC heap after
Heap after GC invocations=8 (full 0):
 PSYoungGen      total 9216K, used 1527K [0x00000000eab00000, 0x00000000eb700000, 0x0000000100000000)
  eden space 7680K, 0% used [0x00000000eab00000,0x00000000eab00000,0x00000000eb280000)
  from space 1536K, 99% used [0x00000000eb480000,0x00000000eb5fdf68,0x00000000eb600000)
  to   space 2048K, 0% used [0x00000000eb280000,0x00000000eb280000,0x00000000eb480000)
 ParOldGen       total 64000K, used 1612K [0x00000000c0000000, 0x00000000c3e80000, 0x00000000eab00000)
  object space 64000K, 2% used [0x00000000c0000000,0x00000000c0193218,0x00000000c3e80000)
 Metaspace       used 5367K, capacity 6448K, committed 6528K, reserved 1056768K
  class space    used 584K, capacity 616K, committed 640K, reserved 1048576K
}
Event: 2.869 GC heap before
{Heap before GC invocations=9 (full 0):
 PSYoungGen      total 9216K, used 9207K [0x00000000eab00000, 0x00000000eb700000, 0x0000000100000000)
  eden space 7680K, 100% used [0x00000000eab00000,0x00000000eb280000,0x00000000eb280000)
  from space 1536K, 99% used [0x00000000eb480000,0x00000000eb5fdf68,0x00000000eb600000)
  to   space 2048K, 0% used [0x00000000eb280000,0x00000000eb280000,0x00000000eb480000)
 ParOldGen       total 64000K, used 1612K [0x00000000c0000000, 0x00000000c3e80000, 0x00000000eab00000)
  object space 64000K, 2% used [0x00000000c0000000,0x00000000c0193218,0x00000000c3e80000)
 Metaspace       used 5704K, capacity 6704K, committed 6784K, reserved 1056768K
  class space    used 588K, capacity 616K, committed 640K, reserved 1048576K
Event: 2.873 GC heap after
Heap after GC invocations=9 (full 0):
 PSYoungGen      total 9728K, used 2042K [0x00000000eab00000, 0x00000000ebc00000, 0x0000000100000000)
  eden space 7680K, 0% used [0x00000000eab00000,0x00000000eab00000,0x00000000eb280000)
  from space 2048K, 99% used [0x00000000eb280000,0x00000000eb47ea98,0x00000000eb480000)
  to   space 2560K, 0% used [0x00000000eb980000,0x00000000eb980000,0x00000000ebc00000)
 ParOldGen       total 64000K, used 1745K [0x00000000c0000000, 0x00000000c3e80000, 0x00000000eab00000)
  object space 64000K, 2% used [0x00000000c0000000,0x00000000c01b46b0,0x00000000c3e80000)
 Metaspace       used 5704K, capacity 6704K, committed 6784K, reserved 1056768K
  class space    used 588K, capacity 616K, committed 640K, reserved 1048576K
}
Event: 2.982 GC heap before
{Heap before GC invocations=10 (full 0):
 PSYoungGen      total 9728K, used 9722K [0x00000000eab00000, 0x00000000ebc00000, 0x0000000100000000)
  eden space 7680K, 100% used [0x00000000eab00000,0x00000000eb280000,0x00000000eb280000)
  from space 2048K, 99% used [0x00000000eb280000,0x00000000eb47ea98,0x00000000eb480000)
  to   space 2560K, 0% used [0x00000000eb980000,0x00000000eb980000,0x00000000ebc00000)
 ParOldGen       total 64000K, used 1745K [0x00000000c0000000, 0x00000000c3e80000, 0x00000000eab00000)
  object space 64000K, 2% used [0x00000000c0000000,0x00000000c01b46b0,0x00000000c3e80000)
 Metaspace       used 5762K, capacity 6768K, committed 7040K, reserved 1056768K
  class space    used 590K, capacity 616K, committed 640K, reserved 1048576K
Event: 2.986 GC heap after
Heap after GC invocations=10 (full 0):
 PSYoungGen      total 14336K, used 2432K [0x00000000eab00000, 0x00000000ebd00000, 0x0000000100000000)
  eden space 11776K, 0% used [0x00000000eab00000,0x00000000eab00000,0x00000000eb680000)
  from space 2560K, 95% used [0x00000000eb980000,0x00000000ebbe0010,0x00000000ebc00000)
  to   space 3072K, 0% used [0x00000000eb680000,0x00000000eb680000,0x00000000eb980000)
 ParOldGen       total 64000K, used 2533K [0x00000000c0000000, 0x00000000c3e80000, 0x00000000eab00000)
  object space 64000K, 3% used [0x00000000c0000000,0x00000000c02797c0,0x00000000c3e80000)
 Metaspace       used 5762K, capacity 6768K, committed 7040K, reserved 1056768K
  class space    used 590K, capacity 616K, committed 640K, reserved 1048576K
}
Event: 3.122 GC heap before
{Heap before GC invocations=11 (full 0):
 PSYoungGen      total 14336K, used 14208K [0x00000000eab00000, 0x00000000ebd00000, 0x0000000100000000)
  eden space 11776K, 100% used [0x00000000eab00000,0x00000000eb680000,0x00000000eb680000)
  from space 2560K, 95% used [0x00000000eb980000,0x00000000ebbe0010,0x00000000ebc00000)
  to   space 3072K, 0% used [0x00000000eb680000,0x00000000eb680000,0x00000000eb980000)
 ParOldGen       total 64000K, used 2533K [0x00000000c0000000, 0x00000000c3e80000, 0x00000000eab00000)
  object space 64000K, 3% used [0x00000000c0000000,0x00000000c02797c0,0x00000000c3e80000)
 Metaspace       used 5877K, capacity 6896K, committed 7040K, reserved 1056768K
  class space    used 592K, capacity 616K, committed 640K, reserved 1048576K
Event: 3.131 GC heap after
Heap after GC invocations=11 (full 0):
 PSYoungGen      total 14848K, used 1888K [0x00000000eab00000, 0x00000000ebd00000, 0x0000000100000000)
  eden space 11776K, 0% used [0x00000000eab00000,0x00000000eab00000,0x00000000eb680000)
  from space 3072K, 61% used [0x00000000eb680000,0x00000000eb858000,0x00000000eb980000)
  to   space 2560K, 0% used [0x00000000eb980000,0x00000000eb980000,0x00000000ebc00000)
 ParOldGen       total 64000K, used 4817K [0x00000000c0000000, 0x00000000c3e80000, 0x00000000eab00000)
  object space 64000K, 7% used [0x00000000c0000000,0x00000000c04b4530,0x00000000c3e80000)
 Metaspace       used 5877K, capacity 6896K, committed 7040K, reserved 1056768K
  class space    used 592K, capacity 616K, committed 640K, reserved 1048576K
}

Deoptimization events (8 events):
Event: 2.427 Thread 0x0000000015e11000 Uncommon trap: reason=class_check action=maybe_recompile pc=0x000000000235d62c method=com.android.dx.ssa.NormalSsaInsn.accept(Lcom/android/dx/ssa/SsaInsn$Visitor;)V @ 9
Event: 2.440 Thread 0x0000000015dc5800 Uncommon trap: reason=class_check action=maybe_recompile pc=0x000000000235d62c method=com.android.dx.ssa.NormalSsaInsn.accept(Lcom/android/dx/ssa/SsaInsn$Visitor;)V @ 9
Event: 2.440 Thread 0x0000000015dc5800 Uncommon trap: reason=class_check action=maybe_recompile pc=0x000000000235d62c method=com.android.dx.ssa.NormalSsaInsn.accept(Lcom/android/dx/ssa/SsaInsn$Visitor;)V @ 9
Event: 2.440 Thread 0x0000000015dc5800 Uncommon trap: reason=class_check action=maybe_recompile pc=0x000000000235d62c method=com.android.dx.ssa.NormalSsaInsn.accept(Lcom/android/dx/ssa/SsaInsn$Visitor;)V @ 9
Event: 2.440 Thread 0x0000000015dc5800 Uncommon trap: reason=class_check action=maybe_recompile pc=0x00000000023218b0 method=com.android.dx.ssa.NormalSsaInsn.accept(Lcom/android/dx/ssa/SsaInsn$Visitor;)V @ 9
Event: 2.820 Thread 0x0000000015e12000 Uncommon trap: reason=unreached action=reinterpret pc=0x0000000002441a5c method=com.android.dx.rop.cst.Constant.compareTo(Lcom/android/dx/rop/cst/Constant;)I @ 12
Event: 3.032 Thread 0x0000000015dc5800 Uncommon trap: reason=null_check action=make_not_entrant pc=0x00000000023dc9f4 method=com.android.dx.ssa.SsaRenamer.getLocalForNewReg(I)Lcom/android/dx/rop/code/LocalItem; @ 19
Event: 3.040 Thread 0x0000000015dc5800 Uncommon trap: reason=null_check action=make_not_entrant pc=0x00000000023e3788 method=com.android.dx.ssa.SsaRenamer.getLocalForNewReg(I)Lcom/android/dx/rop/code/LocalItem; @ 19

Internal exceptions (10 events):
Event: 3.040 Thread 0x0000000015dc5800 Implicit null exception at 0x00000000023e1a45 to 0x00000000023e3769
Event: 3.083 Thread 0x0000000001fc1000 Exception <a 'java/security/PrivilegedActionException'> (0x00000000eb368e00) thrown at [C:\re\workspace\8-2-build-windows-amd64-cygwin\jdk8u11\648\hotspot\src\share\vm\prims\jvm.cpp, line 1248]
Event: 3.086 Thread 0x0000000001fc1000 Exception <a 'java/security/PrivilegedActionException'> (0x00000000eb3731d0) thrown at [C:\re\workspace\8-2-build-windows-amd64-cygwin\jdk8u11\648\hotspot\src\share\vm\prims\jvm.cpp, line 1248]
Event: 3.086 Thread 0x0000000001fc1000 Exception <a 'java/security/PrivilegedActionException'> (0x00000000eb375bc8) thrown at [C:\re\workspace\8-2-build-windows-amd64-cygwin\jdk8u11\648\hotspot\src\share\vm\prims\jvm.cpp, line 1248]
Event: 3.092 Thread 0x0000000001fc1000 Exception <a 'java/security/PrivilegedActionException'> (0x00000000eb3f8358) thrown at [C:\re\workspace\8-2-build-windows-amd64-cygwin\jdk8u11\648\hotspot\src\share\vm\prims\jvm.cpp, line 1248]
Event: 3.145 Thread 0x0000000015e11000 Exception <a 'java/security/PrivilegedActionException'> (0x00000000eac45850) thrown at [C:\re\workspace\8-2-build-windows-amd64-cygwin\jdk8u11\648\hotspot\src\share\vm\prims\jvm.cpp, line 1248]
Event: 3.146 Thread 0x0000000015e11000 Exception <a 'java/security/PrivilegedActionException'> (0x00000000eac6ebd0) thrown at [C:\re\workspace\8-2-build-windows-amd64-cygwin\jdk8u11\648\hotspot\src\share\vm\prims\jvm.cpp, line 1248]
Event: 3.146 Thread 0x0000000015e11000 Exception <a 'java/security/PrivilegedActionException'> (0x00000000eac74478) thrown at [C:\re\workspace\8-2-build-windows-amd64-cygwin\jdk8u11\648\hotspot\src\share\vm\prims\jvm.cpp, line 1248]
Event: 3.173 Thread 0x0000000001fc1000 Exception <a 'java/security/PrivilegedActionException'> (0x00000000eaf55010) thrown at [C:\re\workspace\8-2-build-windows-amd64-cygwin\jdk8u11\648\hotspot\src\share\vm\prims\jvm.cpp, line 1248]
Event: 3.173 Thread 0x0000000001fc1000 Exception <a 'java/security/PrivilegedActionException'> (0x00000000eaf892f8) thrown at [C:\re\workspace\8-2-build-windows-amd64-cygwin\jdk8u11\648\hotspot\src\share\vm\prims\jvm.cpp, line 1248]

Events (10 events):
Event: 3.145 loading class com/android/dx/dex/file/ParameterAnnotationStruct
Event: 3.145 loading class com/android/dx/dex/file/ParameterAnnotationStruct done
Event: 3.146 loading class com/android/dx/dex/file/UniformListItem
Event: 3.146 loading class com/android/dx/dex/file/UniformListItem done
Event: 3.146 loading class com/android/dx/dex/file/AnnotationSetRefItem
Event: 3.146 loading class com/android/dx/dex/file/AnnotationSetRefItem done
Event: 3.173 loading class com/android/dx/cf/attrib/AttRuntimeInvisibleAnnotations
Event: 3.173 loading class com/android/dx/cf/attrib/AttRuntimeInvisibleAnnotations done
Event: 3.173 loading class com/android/dx/cf/attrib/BaseAnnotations
Event: 3.173 loading class com/android/dx/cf/attrib/BaseAnnotations done


Dynamic libraries:
0x00007ff6751b0000 - 0x00007ff6751e4000 	C:\Program Files\Java\jdk1.8.0_11\bin\java.exe
0x00007ffa69510000 - 0x00007ffa696b9000 	C:\Windows\SYSTEM32\ntdll.dll
0x00007ffa69250000 - 0x00007ffa69389000 	C:\Windows\system32\KERNEL32.DLL
0x00007ffa66b40000 - 0x00007ffa66c4e000 	C:\Windows\system32\KERNELBASE.dll
0x00007ffa654c0000 - 0x00007ffa6554b000 	C:\Windows\system32\apphelp.dll
0x00007ffa62d90000 - 0x00007ffa62ddf000 	C:\Windows\AppPatch\AppPatch64\AcGenral.DLL
0x00007ffa66e60000 - 0x00007ffa66f07000 	C:\Windows\system32\msvcrt.dll
0x00007ffa66670000 - 0x00007ffa6669b000 	C:\Windows\SYSTEM32\SspiCli.dll
0x00007ffa67050000 - 0x00007ffa670a1000 	C:\Windows\system32\SHLWAPI.dll
0x00007ffa676b0000 - 0x00007ffa67821000 	C:\Windows\system32\USER32.dll
0x00007ffa69390000 - 0x00007ffa69506000 	C:\Windows\system32\ole32.dll
0x00007ffa67be0000 - 0x00007ffa68fef000 	C:\Windows\system32\SHELL32.dll
0x00007ffa65e10000 - 0x00007ffa65e2f000 	C:\Windows\SYSTEM32\USERENV.dll
0x00007ffa670b0000 - 0x00007ffa67155000 	C:\Windows\system32\ADVAPI32.dll
0x00007ffa5e950000 - 0x00007ffa5e96b000 	C:\Windows\SYSTEM32\MPR.dll
0x00007ffa67310000 - 0x00007ffa67446000 	C:\Windows\system32\RPCRT4.dll
0x00007ffa67b80000 - 0x00007ffa67bd7000 	C:\Windows\SYSTEM32\sechost.dll
0x00007ffa679a0000 - 0x00007ffa67b77000 	C:\Windows\SYSTEM32\combase.dll
0x00007ffa67160000 - 0x00007ffa672a5000 	C:\Windows\system32\GDI32.dll
0x00007ffa66890000 - 0x00007ffa668a4000 	C:\Windows\SYSTEM32\profapi.dll
0x00007ffa64ee0000 - 0x00007ffa64f81000 	C:\Windows\SYSTEM32\SHCORE.dll
0x00007ffa67670000 - 0x00007ffa676a4000 	C:\Windows\system32\IMM32.DLL
0x00007ffa66f10000 - 0x00007ffa67048000 	C:\Windows\system32\MSCTF.dll
0x00007ffa64240000 - 0x00007ffa6449a000 	C:\Windows\WinSxS\amd64_microsoft.windows.common-controls_6595b64144ccf1df_6.0.9600.16384_none_62475f7becb72503\COMCTL32.dll
0x0000000076910000 - 0x00000000769e2000 	C:\Program Files\Java\jdk1.8.0_11\jre\bin\msvcr100.dll
0x0000000076fb0000 - 0x00000000777da000 	C:\Program Files\Java\jdk1.8.0_11\jre\bin\server\jvm.dll
0x00007ffa5e450000 - 0x00007ffa5e459000 	C:\Windows\SYSTEM32\WSOCK32.dll
0x00007ffa5d600000 - 0x00007ffa5d61f000 	C:\Windows\SYSTEM32\WINMM.dll
0x00007ffa691d0000 - 0x00007ffa691d7000 	C:\Windows\system32\PSAPI.DLL
0x00007ffa691e0000 - 0x00007ffa69238000 	C:\Windows\system32\WS2_32.dll
0x00007ffa5d5d0000 - 0x00007ffa5d5fa000 	C:\Windows\SYSTEM32\WINMMBASE.dll
0x00007ffa67990000 - 0x00007ffa67999000 	C:\Windows\system32\NSI.dll
0x00007ffa66d00000 - 0x00007ffa66d4a000 	C:\Windows\SYSTEM32\cfgmgr32.dll
0x00007ffa65740000 - 0x00007ffa65766000 	C:\Windows\SYSTEM32\DEVOBJ.dll
0x0000000076ec0000 - 0x0000000076ecf000 	C:\Program Files\Java\jdk1.8.0_11\jre\bin\verify.dll
0x0000000076e90000 - 0x0000000076eb8000 	C:\Program Files\Java\jdk1.8.0_11\jre\bin\java.dll
0x0000000076e70000 - 0x0000000076e86000 	C:\Program Files\Java\jdk1.8.0_11\jre\bin\zip.dll

VM Arguments:
jvm_args: -Djava.awt.headless=true -Xmx1024M -Dfile.encoding=GBK -Duser.country=US -Duser.language=en -Duser.variant 
java_command: com.android.dx.command.Main --dex --num-threads=4 --output E:\java\android\NetMT\app\build\intermediates\pre-dexed\debug\internal_impl-23.2.0_2926a3cef1012ee693076c041337e898be1d8e40.jar E:\java\android\NetMT\app\build\intermediates\exploded-aar\com.android.support\support-v4\23.2.0\jars\libs\internal_impl-23.2.0.jar
java_class_path (initial): C:\Users\Administrator\AppData\Local\Android\sdk\build-tools\23.0.2\lib\dx.jar
Launcher Type: SUN_STANDARD

Environment Variables:
JAVA_HOME=C:\Program Files\Java\jdk1.8.0_11
PATH=C:\Windows\system32;C:\Windows;C:\Windows\System32\Wbem;C:\Windows\System32\WindowsPowerShell\v1.0\;C:\Program Files (x86)\ATI Technologies\ATI.ACE\Core-Static;0x0.000000p-1022ndroid;D:\Java\jdk1.7.0_17\bin;C:\Program Files (x86)\Microsoft SQL Server\100\Tools\Binn\;C:\Program Files\Microsoft SQL Server\100\Tools\Binn\;C:\Program Files\Microsoft SQL Server\100\DTS\Binn\;D:\TortoiseSVN\bin;D:\Java\jdk1.7.0_17\bin
USERNAME=KingHacker
OS=Windows_NT
PROCESSOR_IDENTIFIER=Intel64 Family 6 Model 42 Stepping 7, GenuineIntel



---------------  S Y S T E M  ---------------

OS: Windows 8.1 , 64 bit Build 9600 

CPU:total 4 (2 cores per cpu, 2 threads per core) family 6 model 42 stepping 7, cmov, cx8, fxsr, mmx, sse, sse2, sse3, ssse3, sse4.1, sse4.2, popcnt, avx, aes, clmul, ht, tsc, tscinvbit

Memory: 4k page, physical 4136812k(315460k free), swap 16719724k(5816k free)

vm_info: Java HotSpot(TM) 64-Bit Server VM (25.11-b03) for windows-amd64 JRE (1.8.0_11-b12), built on Jun 16 2014 20:57:32 by "java_re" with MS VC++ 10.0 (VS2010)

time: Sat Mar 19 11:00:28 2016
elapsed time: 3 seconds

