#
# There is insufficient memory for the Java Runtime Environment to continue.
# Native memory allocation (malloc) failed to allocate 343376 bytes for Chunk::new
# Possible reasons:
#   The system is out of physical RAM or swap space
#   In 32 bit mode, the process size limit was hit
# Possible solutions:
#   Reduce memory load on the system
#   Increase physical memory or swap space
#   Check if swap backing store is full
#   Use 64 bit Java on a 64 bit OS
#   Decrease Java heap size (-Xmx/-Xms)
#   Decrease number of Java threads
#   Decrease Java thread stack sizes (-Xss)
#   Set larger code cache with -XX:ReservedCodeCacheSize=
# This output file may be truncated or incomplete.
#
#  Out of Memory Error (allocation.cpp:388), pid=1252, tid=7376
#
# JRE version: Java(TM) SE Runtime Environment (8.0_11-b12) (build 1.8.0_11-b12)
# Java VM: Java HotSpot(TM) 64-Bit Server VM (25.11-b03 mixed mode windows-amd64 compressed oops)
# Failed to write core dump. Minidumps are not enabled by default on client versions of Windows
#

---------------  T H R E A D  ---------------

Current thread (0x00000000151ef000):  JavaThread "C2 CompilerThread0" daemon [_thread_in_native, id=7376, stack(0x0000000016b40000,0x0000000016c40000)]

Stack: [0x0000000016b40000,0x0000000016c40000]
[error occurred during error reporting (printing stack bounds), id 0xc0000005]

Native frames: (J=compiled Java code, j=interpreted, Vv=VM code, C=native code)
V  [jvm.dll+0x308eca]


Current CompileTask:
C2:   5687  758   !   4       com.android.dx.rop.code.RegisterSpec::intern (70 bytes)


---------------  P R O C E S S  ---------------

Java Threads: ( => current thread )
  0x000000001679b800 JavaThread "pool-1-thread-4" [_thread_blocked, id=764, stack(0x0000000017440000,0x0000000017540000)]
  0x000000001679a800 JavaThread "pool-1-thread-3" [_thread_in_Java, id=8520, stack(0x0000000017340000,0x0000000017440000)]
  0x00000000166b1800 JavaThread "pool-1-thread-2" [_thread_blocked, id=7764, stack(0x0000000017240000,0x0000000017340000)]
  0x00000000166ae800 JavaThread "pool-2-thread-1" [_thread_blocked, id=9588, stack(0x0000000017140000,0x0000000017240000)]
  0x00000000166ab800 JavaThread "pool-1-thread-1" [_thread_blocked, id=5316, stack(0x0000000017040000,0x0000000017140000)]
  0x000000001659d000 JavaThread "Service Thread" daemon [_thread_blocked, id=2196, stack(0x0000000016e40000,0x0000000016f40000)]
  0x0000000016597800 JavaThread "C1 CompilerThread2" daemon [_thread_blocked, id=1064, stack(0x0000000016d40000,0x0000000016e40000)]
  0x000000001523c800 JavaThread "C2 CompilerThread1" daemon [_thread_in_native, id=2528, stack(0x0000000016c40000,0x0000000016d40000)]
=>0x00000000151ef000 JavaThread "C2 CompilerThread0" daemon [_thread_in_native, id=7376, stack(0x0000000016b40000,0x0000000016c40000)]
  0x00000000151ee000 JavaThread "Attach Listener" daemon [_thread_blocked, id=2392, stack(0x0000000016a40000,0x0000000016b40000)]
  0x0000000016583000 JavaThread "Signal Dispatcher" daemon [_thread_blocked, id=8316, stack(0x0000000016940000,0x0000000016a40000)]
  0x0000000002b04800 JavaThread "Finalizer" daemon [_thread_blocked, id=8336, stack(0x0000000016440000,0x0000000016540000)]
  0x00000000151a7800 JavaThread "Reference Handler" daemon [_thread_blocked, id=5240, stack(0x0000000016340000,0x0000000016440000)]
  0x0000000002a11000 JavaThread "main" [_thread_in_Java, id=8428, stack(0x0000000002910000,0x0000000002a10000)]

Other Threads:
  0x00000000151a6000 VMThread [stack: 0x0000000016240000,0x0000000016340000] [id=7180]
  0x00000000165a0000 WatcherThread [stack: 0x0000000016f40000,0x0000000017040000] [id=9156]

VM state:not at safepoint (normal execution)

VM Mutex/Monitor currently owned by a thread:  ([mutex/lock_event])
[0x0000000000b9eb40] MethodData_lock - owner thread: 0x0000000000000000

Heap:
 PSYoungGen      total 5632K, used 3893K [0x00000000eab00000, 0x00000000eb200000, 0x0000000100000000)
  eden space 4096K, 57% used [0x00000000eab00000,0x00000000ead4fe70,0x00000000eaf00000)
  from space 1536K, 99% used [0x00000000eaf00000,0x00000000eb07d840,0x00000000eb080000)
  to   space 1536K, 0% used [0x00000000eb080000,0x00000000eb080000,0x00000000eb200000)
 ParOldGen       total 64000K, used 2241K [0x00000000c0000000, 0x00000000c3e80000, 0x00000000eab00000)
  object space 64000K, 3% used [0x00000000c0000000,0x00000000c0230530,0x00000000c3e80000)
 Metaspace       used 5598K, capacity 6640K, committed 6784K, reserved 1056768K
  class space    used 594K, capacity 616K, committed 640K, reserved 1048576K

Card table byte_map: [0x0000000011ed0000,0x00000000120e0000] byte_map_base: 0x00000000118d0000

Marking Bits: (ParMarkBitMap*) 0x00000000777612b0
 Begin Bits: [0x0000000012640000, 0x0000000013640000)
 End Bits:   [0x0000000013640000, 0x0000000014640000)

Polling page: 0x0000000000c20000

CodeCache: size=245760Kb used=2808Kb max_used=2820Kb free=242951Kb
 bounds [0x0000000002b10000, 0x0000000002de0000, 0x0000000011b10000]
 total_blobs=999 nmethods=733 adapters=180
 compilation: enabled

Compilation events (10 events):
Event: 5.668 Thread 0x00000000151ef000 nmethod 753 0x0000000002db3c50 code [0x0000000002db3d80, 0x0000000002db3df8]
Event: 5.669 Thread 0x00000000151ef000  755       4       com.android.dx.ssa.NormalSsaInsn::getSources (8 bytes)
Event: 5.669 Thread 0x000000001523c800 nmethod 743 0x0000000002dcbdd0 code [0x0000000002dcbf60, 0x0000000002dcc878]
Event: 5.669 Thread 0x000000001523c800  756       4       com.android.dx.rop.code.RegisterSpec::hashCodeOf (30 bytes)
Event: 5.669 Thread 0x00000000151ef000 nmethod 755 0x0000000002dcd990 code [0x0000000002dcdac0, 0x0000000002dcdb38]
Event: 5.669 Thread 0x00000000151ef000  757       4       com.android.dx.ssa.SsaBasicBlock::isReachable (29 bytes)
Event: 5.670 Thread 0x00000000151ef000 nmethod 757 0x0000000002dd0150 code [0x0000000002dd02a0, 0x0000000002dd0368]
Event: 5.670 Thread 0x00000000151ef000  758   !   4       com.android.dx.rop.code.RegisterSpec::intern (70 bytes)
Event: 5.676 Thread 0x000000001523c800 nmethod 756 0x0000000002dcf990 code [0x0000000002dcfae0, 0x0000000002dcfe78]
Event: 5.676 Thread 0x000000001523c800  759       4       com.android.dx.ssa.SsaBasicBlock::forEachInsn (37 bytes)

GC Heap History (10 events):
Event: 3.650 GC heap before
{Heap before GC invocations=3 (full 0):
 PSYoungGen      total 1536K, used 1490K [0x00000000eab00000, 0x00000000ead00000, 0x0000000100000000)
  eden space 1024K, 98% used [0x00000000eab00000,0x00000000eabfb298,0x00000000eac00000)
  from space 512K, 94% used [0x00000000eac80000,0x00000000eacf9688,0x00000000ead00000)
  to   space 512K, 0% used [0x00000000eac00000,0x00000000eac00000,0x00000000eac80000)
 ParOldGen       total 64000K, used 320K [0x00000000c0000000, 0x00000000c3e80000, 0x00000000eab00000)
  object space 64000K, 0% used [0x00000000c0000000,0x00000000c0050010,0x00000000c3e80000)
 Metaspace       used 3460K, capacity 4720K, committed 4864K, reserved 1056768K
  class space    used 381K, capacity 424K, committed 512K, reserved 1048576K
Event: 3.687 GC heap after
Heap after GC invocations=3 (full 0):
 PSYoungGen      total 1536K, used 504K [0x00000000eab00000, 0x00000000eae00000, 0x0000000100000000)
  eden space 1024K, 0% used [0x00000000eab00000,0x00000000eab00000,0x00000000eac00000)
  from space 512K, 98% used [0x00000000eac00000,0x00000000eac7e010,0x00000000eac80000)
  to   space 512K, 0% used [0x00000000ead80000,0x00000000ead80000,0x00000000eae00000)
 ParOldGen       total 64000K, used 548K [0x00000000c0000000, 0x00000000c3e80000, 0x00000000eab00000)
  object space 64000K, 0% used [0x00000000c0000000,0x00000000c0089060,0x00000000c3e80000)
 Metaspace       used 3460K, capacity 4720K, committed 4864K, reserved 1056768K
  class space    used 381K, capacity 424K, committed 512K, reserved 1048576K
}
Event: 3.842 GC heap before
{Heap before GC invocations=4 (full 0):
 PSYoungGen      total 1536K, used 1528K [0x00000000eab00000, 0x00000000eae00000, 0x0000000100000000)
  eden space 1024K, 100% used [0x00000000eab00000,0x00000000eac00000,0x00000000eac00000)
  from space 512K, 98% used [0x00000000eac00000,0x00000000eac7e010,0x00000000eac80000)
  to   space 512K, 0% used [0x00000000ead80000,0x00000000ead80000,0x00000000eae00000)
 ParOldGen       total 64000K, used 548K [0x00000000c0000000, 0x00000000c3e80000, 0x00000000eab00000)
  object space 64000K, 0% used [0x00000000c0000000,0x00000000c0089060,0x00000000c3e80000)
 Metaspace       used 3748K, capacity 5008K, committed 5120K, reserved 1056768K
  class space    used 424K, capacity 456K, committed 512K, reserved 1048576K
Event: 3.852 GC heap after
Heap after GC invocations=4 (full 0):
 PSYoungGen      total 2560K, used 504K [0x00000000eab00000, 0x00000000eae00000, 0x0000000100000000)
  eden space 2048K, 0% used [0x00000000eab00000,0x00000000eab00000,0x00000000ead00000)
  from space 512K, 98% used [0x00000000ead80000,0x00000000eadfe010,0x00000000eae00000)
  to   space 512K, 0% used [0x00000000ead00000,0x00000000ead00000,0x00000000ead80000)
 ParOldGen       total 64000K, used 887K [0x00000000c0000000, 0x00000000c3e80000, 0x00000000eab00000)
  object space 64000K, 1% used [0x00000000c0000000,0x00000000c00ddfc8,0x00000000c3e80000)
 Metaspace       used 3748K, capacity 5008K, committed 5120K, reserved 1056768K
  class space    used 424K, capacity 456K, committed 512K, reserved 1048576K
}
Event: 4.580 GC heap before
{Heap before GC invocations=5 (full 0):
 PSYoungGen      total 2560K, used 2550K [0x00000000eab00000, 0x00000000eae00000, 0x0000000100000000)
  eden space 2048K, 99% used [0x00000000eab00000,0x00000000eacff970,0x00000000ead00000)
  from space 512K, 98% used [0x00000000ead80000,0x00000000eadfe010,0x00000000eae00000)
  to   space 512K, 0% used [0x00000000ead00000,0x00000000ead00000,0x00000000ead80000)
 ParOldGen       total 64000K, used 887K [0x00000000c0000000, 0x00000000c3e80000, 0x00000000eab00000)
  object space 64000K, 1% used [0x00000000c0000000,0x00000000c00ddfc8,0x00000000c3e80000)
 Metaspace       used 4122K, capacity 5392K, committed 5760K, reserved 1056768K
  class space    used 467K, capacity 520K, committed 640K, reserved 1048576K
Event: 4.638 GC heap after
Heap after GC invocations=5 (full 0):
 PSYoungGen      total 2560K, used 494K [0x00000000eab00000, 0x00000000eb200000, 0x0000000100000000)
  eden space 2048K, 0% used [0x00000000eab00000,0x00000000eab00000,0x00000000ead00000)
  from space 512K, 96% used [0x00000000ead00000,0x00000000ead7b838,0x00000000ead80000)
  to   space 1536K, 0% used [0x00000000eb080000,0x00000000eb080000,0x00000000eb200000)
 ParOldGen       total 64000K, used 1700K [0x00000000c0000000, 0x00000000c3e80000, 0x00000000eab00000)
  object space 64000K, 2% used [0x00000000c0000000,0x00000000c01a9170,0x00000000c3e80000)
 Metaspace       used 4122K, capacity 5392K, committed 5760K, reserved 1056768K
  class space    used 467K, capacity 520K, committed 640K, reserved 1048576K
}
Event: 4.797 GC heap before
{Heap before GC invocations=6 (full 0):
 PSYoungGen      total 2560K, used 2542K [0x00000000eab00000, 0x00000000eb200000, 0x0000000100000000)
  eden space 2048K, 100% used [0x00000000eab00000,0x00000000ead00000,0x00000000ead00000)
  from space 512K, 96% used [0x00000000ead00000,0x00000000ead7b838,0x00000000ead80000)
  to   space 1536K, 0% used [0x00000000eb080000,0x00000000eb080000,0x00000000eb200000)
 ParOldGen       total 64000K, used 1700K [0x00000000c0000000, 0x00000000c3e80000, 0x00000000eab00000)
  object space 64000K, 2% used [0x00000000c0000000,0x00000000c01a9170,0x00000000c3e80000)
 Metaspace       used 4726K, capacity 5872K, committed 6016K, reserved 1056768K
  class space    used 519K, capacity 552K, committed 640K, reserved 1048576K
Event: 4.926 GC heap after
Heap after GC invocations=6 (full 0):
 PSYoungGen      total 5632K, used 1328K [0x00000000eab00000, 0x00000000eb200000, 0x0000000100000000)
  eden space 4096K, 0% used [0x00000000eab00000,0x00000000eab00000,0x00000000eaf00000)
  from space 1536K, 86% used [0x00000000eb080000,0x00000000eb1cc3c0,0x00000000eb200000)
  to   space 1536K, 0% used [0x00000000eaf00000,0x00000000eaf00000,0x00000000eb080000)
 ParOldGen       total 64000K, used 1708K [0x00000000c0000000, 0x00000000c3e80000, 0x00000000eab00000)
  object space 64000K, 2% used [0x00000000c0000000,0x00000000c01ab170,0x00000000c3e80000)
 Metaspace       used 4726K, capacity 5872K, committed 6016K, reserved 1056768K
  class space    used 519K, capacity 552K, committed 640K, reserved 1048576K
}
Event: 5.365 GC heap before
{Heap before GC invocations=7 (full 0):
 PSYoungGen      total 5632K, used 5424K [0x00000000eab00000, 0x00000000eb200000, 0x0000000100000000)
  eden space 4096K, 100% used [0x00000000eab00000,0x00000000eaf00000,0x00000000eaf00000)
  from space 1536K, 86% used [0x00000000eb080000,0x00000000eb1cc3c0,0x00000000eb200000)
  to   space 1536K, 0% used [0x00000000eaf00000,0x00000000eaf00000,0x00000000eb080000)
 ParOldGen       total 64000K, used 1708K [0x00000000c0000000, 0x00000000c3e80000, 0x00000000eab00000)
  object space 64000K, 2% used [0x00000000c0000000,0x00000000c01ab170,0x00000000c3e80000)
 Metaspace       used 5468K, capacity 6576K, committed 6784K, reserved 1056768K
  class space    used 591K, capacity 616K, committed 640K, reserved 1048576K
Event: 5.624 GC heap after
Heap after GC invocations=7 (full 0):
 PSYoungGen      total 5632K, used 1526K [0x00000000eab00000, 0x00000000eb200000, 0x0000000100000000)
  eden space 4096K, 0% used [0x00000000eab00000,0x00000000eab00000,0x00000000eaf00000)
  from space 1536K, 99% used [0x00000000eaf00000,0x00000000eb07d840,0x00000000eb080000)
  to   space 1536K, 0% used [0x00000000eb080000,0x00000000eb080000,0x00000000eb200000)
 ParOldGen       total 64000K, used 2241K [0x00000000c0000000, 0x00000000c3e80000, 0x00000000eab00000)
  object space 64000K, 3% used [0x00000000c0000000,0x00000000c0230530,0x00000000c3e80000)
 Metaspace       used 5468K, capacity 6576K, committed 6784K, reserved 1056768K
  class space    used 591K, capacity 616K, committed 640K, reserved 1048576K
}

Deoptimization events (0 events):
No events

Internal exceptions (10 events):
Event: 5.206 Thread 0x000000001679a800 Exception <a 'java/security/PrivilegedActionException'> (0x00000000ead85840) thrown at [C:\re\workspace\8-2-build-windows-amd64-cygwin\jdk8u11\648\hotspot\src\share\vm\prims\jvm.cpp, line 1248]
Event: 5.207 Thread 0x000000001679a800 Exception <a 'java/security/PrivilegedActionException'> (0x00000000ead88778) thrown at [C:\re\workspace\8-2-build-windows-amd64-cygwin\jdk8u11\648\hotspot\src\share\vm\prims\jvm.cpp, line 1248]
Event: 5.208 Thread 0x000000001679a800 Exception <a 'java/security/PrivilegedActionException'> (0x00000000ead93a80) thrown at [C:\re\workspace\8-2-build-windows-amd64-cygwin\jdk8u11\648\hotspot\src\share\vm\prims\jvm.cpp, line 1248]
Event: 5.209 Thread 0x000000001679a800 Exception <a 'java/security/PrivilegedActionException'> (0x00000000ead971a8) thrown at [C:\re\workspace\8-2-build-windows-amd64-cygwin\jdk8u11\648\hotspot\src\share\vm\prims\jvm.cpp, line 1248]
Event: 5.258 Thread 0x00000000166ab800 Exception <a 'java/security/PrivilegedActionException'> (0x00000000eae2eb98) thrown at [C:\re\workspace\8-2-build-windows-amd64-cygwin\jdk8u11\648\hotspot\src\share\vm\prims\jvm.cpp, line 1248]
Event: 5.295 Thread 0x000000001679a800 Exception <a 'java/security/PrivilegedActionException'> (0x00000000eaebf888) thrown at [C:\re\workspace\8-2-build-windows-amd64-cygwin\jdk8u11\648\hotspot\src\share\vm\prims\jvm.cpp, line 1248]
Event: 5.624 Thread 0x0000000002a11000 Exception <a 'java/security/PrivilegedActionException'> (0x00000000eab05a40) thrown at [C:\re\workspace\8-2-build-windows-amd64-cygwin\jdk8u11\648\hotspot\src\share\vm\prims\jvm.cpp, line 1248]
Event: 5.653 Thread 0x000000001679b800 Exception <a 'java/security/PrivilegedActionException'> (0x00000000eac2b328) thrown at [C:\re\workspace\8-2-build-windows-amd64-cygwin\jdk8u11\648\hotspot\src\share\vm\prims\jvm.cpp, line 1248]
Event: 5.653 Thread 0x000000001679b800 Exception <a 'java/security/PrivilegedActionException'> (0x00000000eac2f818) thrown at [C:\re\workspace\8-2-build-windows-amd64-cygwin\jdk8u11\648\hotspot\src\share\vm\prims\jvm.cpp, line 1248]
Event: 5.654 Thread 0x000000001679b800 Exception <a 'java/security/PrivilegedActionException'> (0x00000000eac444e8) thrown at [C:\re\workspace\8-2-build-windows-amd64-cygwin\jdk8u11\648\hotspot\src\share\vm\prims\jvm.cpp, line 1248]

Events (10 events):
Event: 5.638 loading class java/util/DualPivotQuicksort
Event: 5.638 loading class java/util/DualPivotQuicksort done
Event: 5.653 loading class com/android/dx/dex/file/ParameterAnnotationStruct
Event: 5.653 loading class com/android/dx/dex/file/ParameterAnnotationStruct done
Event: 5.653 loading class com/android/dx/dex/file/UniformListItem
Event: 5.653 loading class com/android/dx/dex/file/UniformListItem done
Event: 5.654 loading class com/android/dx/dex/file/AnnotationSetRefItem
Event: 5.654 loading class com/android/dx/dex/file/AnnotationSetRefItem done
Event: 5.681 loading class java/util/ArrayList$1
Event: 5.681 loading class java/util/ArrayList$1 done


Dynamic libraries:
0x00007ff70ec20000 - 0x00007ff70ec54000 	C:\Program Files\Java\jdk1.8.0_11\bin\java.exe
0x00007ffa69510000 - 0x00007ffa696b9000 	C:\Windows\SYSTEM32\ntdll.dll
0x00007ffa69250000 - 0x00007ffa69389000 	C:\Windows\system32\KERNEL32.DLL
0x00007ffa66b40000 - 0x00007ffa66c4e000 	C:\Windows\system32\KERNELBASE.dll
0x00007ffa654c0000 - 0x00007ffa6554b000 	C:\Windows\system32\apphelp.dll
0x00007ffa5ccb0000 - 0x00007ffa5ccff000 	C:\Windows\AppPatch\AppPatch64\AcGenral.DLL
0x00007ffa66e60000 - 0x00007ffa66f07000 	C:\Windows\system32\msvcrt.dll
0x00007ffa66670000 - 0x00007ffa6669b000 	C:\Windows\SYSTEM32\SspiCli.dll
0x00007ffa67050000 - 0x00007ffa670a1000 	C:\Windows\system32\SHLWAPI.dll
0x00007ffa676b0000 - 0x00007ffa67821000 	C:\Windows\system32\USER32.dll
0x00007ffa69390000 - 0x00007ffa69506000 	C:\Windows\system32\ole32.dll
0x00007ffa67be0000 - 0x00007ffa68fef000 	C:\Windows\system32\SHELL32.dll
0x00007ffa65e10000 - 0x00007ffa65e2f000 	C:\Windows\SYSTEM32\USERENV.dll
0x00007ffa670b0000 - 0x00007ffa67155000 	C:\Windows\system32\ADVAPI32.dll
0x00007ffa5e950000 - 0x00007ffa5e96b000 	C:\Windows\SYSTEM32\MPR.dll
0x00007ffa67310000 - 0x00007ffa67446000 	C:\Windows\system32\RPCRT4.dll
0x00007ffa67b80000 - 0x00007ffa67bd7000 	C:\Windows\SYSTEM32\sechost.dll
0x00007ffa679a0000 - 0x00007ffa67b77000 	C:\Windows\SYSTEM32\combase.dll
0x00007ffa67160000 - 0x00007ffa672a5000 	C:\Windows\system32\GDI32.dll
0x00007ffa66890000 - 0x00007ffa668a4000 	C:\Windows\SYSTEM32\profapi.dll
0x00007ffa64ee0000 - 0x00007ffa64f81000 	C:\Windows\SYSTEM32\SHCORE.dll
0x00007ffa67670000 - 0x00007ffa676a4000 	C:\Windows\system32\IMM32.DLL
0x00007ffa66f10000 - 0x00007ffa67048000 	C:\Windows\system32\MSCTF.dll
0x00007ffa64240000 - 0x00007ffa6449a000 	C:\Windows\WinSxS\amd64_microsoft.windows.common-controls_6595b64144ccf1df_6.0.9600.16384_none_62475f7becb72503\COMCTL32.dll
0x0000000076910000 - 0x00000000769e2000 	C:\Program Files\Java\jdk1.8.0_11\jre\bin\msvcr100.dll
0x0000000076fb0000 - 0x00000000777da000 	C:\Program Files\Java\jdk1.8.0_11\jre\bin\server\jvm.dll
0x00007ffa5e450000 - 0x00007ffa5e459000 	C:\Windows\SYSTEM32\WSOCK32.dll
0x00007ffa5d600000 - 0x00007ffa5d61f000 	C:\Windows\SYSTEM32\WINMM.dll
0x00007ffa691d0000 - 0x00007ffa691d7000 	C:\Windows\system32\PSAPI.DLL
0x00007ffa691e0000 - 0x00007ffa69238000 	C:\Windows\system32\WS2_32.dll
0x00007ffa5d5d0000 - 0x00007ffa5d5fa000 	C:\Windows\SYSTEM32\WINMMBASE.dll
0x00007ffa67990000 - 0x00007ffa67999000 	C:\Windows\system32\NSI.dll
0x00007ffa66d00000 - 0x00007ffa66d4a000 	C:\Windows\SYSTEM32\cfgmgr32.dll
0x00007ffa65740000 - 0x00007ffa65766000 	C:\Windows\SYSTEM32\DEVOBJ.dll
0x0000000076ec0000 - 0x0000000076ecf000 	C:\Program Files\Java\jdk1.8.0_11\jre\bin\verify.dll
0x0000000076e90000 - 0x0000000076eb8000 	C:\Program Files\Java\jdk1.8.0_11\jre\bin\java.dll
0x0000000076e70000 - 0x0000000076e86000 	C:\Program Files\Java\jdk1.8.0_11\jre\bin\zip.dll
0x00007ffa529a0000 - 0x00007ffa52b28000 	C:\Windows\SYSTEM32\dbghelp.dll

VM Arguments:
jvm_args: -Djava.awt.headless=true -Xmx1024M -Dfile.encoding=GBK -Duser.country=US -Duser.language=en -Duser.variant 
java_command: com.android.dx.command.Main --dex --num-threads=4 --output E:\java\android\NetMT\app\build\intermediates\pre-dexed\debug\com.android.support-support-vector-drawable-23.2.0_0a80e827d568707e1c934bfcef306d87d7731298.jar E:\java\android\NetMT\app\build\intermediates\exploded-aar\com.android.support\support-vector-drawable\23.2.0\jars\classes.jar
java_class_path (initial): C:\Users\Administrator\AppData\Local\Android\sdk\build-tools\23.0.2\lib\dx.jar
Launcher Type: SUN_STANDARD

Environment Variables:
JAVA_HOME=C:\Program Files\Java\jdk1.8.0_11
PATH=C:\Windows\system32;C:\Windows;C:\Windows\System32\Wbem;C:\Windows\System32\WindowsPowerShell\v1.0\;C:\Program Files (x86)\ATI Technologies\ATI.ACE\Core-Static;0x0.000000p-1022ndroid;D:\Java\jdk1.7.0_17\bin;C:\Program Files (x86)\Microsoft SQL Server\100\Tools\Binn\;C:\Program Files\Microsoft SQL Server\100\Tools\Binn\;C:\Program Files\Microsoft SQL Server\100\DTS\Binn\;D:\TortoiseSVN\bin;D:\Java\jdk1.7.0_17\bin
USERNAME=KingHacker
OS=Windows_NT
PROCESSOR_IDENTIFIER=Intel64 Family 6 Model 42 Stepping 7, GenuineIntel



---------------  S Y S T E M  ---------------

OS: Windows 8.1 , 64 bit Build 9600 

CPU:total 4 (2 cores per cpu, 2 threads per core) family 6 model 42 stepping 7, cmov, cx8, fxsr, mmx, sse, sse2, sse3, ssse3, sse4.1, sse4.2, popcnt, avx, aes, clmul, ht, tsc, tscinvbit

Memory: 4k page, physical 4136812k(759236k free), swap 16719724k(5120k free)

vm_info: Java HotSpot(TM) 64-Bit Server VM (25.11-b03) for windows-amd64 JRE (1.8.0_11-b12), built on Jun 16 2014 20:57:32 by "java_re" with MS VC++ 10.0 (VS2010)

time: Fri Mar 18 14:11:01 2016
elapsed time: 5 seconds

