#
# There is insufficient memory for the Java Runtime Environment to continue.
# Native memory allocation (malloc) failed to allocate 8388624 bytes for Chunk::new
# Possible reasons:
#   The system is out of physical RAM or swap space
#   In 32 bit mode, the process size limit was hit
# Possible solutions:
#   Reduce memory load on the system
#   Increase physical memory or swap space
#   Check if swap backing store is full
#   Use 64 bit Java on a 64 bit OS
#   Decrease Java heap size (-Xmx/-Xms)
#   Decrease number of Java threads
#   Decrease Java thread stack sizes (-Xss)
#   Set larger code cache with -XX:ReservedCodeCacheSize=
# This output file may be truncated or incomplete.
#
#  Out of Memory Error (allocation.cpp:388), pid=8120, tid=9996
#
# JRE version: Java(TM) SE Runtime Environment (8.0_11-b12) (build 1.8.0_11-b12)
# Java VM: Java HotSpot(TM) 64-Bit Server VM (25.11-b03 mixed mode windows-amd64 compressed oops)
# Failed to write core dump. Minidumps are not enabled by default on client versions of Windows
#

---------------  T H R E A D  ---------------

Current thread (0x00000000151be000):  JavaThread "C2 CompilerThread1" daemon [_thread_in_native, id=9996, stack(0x0000000016c30000,0x0000000016d30000)]

Stack: [0x0000000016c30000,0x0000000016d30000]
[error occurred during error reporting (printing stack bounds), id 0xc0000005]

Native frames: (J=compiled Java code, j=interpreted, Vv=VM code, C=native code)
V  [jvm.dll+0x308eca]
V  [jvm.dll+0x25e121]
V  [jvm.dll+0x25ed33]
V  [jvm.dll+0x277366]
V  [jvm.dll+0x27aea3]
V  [jvm.dll+0x59682f]
C  [msvcr100.dll+0x712e3]
V  [jvm.dll+0x595f4d]
C  [ntdll.dll+0x9921d]
C  [ntdll.dll+0x55b5b]
C  [ntdll.dll+0x983de]
V  [jvm.dll+0x1fdfe1]


Current CompileTask:
C2:  13531 2317   !   4       com.android.dx.cf.code.Ropper::processBlock (1101 bytes)


---------------  P R O C E S S  ---------------

Java Threads: ( => current thread )
  0x000000001703f000 JavaThread "pool-1-thread-4" [_thread_blocked, id=9408, stack(0x0000000017c30000,0x0000000017d30000)]
  0x000000001703d800 JavaThread "pool-1-thread-3" [_thread_blocked, id=9400, stack(0x0000000017b30000,0x0000000017c30000)]
  0x000000001703c800 JavaThread "pool-1-thread-2" [_thread_blocked, id=10036, stack(0x0000000017a30000,0x0000000017b30000)]
  0x0000000016791000 JavaThread "pool-2-thread-1" [_thread_blocked, id=8476, stack(0x0000000017930000,0x0000000017a30000)]
  0x0000000016790000 JavaThread "pool-1-thread-1" [_thread_blocked, id=3348, stack(0x0000000017830000,0x0000000017930000)]
  0x0000000016596800 JavaThread "Service Thread" daemon [_thread_blocked, id=8648, stack(0x0000000016e30000,0x0000000016f30000)]
  0x00000000151fa800 JavaThread "C1 CompilerThread2" daemon [_thread_blocked, id=9380, stack(0x0000000016d30000,0x0000000016e30000)]
=>0x00000000151be000 JavaThread "C2 CompilerThread1" daemon [_thread_in_native, id=9996, stack(0x0000000016c30000,0x0000000016d30000)]
  0x00000000151af000 JavaThread "C2 CompilerThread0" daemon [_thread_blocked, id=9984, stack(0x0000000016b30000,0x0000000016c30000)]
  0x00000000151ae000 JavaThread "Attach Listener" daemon [_thread_blocked, id=10012, stack(0x0000000016a30000,0x0000000016b30000)]
  0x0000000016573000 JavaThread "Signal Dispatcher" daemon [_thread_blocked, id=9820, stack(0x0000000016930000,0x0000000016a30000)]
  0x0000000002a8f000 JavaThread "Finalizer" daemon [_thread_blocked, id=7720, stack(0x0000000016400000,0x0000000016500000)]
  0x0000000015167800 JavaThread "Reference Handler" daemon [_thread_blocked, id=1848, stack(0x0000000016300000,0x0000000016400000)]
  0x00000000029a1000 JavaThread "main" [_thread_blocked, id=9656, stack(0x0000000002870000,0x0000000002970000)]

Other Threads:
  0x0000000015166800 VMThread [stack: 0x0000000016200000,0x0000000016300000] [id=600]
  0x0000000016597000 WatcherThread [stack: 0x0000000016f30000,0x0000000017030000] [id=8656]

VM state:at safepoint (normal execution)

VM Mutex/Monitor currently owned by a thread:  ([mutex/lock_event])
[0x000000000297c470] Threads_lock - owner thread: 0x0000000015166800
[0x000000000297c370] Heap_lock - owner thread: 0x00000000029a1000

Heap:
 PSYoungGen      total 109568K, used 11042K [0x00000000eab00000, 0x00000000f2780000, 0x0000000100000000)
  eden space 96256K, 0% used [0x00000000eab00000,0x00000000eab00000,0x00000000f0900000)
  from space 13312K, 82% used [0x00000000f1780000,0x00000000f2248a10,0x00000000f2480000)
  to   space 14848K, 0% used [0x00000000f0900000,0x00000000f0900000,0x00000000f1780000)
 ParOldGen       total 64000K, used 58085K [0x00000000c0000000, 0x00000000c3e80000, 0x00000000eab00000)
  object space 64000K, 90% used [0x00000000c0000000,0x00000000c38b9710,0x00000000c3e80000)
 Metaspace       used 6209K, capacity 7064K, committed 7424K, reserved 1056768K
  class space    used 619K, capacity 656K, committed 768K, reserved 1048576K

Card table byte_map: [0x0000000011e70000,0x0000000012080000] byte_map_base: 0x0000000011870000

Marking Bits: (ParMarkBitMap*) 0x00000000777612b0
 Begin Bits: [0x00000000125e0000, 0x00000000135e0000)
 End Bits:   [0x00000000135e0000, 0x00000000145e0000)

Polling page: 0x0000000002980000

CodeCache: size=245760Kb used=10467Kb max_used=10467Kb free=235292Kb
 bounds [0x0000000002ab0000, 0x0000000003500000, 0x0000000011ab0000]
 total_blobs=2505 nmethods=2236 adapters=180
 compilation: enabled

Compilation events (10 events):
Event: 12.391 Thread 0x00000000151fa800 2343       1       java.util.concurrent.ThreadPoolExecutor::afterExecute (1 bytes)
Event: 12.391 Thread 0x00000000151fa800 nmethod 2343 0x00000000034a3910 code [0x00000000034a3a60, 0x00000000034a3b70]
Event: 12.414 Thread 0x00000000151fa800 2344 %     3       com.android.dx.ssa.back.FirstFitLocalCombiningAllocator::getLocalItemForReg @ 15 (97 bytes)
Event: 12.415 Thread 0x00000000151fa800 nmethod 2344% 0x00000000034e6bd0 code [0x00000000034e6e20, 0x00000000034e7dd8]
Event: 12.456 Thread 0x00000000151fa800 2346       2       com.android.dx.rop.code.Rops::opMul (29 bytes)
Event: 12.456 Thread 0x00000000151fa800 nmethod 2346 0x00000000034dba90 code [0x00000000034dbc00, 0x00000000034dbda8]
Event: 12.476 Thread 0x00000000151fa800 2347       2       java.util.TimSort::binarySort (223 bytes)
Event: 12.477 Thread 0x00000000151fa800 nmethod 2347 0x00000000034c86d0 code [0x00000000034c8880, 0x00000000034c8e58]
Event: 12.603 Thread 0x00000000151fa800 2348       2       java.util.HashMap$TreeNode::getTreeNode (22 bytes)
Event: 12.604 Thread 0x00000000151fa800 nmethod 2348 0x00000000034c8210 code [0x00000000034c8380, 0x00000000034c8568]

GC Heap History (10 events):
Event: 9.624 GC heap after
Heap after GC invocations=20 (full 0):
 PSYoungGen      total 58880K, used 6256K [0x00000000eab00000, 0x00000000ef000000, 0x0000000100000000)
  eden space 50176K, 0% used [0x00000000eab00000,0x00000000eab00000,0x00000000edc00000)
  from space 8704K, 71% used [0x00000000ee580000,0x00000000eeb9c030,0x00000000eee00000)
  to   space 9728K, 0% used [0x00000000edc00000,0x00000000edc00000,0x00000000ee580000)
 ParOldGen       total 64000K, used 26723K [0x00000000c0000000, 0x00000000c3e80000, 0x00000000eab00000)
  object space 64000K, 41% used [0x00000000c0000000,0x00000000c1a18c40,0x00000000c3e80000)
 Metaspace       used 6072K, capacity 7024K, committed 7296K, reserved 1056768K
  class space    used 599K, capacity 616K, committed 640K, reserved 1048576K
}
Event: 10.044 GC heap before
{Heap before GC invocations=21 (full 0):
 PSYoungGen      total 58880K, used 56432K [0x00000000eab00000, 0x00000000ef000000, 0x0000000100000000)
  eden space 50176K, 100% used [0x00000000eab00000,0x00000000edc00000,0x00000000edc00000)
  from space 8704K, 71% used [0x00000000ee580000,0x00000000eeb9c030,0x00000000eee00000)
  to   space 9728K, 0% used [0x00000000edc00000,0x00000000edc00000,0x00000000ee580000)
 ParOldGen       total 64000K, used 26723K [0x00000000c0000000, 0x00000000c3e80000, 0x00000000eab00000)
  object space 64000K, 41% used [0x00000000c0000000,0x00000000c1a18c40,0x00000000c3e80000)
 Metaspace       used 6087K, capacity 7024K, committed 7296K, reserved 1056768K
  class space    used 599K, capacity 616K, committed 640K, reserved 1048576K
Event: 10.237 GC heap after
Heap after GC invocations=21 (full 0):
 PSYoungGen      total 59904K, used 8148K [0x00000000eab00000, 0x00000000f0500000, 0x0000000100000000)
  eden space 50176K, 0% used [0x00000000eab00000,0x00000000eab00000,0x00000000edc00000)
  from space 9728K, 83% used [0x00000000edc00000,0x00000000ee3f53e0,0x00000000ee580000)
  to   space 10752K, 0% used [0x00000000efa80000,0x00000000efa80000,0x00000000f0500000)
 ParOldGen       total 64000K, used 32574K [0x00000000c0000000, 0x00000000c3e80000, 0x00000000eab00000)
  object space 64000K, 50% used [0x00000000c0000000,0x00000000c1fcfb30,0x00000000c3e80000)
 Metaspace       used 6087K, capacity 7024K, committed 7296K, reserved 1056768K
  class space    used 599K, capacity 616K, committed 640K, reserved 1048576K
}
Event: 11.046 GC heap before
{Heap before GC invocations=22 (full 0):
 PSYoungGen      total 59904K, used 58324K [0x00000000eab00000, 0x00000000f0500000, 0x0000000100000000)
  eden space 50176K, 100% used [0x00000000eab00000,0x00000000edc00000,0x00000000edc00000)
  from space 9728K, 83% used [0x00000000edc00000,0x00000000ee3f53e0,0x00000000ee580000)
  to   space 10752K, 0% used [0x00000000efa80000,0x00000000efa80000,0x00000000f0500000)
 ParOldGen       total 64000K, used 32574K [0x00000000c0000000, 0x00000000c3e80000, 0x00000000eab00000)
  object space 64000K, 50% used [0x00000000c0000000,0x00000000c1fcfb30,0x00000000c3e80000)
 Metaspace       used 6199K, capacity 7064K, committed 7424K, reserved 1056768K
  class space    used 619K, capacity 656K, committed 768K, reserved 1048576K
Event: 11.129 GC heap after
Heap after GC invocations=22 (full 0):
 PSYoungGen      total 80384K, used 8064K [0x00000000eab00000, 0x00000000f0700000, 0x0000000100000000)
  eden space 69632K, 0% used [0x00000000eab00000,0x00000000eab00000,0x00000000eef00000)
  from space 10752K, 75% used [0x00000000efa80000,0x00000000f0260000,0x00000000f0500000)
  to   space 11776K, 0% used [0x00000000eef00000,0x00000000eef00000,0x00000000efa80000)
 ParOldGen       total 64000K, used 40264K [0x00000000c0000000, 0x00000000c3e80000, 0x00000000eab00000)
  object space 64000K, 62% used [0x00000000c0000000,0x00000000c2752288,0x00000000c3e80000)
 Metaspace       used 6199K, capacity 7064K, committed 7424K, reserved 1056768K
  class space    used 619K, capacity 656K, committed 768K, reserved 1048576K
}
Event: 11.611 GC heap before
{Heap before GC invocations=23 (full 0):
 PSYoungGen      total 80384K, used 77696K [0x00000000eab00000, 0x00000000f0700000, 0x0000000100000000)
  eden space 69632K, 100% used [0x00000000eab00000,0x00000000eef00000,0x00000000eef00000)
  from space 10752K, 75% used [0x00000000efa80000,0x00000000f0260000,0x00000000f0500000)
  to   space 11776K, 0% used [0x00000000eef00000,0x00000000eef00000,0x00000000efa80000)
 ParOldGen       total 64000K, used 40264K [0x00000000c0000000, 0x00000000c3e80000, 0x00000000eab00000)
  object space 64000K, 62% used [0x00000000c0000000,0x00000000c2752288,0x00000000c3e80000)
 Metaspace       used 6206K, capacity 7064K, committed 7424K, reserved 1056768K
  class space    used 619K, capacity 656K, committed 768K, reserved 1048576K
Event: 11.709 GC heap after
Heap after GC invocations=23 (full 0):
 PSYoungGen      total 81408K, used 10954K [0x00000000eab00000, 0x00000000f2480000, 0x0000000100000000)
  eden space 69632K, 0% used [0x00000000eab00000,0x00000000eab00000,0x00000000eef00000)
  from space 11776K, 93% used [0x00000000eef00000,0x00000000ef9b29b0,0x00000000efa80000)
  to   space 13312K, 0% used [0x00000000f1780000,0x00000000f1780000,0x00000000f2480000)
 ParOldGen       total 64000K, used 47980K [0x00000000c0000000, 0x00000000c3e80000, 0x00000000eab00000)
  object space 64000K, 74% used [0x00000000c0000000,0x00000000c2edb148,0x00000000c3e80000)
 Metaspace       used 6206K, capacity 7064K, committed 7424K, reserved 1056768K
  class space    used 619K, capacity 656K, committed 768K, reserved 1048576K
}
Event: 12.605 GC heap before
{Heap before GC invocations=24 (full 0):
 PSYoungGen      total 81408K, used 80586K [0x00000000eab00000, 0x00000000f2480000, 0x0000000100000000)
  eden space 69632K, 100% used [0x00000000eab00000,0x00000000eef00000,0x00000000eef00000)
  from space 11776K, 93% used [0x00000000eef00000,0x00000000ef9b29b0,0x00000000efa80000)
  to   space 13312K, 0% used [0x00000000f1780000,0x00000000f1780000,0x00000000f2480000)
 ParOldGen       total 64000K, used 47980K [0x00000000c0000000, 0x00000000c3e80000, 0x00000000eab00000)
  object space 64000K, 74% used [0x00000000c0000000,0x00000000c2edb148,0x00000000c3e80000)
 Metaspace       used 6209K, capacity 7064K, committed 7424K, reserved 1056768K
  class space    used 619K, capacity 656K, committed 768K, reserved 1048576K
Event: 12.654 GC heap after
Heap after GC invocations=24 (full 0):
 PSYoungGen      total 109568K, used 11042K [0x00000000eab00000, 0x00000000f2780000, 0x0000000100000000)
  eden space 96256K, 0% used [0x00000000eab00000,0x00000000eab00000,0x00000000f0900000)
  from space 13312K, 82% used [0x00000000f1780000,0x00000000f2248a10,0x00000000f2480000)
  to   space 14848K, 0% used [0x00000000f0900000,0x00000000f0900000,0x00000000f1780000)
 ParOldGen       total 64000K, used 58085K [0x00000000c0000000, 0x00000000c3e80000, 0x00000000eab00000)
  object space 64000K, 90% used [0x00000000c0000000,0x00000000c38b9710,0x00000000c3e80000)
 Metaspace       used 6209K, capacity 7064K, committed 7424K, reserved 1056768K
  class space    used 619K, capacity 656K, committed 768K, reserved 1048576K
}
Event: 12.654 GC heap before
{Heap before GC invocations=25 (full 1):
 PSYoungGen      total 109568K, used 11042K [0x00000000eab00000, 0x00000000f2780000, 0x0000000100000000)
  eden space 96256K, 0% used [0x00000000eab00000,0x00000000eab00000,0x00000000f0900000)
  from space 13312K, 82% used [0x00000000f1780000,0x00000000f2248a10,0x00000000f2480000)
  to   space 14848K, 0% used [0x00000000f0900000,0x00000000f0900000,0x00000000f1780000)
 ParOldGen       total 64000K, used 58085K [0x00000000c0000000, 0x00000000c3e80000, 0x00000000eab00000)
  object space 64000K, 90% used [0x00000000c0000000,0x00000000c38b9710,0x00000000c3e80000)
 Metaspace       used 6209K, capacity 7064K, committed 7424K, reserved 1056768K
  class space    used 619K, capacity 656K, committed 768K, reserved 1048576K

Deoptimization events (10 events):
Event: 11.455 Thread 0x000000001703c800 Uncommon trap: reason=unreached action=reinterpret pc=0x000000000342ff3c method=java.util.HashMap.putVal(ILjava/lang/Object;Ljava/lang/Object;ZZ)Ljava/lang/Object; @ 109
Event: 12.009 Thread 0x000000001703d800 Uncommon trap: reason=bimorphic action=maybe_recompile pc=0x00000000034aa180 method=com.android.dx.cf.code.BytecodeArray.parseInstruction(ILcom/android/dx/cf/code/BytecodeArray$Visitor;)I @ 1161
Event: 12.009 Thread 0x000000001703d800 Uncommon trap: reason=bimorphic action=maybe_recompile pc=0x00000000034a9ec0 method=com.android.dx.cf.code.BytecodeArray.parseInstruction(ILcom/android/dx/cf/code/BytecodeArray$Visitor;)I @ 1035
Event: 12.009 Thread 0x000000001703d800 Uncommon trap: reason=bimorphic action=maybe_recompile pc=0x00000000034a9d14 method=com.android.dx.cf.code.BytecodeArray.parseInstruction(ILcom/android/dx/cf/code/BytecodeArray$Visitor;)I @ 971
Event: 12.010 Thread 0x000000001703d800 Uncommon trap: reason=bimorphic action=maybe_recompile pc=0x00000000034a9d94 method=com.android.dx.cf.code.BytecodeArray.parseInstruction(ILcom/android/dx/cf/code/BytecodeArray$Visitor;)I @ 987
Event: 12.010 Thread 0x000000001703d800 Uncommon trap: reason=bimorphic action=maybe_recompile pc=0x00000000034aa180 method=com.android.dx.cf.code.BytecodeArray.parseInstruction(ILcom/android/dx/cf/code/BytecodeArray$Visitor;)I @ 1161
Event: 12.010 Thread 0x000000001703d800 Uncommon trap: reason=class_check action=maybe_recompile pc=0x0000000003175344 method=com.android.dx.cf.code.Ropper.processBlock(Lcom/android/dx/cf/code/ByteBlock;Lcom/android/dx/cf/code/Frame;[I)V @ 777
Event: 12.012 Thread 0x000000001703d800 Uncommon trap: reason=class_check action=maybe_recompile pc=0x0000000003175344 method=com.android.dx.cf.code.Ropper.processBlock(Lcom/android/dx/cf/code/ByteBlock;Lcom/android/dx/cf/code/Frame;[I)V @ 777
Event: 12.014 Thread 0x000000001703d800 Uncommon trap: reason=class_check action=maybe_recompile pc=0x0000000003175344 method=com.android.dx.cf.code.Ropper.processBlock(Lcom/android/dx/cf/code/ByteBlock;Lcom/android/dx/cf/code/Frame;[I)V @ 777
Event: 12.051 Thread 0x00000000029a1000 Uncommon trap: reason=unreached action=reinterpret pc=0x00000000033d7608 method=com.android.dx.cf.direct.StdAttributeFactory.parse0(Lcom/android/dx/cf/direct/DirectClassFile;ILjava/lang/String;IILcom/android/dx/cf/iface/ParseObserver;)Lcom/android/dx/cf/if«¬ä!é&@

Internal exceptions (10 events):
Event: 1.464 Thread 0x000000001703d800 Exception <a 'java/security/PrivilegedActionException'> (0x00000000eafc5360) thrown at [C:\re\workspace\8-2-build-windows-amd64-cygwin\jdk8u11\648\hotspot\src\share\vm\prims\jvm.cpp, line 1248]
Event: 1.541 Thread 0x0000000016790000 Implicit null exception at 0x0000000002e39be2 to 0x0000000002e39cd2
Event: 5.703 Thread 0x00000000029a1000 Exception <a 'java/security/PrivilegedActionException'> (0x00000000ec2be8e0) thrown at [C:\re\workspace\8-2-build-windows-amd64-cygwin\jdk8u11\648\hotspot\src\share\vm\prims\jvm.cpp, line 1248]
Event: 5.710 Thread 0x000000001703c800 Exception <a 'java/security/PrivilegedActionException'> (0x00000000ec33e810) thrown at [C:\re\workspace\8-2-build-windows-amd64-cygwin\jdk8u11\648\hotspot\src\share\vm\prims\jvm.cpp, line 1248]
Event: 5.928 Thread 0x000000001703f000 Exception <a 'java/security/PrivilegedActionException'> (0x00000000eacbb0b0) thrown at [C:\re\workspace\8-2-build-windows-amd64-cygwin\jdk8u11\648\hotspot\src\share\vm\prims\jvm.cpp, line 1248]
Event: 9.058 Thread 0x00000000029a1000 Exception <a 'java/security/PrivilegedActionException'> (0x00000000ec2c12e8) thrown at [C:\re\workspace\8-2-build-windows-amd64-cygwin\jdk8u11\648\hotspot\src\share\vm\prims\jvm.cpp, line 1248]
Event: 9.898 Thread 0x000000001703f000 Implicit null exception at 0x0000000003087a27 to 0x0000000003089115
Event: 10.608 Thread 0x000000001703d800 Exception <a 'java/lang/ArrayIndexOutOfBoundsException': 18> (0x00000000eb90d478) thrown at [C:\re\workspace\8-2-build-windows-amd64-cygwin\jdk8u11\648\hotspot\src\share\vm\interpreter\interpreterRuntime.cpp, line 337]
Event: 10.609 Thread 0x000000001703d800 Exception <a 'java/lang/ArrayIndexOutOfBoundsException'> (0x00000000eb90ef10) thrown at [C:\re\workspace\8-2-build-windows-amd64-cygwin\jdk8u11\648\hotspot\src\share\vm\runtime\sharedRuntime.cpp, line 595]
Event: 10.609 Thread 0x000000001703d800 Exception <a 'java/lang/ArrayIndexOutOfBoundsException'> (0x00000000eb910128) thrown at [C:\re\workspace\8-2-build-windows-amd64-cygwin\jdk8u11\648\hotspot\src\share\vm\runtime\sharedRuntime.cpp, line 595]

Events (10 events):
Event: 12.051 Thread 0x00000000029a1000 Uncommon trap: trap_request=0xffffffad fr.pc=0x00000000033d7608
Event: 12.051 Thread 0x00000000029a1000 DEOPT PACKING pc=0x00000000033d7608 sp=0x000000000296e690
Event: 12.051 Thread 0x00000000029a1000 DEOPT UNPACKING pc=0x0000000002af55af sp=0x000000000296e638 mode 2
Event: 12.446 Thread 0x000000001703c800 DEOPT PACKING pc=0x0000000002f9181e sp=0x0000000017b2e770
Event: 12.446 Thread 0x000000001703c800 DEOPT UNPACKING pc=0x0000000002af7604 sp=0x0000000017b2e4d0 mode 0
Event: 12.473 Thread 0x00000000029a1000 DEOPT PACKING pc=0x000000000321b2ca sp=0x000000000296e8d0
Event: 12.473 Thread 0x00000000029a1000 DEOPT UNPACKING pc=0x0000000002af7604 sp=0x000000000296e6e0 mode 0
Event: 12.473 Thread 0x00000000029a1000 DEOPT PACKING pc=0x00000000032125ac sp=0x000000000296e7d0
Event: 12.473 Thread 0x00000000029a1000 DEOPT UNPACKING pc=0x0000000002af7604 sp=0x000000000296e590 mode 0
Event: 12.605 Executing VM operation: ParallelGCFailedAllocation


Dynamic libraries:
0x00007ff70ec20000 - 0x00007ff70ec54000 	C:\Program Files\Java\jdk1.8.0_11\bin\java.exe
0x00007ffa69510000 - 0x00007ffa696b9000 	C:\Windows\SYSTEM32\ntdll.dll
0x00007ffa69250000 - 0x00007ffa69389000 	C:\Windows\system32\KERNEL32.DLL
0x00007ffa66b40000 - 0x00007ffa66c4e000 	C:\Windows\system32\KERNELBASE.dll
0x00007ffa654c0000 - 0x00007ffa6554b000 	C:\Windows\system32\apphelp.dll
0x00007ffa5ccb0000 - 0x00007ffa5ccff000 	C:\Windows\AppPatch\AppPatch64\AcGenral.DLL
0x00007ffa66e60000 - 0x00007ffa66f07000 	C:\Windows\system32\msvcrt.dll
0x00007ffa66670000 - 0x00007ffa6669b000 	C:\Windows\SYSTEM32\SspiCli.dll
0x00007ffa67050000 - 0x00007ffa670a1000 	C:\Windows\system32\SHLWAPI.dll
0x00007ffa676b0000 - 0x00007ffa67821000 	C:\Windows\system32\USER32.dll
0x00007ffa69390000 - 0x00007ffa69506000 	C:\Windows\system32\ole32.dll
0x00007ffa67be0000 - 0x00007ffa68fef000 	C:\Windows\system32\SHELL32.dll
0x00007ffa65e10000 - 0x00007ffa65e2f000 	C:\Windows\SYSTEM32\USERENV.dll
0x00007ffa670b0000 - 0x00007ffa67155000 	C:\Windows\system32\ADVAPI32.dll
0x00007ffa5e950000 - 0x00007ffa5e96b000 	C:\Windows\SYSTEM32\MPR.dll
0x00007ffa67310000 - 0x00007ffa67446000 	C:\Windows\system32\RPCRT4.dll
0x00007ffa67b80000 - 0x00007ffa67bd7000 	C:\Windows\SYSTEM32\sechost.dll
0x00007ffa679a0000 - 0x00007ffa67b77000 	C:\Windows\SYSTEM32\combase.dll
0x00007ffa67160000 - 0x00007ffa672a5000 	C:\Windows\system32\GDI32.dll
0x00007ffa66890000 - 0x00007ffa668a4000 	C:\Windows\SYSTEM32\profapi.dll
0x00007ffa64ee0000 - 0x00007ffa64f81000 	C:\Windows\SYSTEM32\SHCORE.dll
0x00007ffa67670000 - 0x00007ffa676a4000 	C:\Windows\system32\IMM32.DLL
0x00007ffa66f10000 - 0x00007ffa67048000 	C:\Windows\system32\MSCTF.dll
0x00007ffa64240000 - 0x00007ffa6449a000 	C:\Windows\WinSxS\amd64_microsoft.windows.common-controls_6595b64144ccf1df_6.0.9600.16384_none_62475f7becb72503\COMCTL32.dll
0x0000000076910000 - 0x00000000769e2000 	C:\Program Files\Java\jdk1.8.0_11\jre\bin\msvcr100.dll
0x0000000076fb0000 - 0x00000000777da000 	C:\Program Files\Java\jdk1.8.0_11\jre\bin\server\jvm.dll
0x00007ffa5e450000 - 0x00007ffa5e459000 	C:\Windows\SYSTEM32\WSOCK32.dll
0x00007ffa5d600000 - 0x00007ffa5d61f000 	C:\Windows\SYSTEM32\WINMM.dll
0x00007ffa691d0000 - 0x00007ffa691d7000 	C:\Windows\system32\PSAPI.DLL
0x00007ffa691e0000 - 0x00007ffa69238000 	C:\Windows\system32\WS2_32.dll
0x00007ffa5d5d0000 - 0x00007ffa5d5fa000 	C:\Windows\SYSTEM32\WINMMBASE.dll
0x00007ffa67990000 - 0x00007ffa67999000 	C:\Windows\system32\NSI.dll
0x00007ffa66d00000 - 0x00007ffa66d4a000 	C:\Windows\SYSTEM32\cfgmgr32.dll
0x00007ffa65740000 - 0x00007ffa65766000 	C:\Windows\SYSTEM32\DEVOBJ.dll
0x0000000076ec0000 - 0x0000000076ecf000 	C:\Program Files\Java\jdk1.8.0_11\jre\bin\verify.dll
0x0000000076e90000 - 0x0000000076eb8000 	C:\Program Files\Java\jdk1.8.0_11\jre\bin\java.dll
0x0000000076e70000 - 0x0000000076e86000 	C:\Program Files\Java\jdk1.8.0_11\jre\bin\zip.dll
0x00007ffa529a0000 - 0x00007ffa52b28000 	C:\Windows\SYSTEM32\dbghelp.dll

VM Arguments:
jvm_args: -Djava.awt.headless=true -Xmx1024M -Dfile.encoding=GBK -Duser.country=US -Duser.language=en -Duser.variant 
java_command: com.android.dx.command.Main --dex --num-threads=4 --output E:\java\android\NetMT\app\build\intermediates\pre-dexed\debug\com.android.support-support-v4-23.2.0_9ee52d5888951727ebf6528de654b220ce89c43b.jar E:\java\android\NetMT\app\build\intermediates\exploded-aar\com.android.support\support-v4\23.2.0\jars\classes.jar
java_class_path (initial): C:\Users\Administrator\AppData\Local\Android\sdk\build-tools\23.0.2\lib\dx.jar
Launcher Type: SUN_STANDARD

Environment Variables:
JAVA_HOME=C:\Program Files\Java\jdk1.8.0_11
PATH=C:\Windows\system32;C:\Windows;C:\Windows\System32\Wbem;C:\Windows\System32\WindowsPowerShell\v1.0\;C:\Program Files (x86)\ATI Technologies\ATI.ACE\Core-Static;0x0.000000p-1022ndroid;D:\Java\jdk1.7.0_17\bin;C:\Program Files (x86)\Microsoft SQL Server\100\Tools\Binn\;C:\Program Files\Microsoft SQL Server\100\Tools\Binn\;C:\Program Files\Microsoft SQL Server\100\DTS\Binn\;D:\TortoiseSVN\bin;D:\Java\jdk1.7.0_17\bin
USERNAME=KingHacker
OS=Windows_NT
PROCESSOR_IDENTIFIER=Intel64 Family 6 Model 42 Stepping 7, GenuineIntel



---------------  S Y S T E M  ---------------

OS: Windows 8.1 , 64 bit Build 9600 

CPU:total 4 (2 cores per cpu, 2 threads per core) family 6 model 42 stepping 7, cmov, cx8, fxsr, mmx, sse, sse2, sse3, ssse3, sse4.1, sse4.2, popcnt, avx, aes, clmul, ht, tsc, tscinvbit

Memory: 4k page, physical 4136812k(759268k free), swap 16719724k(5664k free)

vm_info: Java HotSpot(TM) 64-Bit Server VM (25.11-b03) for windows-amd64 JRE (1.8.0_11-b12), built on Jun 16 2014 20:57:32 by "java_re" with MS VC++ 10.0 (VS2010)

time: Fri Mar 18 14:11:01 2016
elapsed time: 13 seconds

