#
# There is insufficient memory for the Java Runtime Environment to continue.
# Native memory allocation (malloc) failed to allocate 161856 bytes for Chunk::new
# Possible reasons:
#   The system is out of physical RAM or swap space
#   In 32 bit mode, the process size limit was hit
# Possible solutions:
#   Reduce memory load on the system
#   Increase physical memory or swap space
#   Check if swap backing store is full
#   Use 64 bit Java on a 64 bit OS
#   Decrease Java heap size (-Xmx/-Xms)
#   Decrease number of Java threads
#   Decrease Java thread stack sizes (-Xss)
#   Set larger code cache with -XX:ReservedCodeCacheSize=
# This output file may be truncated or incomplete.
#
#  Out of Memory Error (allocation.cpp:388), pid=6208, tid=5576
#
# JRE version: Java(TM) SE Runtime Environment (8.0_11-b12) (build 1.8.0_11-b12)
# Java VM: Java HotSpot(TM) 64-Bit Server VM (25.11-b03 mixed mode windows-amd64 compressed oops)
# Failed to write core dump. Minidumps are not enabled by default on client versions of Windows
#

---------------  T H R E A D  ---------------

Current thread (0x00000000148a3800):  JavaThread "C2 CompilerThread1" daemon [_thread_in_native, id=5576, stack(0x00000000162e0000,0x00000000163e0000)]

Stack: [0x00000000162e0000,0x00000000163e0000]
Native frames: (J=compiled Java code, j=interpreted, Vv=VM code, C=native code)
V  [jvm.dll+0x308eca]


Current CompileTask:
C2:   1242 1066       4       com.android.dx.ssa.back.LivenessAnalyzer::liveOutAtStatement (61 bytes)


---------------  P R O C E S S  ---------------

Java Threads: ( => current thread )
  0x0000000015d7d000 JavaThread "pool-1-thread-3" [_thread_in_Java, id=8484, stack(0x00000000169e0000,0x0000000016ae0000)]
  0x0000000015d6d000 JavaThread "pool-2-thread-1" [_thread_blocked, id=9696, stack(0x00000000167e0000,0x00000000168e0000)]
  0x0000000015d54800 JavaThread "pool-1-thread-1" [_thread_in_Java, id=9716, stack(0x00000000166e0000,0x00000000167e0000)]
  0x00000000148de800 JavaThread "Service Thread" daemon [_thread_blocked, id=7324, stack(0x00000000164e0000,0x00000000165e0000)]
  0x00000000148a6000 JavaThread "C1 CompilerThread2" daemon [_thread_in_vm, id=6668, stack(0x00000000163e0000,0x00000000164e0000)]
=>0x00000000148a3800 JavaThread "C2 CompilerThread1" daemon [_thread_in_native, id=5576, stack(0x00000000162e0000,0x00000000163e0000)]
  0x0000000014893800 JavaThread "C2 CompilerThread0" daemon [_thread_in_native, id=9916, stack(0x00000000161e0000,0x00000000162e0000)]
  0x0000000014892800 JavaThread "Attach Listener" daemon [_thread_blocked, id=5616, stack(0x00000000160e0000,0x00000000161e0000)]
  0x0000000015c23000 JavaThread "Signal Dispatcher" daemon [_thread_blocked, id=3448, stack(0x0000000015fe0000,0x00000000160e0000)]
  0x0000000002145800 JavaThread "Finalizer" daemon [_thread_blocked, id=8924, stack(0x0000000015ae0000,0x0000000015be0000)]
  0x0000000014848000 JavaThread "Reference Handler" daemon [_thread_blocked, id=9976, stack(0x00000000159e0000,0x0000000015ae0000)]
  0x0000000002051000 JavaThread "main" [_thread_blocked, id=8032, stack(0x0000000001c50000,0x0000000001d50000)]

Other Threads:
  0x0000000014847000 VMThread [stack: 0x00000000158e0000,0x00000000159e0000] [id=6896]
  0x0000000015c7a000 WatcherThread [stack: 0x00000000165e0000,0x00000000166e0000] [id=6868]

VM state:not at safepoint (normal execution)

VM Mutex/Monitor currently owned by a thread:  ([mutex/lock_event])
[0x00000000021ac950] CompiledIC_lock - owner thread: 0x00000000148a6000

Heap:
 PSYoungGen      total 11264K, used 3722K [0x00000000eab00000, 0x00000000eb800000, 0x0000000100000000)
  eden space 9216K, 18% used [0x00000000eab00000,0x00000000eaca29c8,0x00000000eb400000)
  from space 2048K, 100% used [0x00000000eb400000,0x00000000eb600000,0x00000000eb600000)
  to   space 2048K, 0% used [0x00000000eb600000,0x00000000eb600000,0x00000000eb800000)
 ParOldGen       total 64000K, used 5741K [0x00000000c0000000, 0x00000000c3e80000, 0x00000000eab00000)
  object space 64000K, 8% used [0x00000000c0000000,0x00000000c059b798,0x00000000c3e80000)
 Metaspace       used 5823K, capacity 6832K, committed 7040K, reserved 1056768K
  class space    used 596K, capacity 616K, committed 640K, reserved 1048576K

Card table byte_map: [0x0000000011570000,0x0000000011780000] byte_map_base: 0x0000000010f70000

Marking Bits: (ParMarkBitMap*) 0x00000000777612b0
 Begin Bits: [0x0000000011ce0000, 0x0000000012ce0000)
 End Bits:   [0x0000000012ce0000, 0x0000000013ce0000)

Polling page: 0x00000000003b0000

CodeCache: size=245760Kb used=4697Kb max_used=4697Kb free=241062Kb
 bounds [0x00000000021b0000, 0x0000000002650000, 0x00000000111b0000]
 total_blobs=1494 nmethods=1227 adapters=180
 compilation: disabled (not enough contiguous free space left)

Compilation events (10 events):
Event: 1.142 Thread 0x0000000014893800 nmethod 1061 0x00000000025ce490 code [0x00000000025ce720, 0x00000000025d0050]
Event: 1.142 Thread 0x0000000014893800 1115       4       com.android.dx.dex.code.DalvInsn::<init> (67 bytes)
Event: 1.142 Thread 0x00000000148a6000 nmethod 1130 0x00000000025d1e90 code [0x00000000025d2240, 0x00000000025d40d8]
Event: 1.142 Thread 0x00000000148a6000 1133       3       com.android.dx.cf.code.LineNumberList::set (15 bytes)
Event: 1.143 Thread 0x00000000148a6000 nmethod 1133 0x00000000025c9b90 code [0x00000000025c9d60, 0x00000000025ca5b8]
Event: 1.143 Thread 0x00000000148a6000 1136       3       com.android.dx.rop.code.BasicBlockList::getInstructionCount (48 bytes)
Event: 1.143 Thread 0x0000000014893800 nmethod 1115 0x00000000025cb3d0 code [0x00000000025cb500, 0x00000000025cb5f8]
Event: 1.143 Thread 0x0000000014893800 1096   !   4       com.android.dx.ssa.BasicRegisterMapper::map (44 bytes)
Event: 1.143 Thread 0x00000000148a6000 nmethod 1136 0x00000000025cda50 code [0x00000000025cdbe0, 0x00000000025ce250]
Event: 1.143 Thread 0x00000000148a6000 1123       3       com.android.dx.util.MutabilityControl::isImmutable (13 bytes)

GC Heap History (10 events):
Event: 0.707 GC heap before
{Heap before GC invocations=8 (full 0):
 PSYoungGen      total 3072K, used 3064K [0x00000000eab00000, 0x00000000eb200000, 0x0000000100000000)
  eden space 2048K, 99% used [0x00000000eab00000,0x00000000eacff478,0x00000000ead00000)
  from space 1024K, 99% used [0x00000000ead00000,0x00000000eadfed98,0x00000000eae00000)
  to   space 1536K, 0% used [0x00000000eb080000,0x00000000eb080000,0x00000000eb200000)
 ParOldGen       total 64000K, used 1506K [0x00000000c0000000, 0x00000000c3e80000, 0x00000000eab00000)
  object space 64000K, 2% used [0x00000000c0000000,0x00000000c0178838,0x00000000c3e80000)
 Metaspace       used 5129K, capacity 6224K, committed 6528K, reserved 1056768K
  class space    used 568K, capacity 584K, committed 640K, reserved 1048576K
Event: 0.709 GC heap after
Heap after GC invocations=8 (full 0):
 PSYoungGen      total 5120K, used 1328K [0x00000000eab00000, 0x00000000eb300000, 0x0000000100000000)
  eden space 3584K, 0% used [0x00000000eab00000,0x00000000eab00000,0x00000000eae80000)
  from space 1536K, 86% used [0x00000000eb080000,0x00000000eb1cc338,0x00000000eb200000)
  to   space 2048K, 0% used [0x00000000eae80000,0x00000000eae80000,0x00000000eb080000)
 ParOldGen       total 64000K, used 1610K [0x00000000c0000000, 0x00000000c3e80000, 0x00000000eab00000)
  object space 64000K, 2% used [0x00000000c0000000,0x00000000c0192858,0x00000000c3e80000)
 Metaspace       used 5129K, capacity 6224K, committed 6528K, reserved 1056768K
  class space    used 568K, capacity 584K, committed 640K, reserved 1048576K
}
Event: 0.807 GC heap before
{Heap before GC invocations=9 (full 0):
 PSYoungGen      total 5120K, used 4912K [0x00000000eab00000, 0x00000000eb300000, 0x0000000100000000)
  eden space 3584K, 100% used [0x00000000eab00000,0x00000000eae80000,0x00000000eae80000)
  from space 1536K, 86% used [0x00000000eb080000,0x00000000eb1cc338,0x00000000eb200000)
  to   space 2048K, 0% used [0x00000000eae80000,0x00000000eae80000,0x00000000eb080000)
 ParOldGen       total 64000K, used 1610K [0x00000000c0000000, 0x00000000c3e80000, 0x00000000eab00000)
  object space 64000K, 2% used [0x00000000c0000000,0x00000000c0192858,0x00000000c3e80000)
 Metaspace       used 5416K, capacity 6512K, committed 6784K, reserved 1056768K
  class space    used 584K, capacity 616K, committed 640K, reserved 1048576K
Event: 0.809 GC heap after
Heap after GC invocations=9 (full 0):
 PSYoungGen      total 5632K, used 1600K [0x00000000eab00000, 0x00000000eb500000, 0x0000000100000000)
  eden space 3584K, 0% used [0x00000000eab00000,0x00000000eab00000,0x00000000eae80000)
  from space 2048K, 78% used [0x00000000eae80000,0x00000000eb010018,0x00000000eb080000)
  to   space 2048K, 0% used [0x00000000eb300000,0x00000000eb300000,0x00000000eb500000)
 ParOldGen       total 64000K, used 1891K [0x00000000c0000000, 0x00000000c3e80000, 0x00000000eab00000)
  object space 64000K, 2% used [0x00000000c0000000,0x00000000c01d8df0,0x00000000c3e80000)
 Metaspace       used 5416K, capacity 6512K, committed 6784K, reserved 1056768K
  class space    used 584K, capacity 616K, committed 640K, reserved 1048576K
}
Event: 0.874 GC heap before
{Heap before GC invocations=10 (full 0):
 PSYoungGen      total 5632K, used 5184K [0x00000000eab00000, 0x00000000eb500000, 0x0000000100000000)
  eden space 3584K, 100% used [0x00000000eab00000,0x00000000eae80000,0x00000000eae80000)
  from space 2048K, 78% used [0x00000000eae80000,0x00000000eb010018,0x00000000eb080000)
  to   space 2048K, 0% used [0x00000000eb300000,0x00000000eb300000,0x00000000eb500000)
 ParOldGen       total 64000K, used 1891K [0x00000000c0000000, 0x00000000c3e80000, 0x00000000eab00000)
  object space 64000K, 2% used [0x00000000c0000000,0x00000000c01d8df0,0x00000000c3e80000)
 Metaspace       used 5541K, capacity 6640K, committed 6784K, reserved 1056768K
  class space    used 585K, capacity 616K, committed 640K, reserved 1048576K
Event: 0.877 GC heap after
Heap after GC invocations=10 (full 0):
 PSYoungGen      total 7680K, used 1971K [0x00000000eab00000, 0x00000000eb600000, 0x0000000100000000)
  eden space 5632K, 0% used [0x00000000eab00000,0x00000000eab00000,0x00000000eb080000)
  from space 2048K, 96% used [0x00000000eb300000,0x00000000eb4ece88,0x00000000eb500000)
  to   space 2560K, 0% used [0x00000000eb080000,0x00000000eb080000,0x00000000eb300000)
 ParOldGen       total 64000K, used 2263K [0x00000000c0000000, 0x00000000c3e80000, 0x00000000eab00000)
  object space 64000K, 3% used [0x00000000c0000000,0x00000000c0235c90,0x00000000c3e80000)
 Metaspace       used 5541K, capacity 6640K, committed 6784K, reserved 1056768K
  class space    used 585K, capacity 616K, committed 640K, reserved 1048576K
}
Event: 1.009 GC heap before
{Heap before GC invocations=11 (full 0):
 PSYoungGen      total 7680K, used 7603K [0x00000000eab00000, 0x00000000eb600000, 0x0000000100000000)
  eden space 5632K, 100% used [0x00000000eab00000,0x00000000eb080000,0x00000000eb080000)
  from space 2048K, 96% used [0x00000000eb300000,0x00000000eb4ece88,0x00000000eb500000)
  to   space 2560K, 0% used [0x00000000eb080000,0x00000000eb080000,0x00000000eb300000)
 ParOldGen       total 64000K, used 2263K [0x00000000c0000000, 0x00000000c3e80000, 0x00000000eab00000)
  object space 64000K, 3% used [0x00000000c0000000,0x00000000c0235c90,0x00000000c3e80000)
 Metaspace       used 5633K, capacity 6704K, committed 6784K, reserved 1056768K
  class space    used 587K, capacity 616K, committed 640K, reserved 1048576K
Event: 1.014 GC heap after
Heap after GC invocations=11 (full 0):
 PSYoungGen      total 8192K, used 1232K [0x00000000eab00000, 0x00000000eb800000, 0x0000000100000000)
  eden space 5632K, 0% used [0x00000000eab00000,0x00000000eab00000,0x00000000eb080000)
  from space 2560K, 48% used [0x00000000eb080000,0x00000000eb1b4010,0x00000000eb300000)
  to   space 2048K, 0% used [0x00000000eb600000,0x00000000eb600000,0x00000000eb800000)
 ParOldGen       total 64000K, used 3868K [0x00000000c0000000, 0x00000000c3e80000, 0x00000000eab00000)
  object space 64000K, 6% used [0x00000000c0000000,0x00000000c03c71f8,0x00000000c3e80000)
 Metaspace       used 5633K, capacity 6704K, committed 6784K, reserved 1056768K
  class space    used 587K, capacity 616K, committed 640K, reserved 1048576K
}
Event: 1.126 GC heap before
{Heap before GC invocations=12 (full 0):
 PSYoungGen      total 8192K, used 6864K [0x00000000eab00000, 0x00000000eb800000, 0x0000000100000000)
  eden space 5632K, 100% used [0x00000000eab00000,0x00000000eb080000,0x00000000eb080000)
  from space 2560K, 48% used [0x00000000eb080000,0x00000000eb1b4010,0x00000000eb300000)
  to   space 2048K, 0% used [0x00000000eb600000,0x00000000eb600000,0x00000000eb800000)
 ParOldGen       total 64000K, used 3868K [0x00000000c0000000, 0x00000000c3e80000, 0x00000000eab00000)
  object space 64000K, 6% used [0x00000000c0000000,0x00000000c03c71f8,0x00000000c3e80000)
 Metaspace       used 5720K, capacity 6768K, committed 7040K, reserved 1056768K
  class space    used 593K, capacity 616K, committed 640K, reserved 1048576K
Event: 1.131 GC heap after
Heap after GC invocations=12 (full 0):
 PSYoungGen      total 11264K, used 1184K [0x00000000eab00000, 0x00000000eb800000, 0x0000000100000000)
  eden space 9216K, 0% used [0x00000000eab00000,0x00000000eab00000,0x00000000eb400000)
  from space 2048K, 57% used [0x00000000eb600000,0x00000000eb728010,0x00000000eb800000)
  to   space 2048K, 0% used [0x00000000eb400000,0x00000000eb400000,0x00000000eb600000)
 ParOldGen       total 64000K, used 4965K [0x00000000c0000000, 0x00000000c3e80000, 0x00000000eab00000)
  object space 64000K, 7% used [0x00000000c0000000,0x00000000c04d9788,0x00000000c3e80000)
 Metaspace       used 5720K, capacity 6768K, committed 7040K, reserved 1056768K
  class space    used 593K, capacity 616K, committed 640K, reserved 1048576K
}

Deoptimization events (10 events):
Event: 0.729 Thread 0x0000000015d59000 Uncommon trap: reason=class_check action=maybe_recompile pc=0x0000000002358450 method=com.android.dx.rop.cst.CstMemberRef.compareTo0(Lcom/android/dx/rop/cst/Constant;)I @ 1
Event: 0.729 Thread 0x0000000015d59000 Uncommon trap: reason=class_check action=maybe_recompile pc=0x0000000002358450 method=com.android.dx.rop.cst.CstMemberRef.compareTo0(Lcom/android/dx/rop/cst/Constant;)I @ 1
Event: 0.729 Thread 0x0000000015d82000 Uncommon trap: reason=class_check action=maybe_recompile pc=0x0000000002358450 method=com.android.dx.rop.cst.CstMemberRef.compareTo0(Lcom/android/dx/rop/cst/Constant;)I @ 1
Event: 0.964 Thread 0x0000000002051000 Uncommon trap: reason=unreached action=reinterpret pc=0x000000000234619c method=com.android.dx.rop.cst.Constant.compareTo(Lcom/android/dx/rop/cst/Constant;)I @ 12
Event: 0.971 Thread 0x0000000002051000 Uncommon trap: reason=class_check action=maybe_recompile pc=0x0000000002423b0c method=com.android.dx.ssa.NormalSsaInsn.accept(Lcom/android/dx/ssa/SsaInsn$Visitor;)V @ 9
Event: 0.971 Thread 0x0000000002051000 Uncommon trap: reason=class_check action=maybe_recompile pc=0x000000000240edb0 method=com.android.dx.ssa.NormalSsaInsn.accept(Lcom/android/dx/ssa/SsaInsn$Visitor;)V @ 9
Event: 0.971 Thread 0x0000000002051000 Uncommon trap: reason=class_check action=maybe_recompile pc=0x000000000240edb0 method=com.android.dx.ssa.NormalSsaInsn.accept(Lcom/android/dx/ssa/SsaInsn$Visitor;)V @ 9
Event: 0.972 Thread 0x0000000002051000 Uncommon trap: reason=class_check action=maybe_recompile pc=0x0000000002423b0c method=com.android.dx.ssa.NormalSsaInsn.accept(Lcom/android/dx/ssa/SsaInsn$Visitor;)V @ 9
Event: 0.972 Thread 0x0000000002051000 Uncommon trap: reason=class_check action=maybe_recompile pc=0x000000000240edb0 method=com.android.dx.ssa.NormalSsaInsn.accept(Lcom/android/dx/ssa/SsaInsn$Visitor;)V @ 9
Event: 1.017 Thread 0x0000000002051000 Uncommon trap: reason=unloaded action=reinterpret pc=0x00000000024e8c68 method=com.android.dx.cf.cst.ConstantPoolParser.parse0(ILjava/util/BitSet;)Lcom/android/dx/rop/cst/Constant; @ 198

Internal exceptions (10 events):
Event: 0.993 Thread 0x0000000015d7d000 Exception <a 'java/security/PrivilegedActionException'> (0x00000000eaffa550) thrown at [C:\re\workspace\8-2-build-windows-amd64-cygwin\jdk8u11\648\hotspot\src\share\vm\prims\jvm.cpp, line 1248]
Event: 1.061 Thread 0x0000000015d82000 Exception <a 'java/security/PrivilegedActionException'> (0x00000000eaccaf58) thrown at [C:\re\workspace\8-2-build-windows-amd64-cygwin\jdk8u11\648\hotspot\src\share\vm\prims\jvm.cpp, line 1248]
Event: 1.084 Thread 0x0000000002051000 Exception <a 'java/security/PrivilegedActionException'> (0x00000000eadfac98) thrown at [C:\re\workspace\8-2-build-windows-amd64-cygwin\jdk8u11\648\hotspot\src\share\vm\prims\jvm.cpp, line 1248]
Event: 1.085 Thread 0x0000000002051000 Exception <a 'java/security/PrivilegedActionException'> (0x00000000eadfe278) thrown at [C:\re\workspace\8-2-build-windows-amd64-cygwin\jdk8u11\648\hotspot\src\share\vm\prims\jvm.cpp, line 1248]
Event: 1.086 Thread 0x0000000002051000 Exception <a 'java/security/PrivilegedActionException'> (0x00000000eae1bb40) thrown at [C:\re\workspace\8-2-build-windows-amd64-cygwin\jdk8u11\648\hotspot\src\share\vm\prims\jvm.cpp, line 1248]
Event: 1.089 Thread 0x0000000002051000 Exception <a 'java/security/PrivilegedActionException'> (0x00000000eae662d8) thrown at [C:\re\workspace\8-2-build-windows-amd64-cygwin\jdk8u11\648\hotspot\src\share\vm\prims\jvm.cpp, line 1248]
Event: 1.090 Thread 0x0000000002051000 Exception <a 'java/security/PrivilegedActionException'> (0x00000000eae7c540) thrown at [C:\re\workspace\8-2-build-windows-amd64-cygwin\jdk8u11\648\hotspot\src\share\vm\prims\jvm.cpp, line 1248]
Event: 1.091 Thread 0x0000000002051000 Exception <a 'java/security/PrivilegedActionException'> (0x00000000eae82040) thrown at [C:\re\workspace\8-2-build-windows-amd64-cygwin\jdk8u11\648\hotspot\src\share\vm\prims\jvm.cpp, line 1248]
Event: 1.140 Thread 0x0000000002051000 Exception <a 'java/security/PrivilegedActionException'> (0x00000000eab7cc40) thrown at [C:\re\workspace\8-2-build-windows-amd64-cygwin\jdk8u11\648\hotspot\src\share\vm\prims\jvm.cpp, line 1248]
Event: 1.141 Thread 0x0000000002051000 Exception <a 'java/security/PrivilegedActionException'> (0x00000000eab7f428) thrown at [C:\re\workspace\8-2-build-windows-amd64-cygwin\jdk8u11\648\hotspot\src\share\vm\prims\jvm.cpp, line 1248]

Events (10 events):
Event: 1.090 loading class com/android/dx/dex/file/UniformListItem
Event: 1.090 loading class com/android/dx/dex/file/UniformListItem done
Event: 1.091 loading class com/android/dx/dex/file/AnnotationSetRefItem
Event: 1.091 loading class com/android/dx/dex/file/AnnotationSetRefItem done
Event: 1.125 Executing VM operation: ParallelGCFailedAllocation
Event: 1.131 Executing VM operation: ParallelGCFailedAllocation done
Event: 1.140 loading class com/android/dx/cf/attrib/AttRuntimeInvisibleAnnotations
Event: 1.140 loading class com/android/dx/cf/attrib/AttRuntimeInvisibleAnnotations done
Event: 1.141 loading class com/android/dx/cf/attrib/BaseAnnotations
Event: 1.141 loading class com/android/dx/cf/attrib/BaseAnnotations done


Dynamic libraries:
0x00007ff732c90000 - 0x00007ff732cc4000 	C:\Program Files\Java\jdk1.8.0_11\bin\java.exe
0x00007ffa69510000 - 0x00007ffa696b9000 	C:\Windows\SYSTEM32\ntdll.dll
0x00007ffa69250000 - 0x00007ffa69389000 	C:\Windows\system32\KERNEL32.DLL
0x00007ffa66b40000 - 0x00007ffa66c4e000 	C:\Windows\system32\KERNELBASE.dll
0x00007ffa654c0000 - 0x00007ffa6554b000 	C:\Windows\system32\apphelp.dll
0x00007ffa5da00000 - 0x00007ffa5da4f000 	C:\Windows\AppPatch\AppPatch64\AcGenral.DLL
0x00007ffa66e60000 - 0x00007ffa66f07000 	C:\Windows\system32\msvcrt.dll
0x00007ffa66670000 - 0x00007ffa6669b000 	C:\Windows\SYSTEM32\SspiCli.dll
0x00007ffa67050000 - 0x00007ffa670a1000 	C:\Windows\system32\SHLWAPI.dll
0x00007ffa676b0000 - 0x00007ffa67821000 	C:\Windows\system32\USER32.dll
0x00007ffa69390000 - 0x00007ffa69506000 	C:\Windows\system32\ole32.dll
0x00007ffa67be0000 - 0x00007ffa68fef000 	C:\Windows\system32\SHELL32.dll
0x00007ffa65e10000 - 0x00007ffa65e2f000 	C:\Windows\SYSTEM32\USERENV.dll
0x00007ffa670b0000 - 0x00007ffa67155000 	C:\Windows\system32\ADVAPI32.dll
0x00007ffa5e950000 - 0x00007ffa5e96b000 	C:\Windows\SYSTEM32\MPR.dll
0x00007ffa67310000 - 0x00007ffa67446000 	C:\Windows\system32\RPCRT4.dll
0x00007ffa67b80000 - 0x00007ffa67bd7000 	C:\Windows\SYSTEM32\sechost.dll
0x00007ffa679a0000 - 0x00007ffa67b77000 	C:\Windows\SYSTEM32\combase.dll
0x00007ffa67160000 - 0x00007ffa672a5000 	C:\Windows\system32\GDI32.dll
0x00007ffa66890000 - 0x00007ffa668a4000 	C:\Windows\SYSTEM32\profapi.dll
0x00007ffa64ee0000 - 0x00007ffa64f81000 	C:\Windows\SYSTEM32\SHCORE.dll
0x00007ffa67670000 - 0x00007ffa676a4000 	C:\Windows\system32\IMM32.DLL
0x00007ffa66f10000 - 0x00007ffa67048000 	C:\Windows\system32\MSCTF.dll
0x00007ffa64240000 - 0x00007ffa6449a000 	C:\Windows\WinSxS\amd64_microsoft.windows.common-controls_6595b64144ccf1df_6.0.9600.16384_none_62475f7becb72503\COMCTL32.dll
0x0000000076910000 - 0x00000000769e2000 	C:\Program Files\Java\jdk1.8.0_11\jre\bin\msvcr100.dll
0x0000000076fb0000 - 0x00000000777da000 	C:\Program Files\Java\jdk1.8.0_11\jre\bin\server\jvm.dll
0x00007ffa5e450000 - 0x00007ffa5e459000 	C:\Windows\SYSTEM32\WSOCK32.dll
0x00007ffa5d600000 - 0x00007ffa5d61f000 	C:\Windows\SYSTEM32\WINMM.dll
0x00007ffa691d0000 - 0x00007ffa691d7000 	C:\Windows\system32\PSAPI.DLL
0x00007ffa691e0000 - 0x00007ffa69238000 	C:\Windows\system32\WS2_32.dll
0x00007ffa5d5d0000 - 0x00007ffa5d5fa000 	C:\Windows\SYSTEM32\WINMMBASE.dll
0x00007ffa67990000 - 0x00007ffa67999000 	C:\Windows\system32\NSI.dll
0x00007ffa66d00000 - 0x00007ffa66d4a000 	C:\Windows\SYSTEM32\cfgmgr32.dll
0x00007ffa65740000 - 0x00007ffa65766000 	C:\Windows\SYSTEM32\DEVOBJ.dll
0x0000000076e00000 - 0x0000000076e0f000 	C:\Program Files\Java\jdk1.8.0_11\jre\bin\verify.dll
0x0000000076dd0000 - 0x0000000076df8000 	C:\Program Files\Java\jdk1.8.0_11\jre\bin\java.dll
0x0000000076d80000 - 0x0000000076d96000 	C:\Program Files\Java\jdk1.8.0_11\jre\bin\zip.dll
0x00007ffa529a0000 - 0x00007ffa52b28000 	C:\Windows\SYSTEM32\dbghelp.dll

VM Arguments:
jvm_args: -Djava.awt.headless=true -Xmx1024M -Dfile.encoding=GBK -Duser.country=US -Duser.language=en -Duser.variant 
java_command: com.android.dx.command.Main --dex --num-threads=4 --output E:\java\android\NetMT\app\build\intermediates\pre-dexed\debug\debug_f94e6d5af4befcf572da60bc4801ae205eb5732d.jar E:\java\android\NetMT\app\build\intermediates\classes\debug
java_class_path (initial): C:\Users\Administrator\AppData\Local\Android\sdk\build-tools\23.0.2\lib\dx.jar
Launcher Type: SUN_STANDARD

Environment Variables:
JAVA_HOME=C:\Program Files\Java\jdk1.8.0_11
PATH=C:\Windows\system32;C:\Windows;C:\Windows\System32\Wbem;C:\Windows\System32\WindowsPowerShell\v1.0\;C:\Program Files (x86)\ATI Technologies\ATI.ACE\Core-Static;0x0.000000p-1022ndroid;D:\Java\jdk1.7.0_17\bin;C:\Program Files (x86)\Microsoft SQL Server\100\Tools\Binn\;C:\Program Files\Microsoft SQL Server\100\Tools\Binn\;C:\Program Files\Microsoft SQL Server\100\DTS\Binn\;D:\TortoiseSVN\bin;D:\Java\jdk1.7.0_17\bin
USERNAME=KingHacker
OS=Windows_NT
PROCESSOR_IDENTIFIER=Intel64 Family 6 Model 42 Stepping 7, GenuineIntel



---------------  S Y S T E M  ---------------

OS: Windows 8.1 , 64 bit Build 9600 

CPU:total 4 (2 cores per cpu, 2 threads per core) family 6 model 42 stepping 7, cmov, cx8, fxsr, mmx, sse, sse2, sse3, ssse3, sse4.1, sse4.2, popcnt, avx, aes, clmul, ht, tsc, tscinvbit

Memory: 4k page, physical 4136812k(695304k free), swap 16719724k(5124k free)

vm_info: Java HotSpot(TM) 64-Bit Server VM (25.11-b03) for windows-amd64 JRE (1.8.0_11-b12), built on Jun 16 2014 20:57:32 by "java_re" with MS VC++ 10.0 (VS2010)

time: Thu Mar 17 19:51:17 2016
elapsed time: 1 seconds

