#
# There is insufficient memory for the Java Runtime Environment to continue.
# Native memory allocation (malloc) failed to allocate 32744 bytes for ChunkPool::allocate
# Possible reasons:
#   The system is out of physical RAM or swap space
#   In 32 bit mode, the process size limit was hit
# Possible solutions:
#   Reduce memory load on the system
#   Increase physical memory or swap space
#   Check if swap backing store is full
#   Use 64 bit Java on a 64 bit OS
#   Decrease Java heap size (-Xmx/-Xms)
#   Decrease number of Java threads
#   Decrease Java thread stack sizes (-Xss)
#   Set larger code cache with -XX:ReservedCodeCacheSize=
# This output file may be truncated or incomplete.
#
#  Out of Memory Error (allocation.cpp:271), pid=10172, tid=6792
#
# JRE version: Java(TM) SE Runtime Environment (8.0_11-b12) (build 1.8.0_11-b12)
# Java VM: Java HotSpot(TM) 64-Bit Server VM (25.11-b03 mixed mode windows-amd64 compressed oops)
# Failed to write core dump. Minidumps are not enabled by default on client versions of Windows
#

---------------  T H R E A D  ---------------

Current thread (0x00000000151ac800):  JavaThread "C2 CompilerThread1" daemon [_thread_in_native, id=6792, stack(0x0000000016bb0000,0x0000000016cb0000)]

Stack: [0x0000000016bb0000,0x0000000016cb0000]
Native frames: (J=compiled Java code, j=interpreted, Vv=VM code, C=native code)
V  [jvm.dll+0x308eca]


Current CompileTask:
C2:   1927  737       4       com.android.dx.ssa.SsaBasicBlock::forEachInsn (37 bytes)


---------------  P R O C E S S  ---------------

Java Threads: ( => current thread )
  0x00000000168ae800 JavaThread "pool-1-thread-4" [_thread_in_Java, id=8024, stack(0x0000000017bb0000,0x0000000017cb0000)]
  0x00000000168ad800 JavaThread "pool-1-thread-3" [_thread_blocked, id=9020, stack(0x0000000017ab0000,0x0000000017bb0000)]
  0x000000001701d000 JavaThread "pool-1-thread-2" [_thread_in_Java, id=6196, stack(0x00000000179b0000,0x0000000017ab0000)]
  0x000000001701c800 JavaThread "pool-2-thread-1" [_thread_blocked, id=7392, stack(0x00000000178b0000,0x00000000179b0000)]
  0x000000001701b800 JavaThread "pool-1-thread-1" [_thread_blocked, id=8404, stack(0x00000000177b0000,0x00000000178b0000)]
  0x000000001650f000 JavaThread "Service Thread" daemon [_thread_blocked, id=4660, stack(0x0000000016db0000,0x0000000016eb0000)]
  0x0000000016508000 JavaThread "C1 CompilerThread2" daemon [_thread_in_native, id=9780, stack(0x0000000016cb0000,0x0000000016db0000)]
=>0x00000000151ac800 JavaThread "C2 CompilerThread1" daemon [_thread_in_native, id=6792, stack(0x0000000016bb0000,0x0000000016cb0000)]
  0x000000001515f000 JavaThread "C2 CompilerThread0" daemon [_thread_in_native, id=9532, stack(0x0000000016ab0000,0x0000000016bb0000)]
  0x000000001515e000 JavaThread "Attach Listener" daemon [_thread_blocked, id=4024, stack(0x00000000169b0000,0x0000000016ab0000)]
  0x00000000164f3000 JavaThread "Signal Dispatcher" daemon [_thread_blocked, id=4212, stack(0x00000000168b0000,0x00000000169b0000)]
  0x0000000002a74800 JavaThread "Finalizer" daemon [_thread_blocked, id=2520, stack(0x00000000163b0000,0x00000000164b0000)]
  0x0000000015117800 JavaThread "Reference Handler" daemon [_thread_blocked, id=3928, stack(0x00000000162b0000,0x00000000163b0000)]
  0x0000000002981000 JavaThread "main" [_thread_blocked, id=7072, stack(0x00000000027f0000,0x00000000028f0000)]

Other Threads:
  0x0000000015116000 VMThread [stack: 0x00000000161b0000,0x00000000162b0000] [id=9688]
  0x0000000016519000 WatcherThread [stack: 0x0000000016eb0000,0x0000000016fb0000] [id=1440]

VM state:not at safepoint (normal execution)

VM Mutex/Monitor currently owned by a thread: None

Heap:
 PSYoungGen      total 5632K, used 5075K [0x00000000eab00000, 0x00000000eb600000, 0x0000000100000000)
  eden space 4096K, 86% used [0x00000000eab00000,0x00000000eae7ab50,0x00000000eaf00000)
  from space 1536K, 98% used [0x00000000eb480000,0x00000000eb5fa2a0,0x00000000eb600000)
  to   space 1024K, 0% used [0x00000000eaf00000,0x00000000eaf00000,0x00000000eb000000)
 ParOldGen       total 64000K, used 1403K [0x00000000c0000000, 0x00000000c3e80000, 0x00000000eab00000)
  object space 64000K, 2% used [0x00000000c0000000,0x00000000c015ecd0,0x00000000c3e80000)
 Metaspace       used 5520K, capacity 6576K, committed 6784K, reserved 1056768K
  class space    used 587K, capacity 616K, committed 640K, reserved 1048576K

Card table byte_map: [0x0000000011e40000,0x0000000012050000] byte_map_base: 0x0000000011840000

Marking Bits: (ParMarkBitMap*) 0x00000000777612b0
 Begin Bits: [0x00000000125b0000, 0x00000000135b0000)
 End Bits:   [0x00000000135b0000, 0x00000000145b0000)

Polling page: 0x0000000002470000

CodeCache: size=245760Kb used=2714Kb max_used=2714Kb free=243045Kb
 bounds [0x0000000002a80000, 0x0000000002d30000, 0x0000000011a80000]
 total_blobs=998 nmethods=732 adapters=180
 compilation: enabled

Compilation events (10 events):
Event: 1.918 Thread 0x0000000016508000 nmethod 715 0x0000000002d19290 code [0x0000000002d194a0, 0x0000000002d19f28]
Event: 1.918 Thread 0x0000000016508000  744       3       com.android.dx.ssa.SsaRenamer$BlockRenamer::addMapping (143 bytes)
Event: 1.919 Thread 0x0000000016508000 nmethod 744 0x0000000002d1a510 code [0x0000000002d1a720, 0x0000000002d1b5c8]
Event: 1.919 Thread 0x0000000016508000  746       3       com.android.dx.ssa.LiteralOpUpgrader$1::visitNonMoveInsn (203 bytes)
Event: 1.922 Thread 0x0000000016508000 nmethod 746 0x0000000002d1bc10 code [0x0000000002d1c0e0, 0x0000000002d1fae8]
Event: 1.922 Thread 0x0000000016508000  751       3       java.util.BitSet::or (105 bytes)
Event: 1.923 Thread 0x0000000016508000 nmethod 751 0x0000000002d215d0 code [0x0000000002d21780, 0x0000000002d21ca8]
Event: 1.923 Thread 0x0000000016508000  749       3       com.android.dx.ssa.Optimizer::getAdvice (4 bytes)
Event: 1.923 Thread 0x0000000016508000 nmethod 749 0x0000000002d11c90 code [0x0000000002d11de0, 0x0000000002d11f10]
Event: 1.923 Thread 0x0000000016508000  753       3       com.android.dx.ssa.back.FirstFitLocalCombiningAllocator$1::processInsn (169 bytes)

GC Heap History (10 events):
Event: 1.193 GC heap before
{Heap before GC invocations=4 (full 0):
 PSYoungGen      total 1536K, used 1528K [0x00000000eab00000, 0x00000000eae00000, 0x0000000100000000)
  eden space 1024K, 100% used [0x00000000eab00000,0x00000000eac00000,0x00000000eac00000)
  from space 512K, 98% used [0x00000000eac00000,0x00000000eac7e030,0x00000000eac80000)
  to   space 512K, 0% used [0x00000000ead80000,0x00000000ead80000,0x00000000eae00000)
 ParOldGen       total 64000K, used 599K [0x00000000c0000000, 0x00000000c3e80000, 0x00000000eab00000)
  object space 64000K, 0% used [0x00000000c0000000,0x00000000c0095dc0,0x00000000c3e80000)
 Metaspace       used 3486K, capacity 4720K, committed 4864K, reserved 1056768K
  class space    used 379K, capacity 424K, committed 512K, reserved 1048576K
Event: 1.199 GC heap after
Heap after GC invocations=4 (full 0):
 PSYoungGen      total 2560K, used 504K [0x00000000eab00000, 0x00000000eae00000, 0x0000000100000000)
  eden space 2048K, 0% used [0x00000000eab00000,0x00000000eab00000,0x00000000ead00000)
  from space 512K, 98% used [0x00000000ead80000,0x00000000eadfe030,0x00000000eae00000)
  to   space 512K, 0% used [0x00000000ead00000,0x00000000ead00000,0x00000000ead80000)
 ParOldGen       total 64000K, used 647K [0x00000000c0000000, 0x00000000c3e80000, 0x00000000eab00000)
  object space 64000K, 1% used [0x00000000c0000000,0x00000000c00a1dc0,0x00000000c3e80000)
 Metaspace       used 3486K, capacity 4720K, committed 4864K, reserved 1056768K
  class space    used 379K, capacity 424K, committed 512K, reserved 1048576K
}
Event: 1.206 GC heap before
{Heap before GC invocations=5 (full 0):
 PSYoungGen      total 2560K, used 2552K [0x00000000eab00000, 0x00000000eae00000, 0x0000000100000000)
  eden space 2048K, 100% used [0x00000000eab00000,0x00000000ead00000,0x00000000ead00000)
  from space 512K, 98% used [0x00000000ead80000,0x00000000eadfe030,0x00000000eae00000)
  to   space 512K, 0% used [0x00000000ead00000,0x00000000ead00000,0x00000000ead80000)
 ParOldGen       total 64000K, used 647K [0x00000000c0000000, 0x00000000c3e80000, 0x00000000eab00000)
  object space 64000K, 1% used [0x00000000c0000000,0x00000000c00a1dc0,0x00000000c3e80000)
 Metaspace       used 3492K, capacity 4720K, committed 4864K, reserved 1056768K
  class space    used 379K, capacity 424K, committed 512K, reserved 1048576K
Event: 1.237 GC heap after
Heap after GC invocations=5 (full 0):
 PSYoungGen      total 2560K, used 504K [0x00000000eab00000, 0x00000000eb100000, 0x0000000100000000)
  eden space 2048K, 0% used [0x00000000eab00000,0x00000000eab00000,0x00000000ead00000)
  from space 512K, 98% used [0x00000000ead00000,0x00000000ead7e010,0x00000000ead80000)
  to   space 1024K, 0% used [0x00000000eb000000,0x00000000eb000000,0x00000000eb100000)
 ParOldGen       total 64000K, used 687K [0x00000000c0000000, 0x00000000c3e80000, 0x00000000eab00000)
  object space 64000K, 1% used [0x00000000c0000000,0x00000000c00abdc0,0x00000000c3e80000)
 Metaspace       used 3492K, capacity 4720K, committed 4864K, reserved 1056768K
  class space    used 379K, capacity 424K, committed 512K, reserved 1048576K
}
Event: 1.242 GC heap before
{Heap before GC invocations=6 (full 0):
 PSYoungGen      total 2560K, used 2552K [0x00000000eab00000, 0x00000000eb100000, 0x0000000100000000)
  eden space 2048K, 100% used [0x00000000eab00000,0x00000000ead00000,0x00000000ead00000)
  from space 512K, 98% used [0x00000000ead00000,0x00000000ead7e010,0x00000000ead80000)
  to   space 1024K, 0% used [0x00000000eb000000,0x00000000eb000000,0x00000000eb100000)
 ParOldGen       total 64000K, used 687K [0x00000000c0000000, 0x00000000c3e80000, 0x00000000eab00000)
  object space 64000K, 1% used [0x00000000c0000000,0x00000000c00abdc0,0x00000000c3e80000)
 Metaspace       used 3492K, capacity 4720K, committed 4864K, reserved 1056768K
  class space    used 379K, capacity 424K, committed 512K, reserved 1048576K
Event: 1.265 GC heap after
Heap after GC invocations=6 (full 0):
 PSYoungGen      total 5120K, used 488K [0x00000000eab00000, 0x00000000eb100000, 0x0000000100000000)
  eden space 4096K, 0% used [0x00000000eab00000,0x00000000eab00000,0x00000000eaf00000)
  from space 1024K, 47% used [0x00000000eb000000,0x00000000eb07a020,0x00000000eb100000)
  to   space 1024K, 0% used [0x00000000eaf00000,0x00000000eaf00000,0x00000000eb000000)
 ParOldGen       total 64000K, used 687K [0x00000000c0000000, 0x00000000c3e80000, 0x00000000eab00000)
  object space 64000K, 1% used [0x00000000c0000000,0x00000000c00abdc0,0x00000000c3e80000)
 Metaspace       used 3492K, capacity 4720K, committed 4864K, reserved 1056768K
  class space    used 379K, capacity 424K, committed 512K, reserved 1048576K
}
Event: 1.528 GC heap before
{Heap before GC invocations=7 (full 0):
 PSYoungGen      total 5120K, used 4584K [0x00000000eab00000, 0x00000000eb100000, 0x0000000100000000)
  eden space 4096K, 100% used [0x00000000eab00000,0x00000000eaf00000,0x00000000eaf00000)
  from space 1024K, 47% used [0x00000000eb000000,0x00000000eb07a020,0x00000000eb100000)
  to   space 1024K, 0% used [0x00000000eaf00000,0x00000000eaf00000,0x00000000eb000000)
 ParOldGen       total 64000K, used 687K [0x00000000c0000000, 0x00000000c3e80000, 0x00000000eab00000)
  object space 64000K, 1% used [0x00000000c0000000,0x00000000c00abdc0,0x00000000c3e80000)
 Metaspace       used 4340K, capacity 5520K, committed 5760K, reserved 1056768K
  class space    used 482K, capacity 520K, committed 640K, reserved 1048576K
Event: 1.565 GC heap after
Heap after GC invocations=7 (full 0):
 PSYoungGen      total 5120K, used 994K [0x00000000eab00000, 0x00000000eb600000, 0x0000000100000000)
  eden space 4096K, 0% used [0x00000000eab00000,0x00000000eab00000,0x00000000eaf00000)
  from space 1024K, 97% used [0x00000000eaf00000,0x00000000eaff89e8,0x00000000eb000000)
  to   space 1536K, 0% used [0x00000000eb480000,0x00000000eb480000,0x00000000eb600000)
 ParOldGen       total 64000K, used 1210K [0x00000000c0000000, 0x00000000c3e80000, 0x00000000eab00000)
  object space 64000K, 1% used [0x00000000c0000000,0x00000000c012e888,0x00000000c3e80000)
 Metaspace       used 4340K, capacity 5520K, committed 5760K, reserved 1056768K
  class space    used 482K, capacity 520K, committed 640K, reserved 1048576K
}
Event: 1.797 GC heap before
{Heap before GC invocations=8 (full 0):
 PSYoungGen      total 5120K, used 5090K [0x00000000eab00000, 0x00000000eb600000, 0x0000000100000000)
  eden space 4096K, 100% used [0x00000000eab00000,0x00000000eaf00000,0x00000000eaf00000)
  from space 1024K, 97% used [0x00000000eaf00000,0x00000000eaff89e8,0x00000000eb000000)
  to   space 1536K, 0% used [0x00000000eb480000,0x00000000eb480000,0x00000000eb600000)
 ParOldGen       total 64000K, used 1210K [0x00000000c0000000, 0x00000000c3e80000, 0x00000000eab00000)
  object space 64000K, 1% used [0x00000000c0000000,0x00000000c012e888,0x00000000c3e80000)
 Metaspace       used 5351K, capacity 6448K, committed 6528K, reserved 1056768K
  class space    used 584K, capacity 616K, committed 640K, reserved 1048576K
Event: 1.843 GC heap after
Heap after GC invocations=8 (full 0):
 PSYoungGen      total 5632K, used 1512K [0x00000000eab00000, 0x00000000eb600000, 0x0000000100000000)
  eden space 4096K, 0% used [0x00000000eab00000,0x00000000eab00000,0x00000000eaf00000)
  from space 1536K, 98% used [0x00000000eb480000,0x00000000eb5fa2a0,0x00000000eb600000)
  to   space 1024K, 0% used [0x00000000eaf00000,0x00000000eaf00000,0x00000000eb000000)
 ParOldGen       total 64000K, used 1403K [0x00000000c0000000, 0x00000000c3e80000, 0x00000000eab00000)
  object space 64000K, 2% used [0x00000000c0000000,0x00000000c015ecd0,0x00000000c3e80000)
 Metaspace       used 5351K, capacity 6448K, committed 6528K, reserved 1056768K
  class space    used 584K, capacity 616K, committed 640K, reserved 1048576K
}

Deoptimization events (5 events):
Event: 1.884 Thread 0x0000000002981000 Uncommon trap: reason=class_check action=maybe_recompile pc=0x0000000002cc2730 method=com.android.dx.ssa.NormalSsaInsn.accept(Lcom/android/dx/ssa/SsaInsn$Visitor;)V @ 9
Event: 1.895 Thread 0x0000000002981000 Uncommon trap: reason=class_check action=maybe_recompile pc=0x0000000002ce0054 method=com.android.dx.ssa.NormalSsaInsn.accept(Lcom/android/dx/ssa/SsaInsn$Visitor;)V @ 9
Event: 1.912 Thread 0x000000001701d000 Uncommon trap: reason=class_check action=maybe_recompile pc=0x0000000002ce0054 method=com.android.dx.ssa.NormalSsaInsn.accept(Lcom/android/dx/ssa/SsaInsn$Visitor;)V @ 9
Event: 1.912 Thread 0x000000001701d000 Uncommon trap: reason=class_check action=maybe_recompile pc=0x0000000002ce0054 method=com.android.dx.ssa.NormalSsaInsn.accept(Lcom/android/dx/ssa/SsaInsn$Visitor;)V @ 9
Event: 1.912 Thread 0x000000001701d000 Uncommon trap: reason=class_check action=maybe_recompile pc=0x0000000002cc2730 method=com.android.dx.ssa.NormalSsaInsn.accept(Lcom/android/dx/ssa/SsaInsn$Visitor;)V @ 9

Internal exceptions (10 events):
Event: 1.670 Thread 0x00000000168ae800 Exception <a 'java/security/PrivilegedActionException'> (0x00000000eacdcf58) thrown at [C:\re\workspace\8-2-build-windows-amd64-cygwin\jdk8u11\648\hotspot\src\share\vm\prims\jvm.cpp, line 1248]
Event: 1.673 Thread 0x000000001701d000 Exception <a 'java/security/PrivilegedActionException'> (0x00000000eae4a740) thrown at [C:\re\workspace\8-2-build-windows-amd64-cygwin\jdk8u11\648\hotspot\src\share\vm\prims\jvm.cpp, line 1248]
Event: 1.674 Thread 0x000000001701b800 Exception <a 'java/security/PrivilegedActionException'> (0x00000000eaccf848) thrown at [C:\re\workspace\8-2-build-windows-amd64-cygwin\jdk8u11\648\hotspot\src\share\vm\prims\jvm.cpp, line 1248]
Event: 1.702 Thread 0x00000000168ad800 Exception <a 'java/security/PrivilegedActionException'> (0x00000000eade8310) thrown at [C:\re\workspace\8-2-build-windows-amd64-cygwin\jdk8u11\648\hotspot\src\share\vm\prims\jvm.cpp, line 1248]
Event: 1.705 Thread 0x0000000002981000 Exception <a 'java/security/PrivilegedActionException'> (0x00000000ead02c28) thrown at [C:\re\workspace\8-2-build-windows-amd64-cygwin\jdk8u11\648\hotspot\src\share\vm\prims\jvm.cpp, line 1248]
Event: 1.715 Thread 0x00000000168ae800 Exception <a 'java/security/PrivilegedActionException'> (0x00000000eaeab5e8) thrown at [C:\re\workspace\8-2-build-windows-amd64-cygwin\jdk8u11\648\hotspot\src\share\vm\prims\jvm.cpp, line 1248]
Event: 1.723 Thread 0x00000000168ae800 Exception <a 'java/security/PrivilegedActionException'> (0x00000000eaeb35f0) thrown at [C:\re\workspace\8-2-build-windows-amd64-cygwin\jdk8u11\648\hotspot\src\share\vm\prims\jvm.cpp, line 1248]
Event: 1.855 Thread 0x000000001701d000 Exception <a 'java/security/PrivilegedActionException'> (0x00000000eaba3780) thrown at [C:\re\workspace\8-2-build-windows-amd64-cygwin\jdk8u11\648\hotspot\src\share\vm\prims\jvm.cpp, line 1248]
Event: 1.910 Thread 0x0000000002981000 Exception <a 'java/security/PrivilegedActionException'> (0x00000000eadf1350) thrown at [C:\re\workspace\8-2-build-windows-amd64-cygwin\jdk8u11\648\hotspot\src\share\vm\prims\jvm.cpp, line 1248]
Event: 1.920 Thread 0x00000000168ad800 Exception <a 'java/security/PrivilegedActionException'> (0x00000000eae404a0) thrown at [C:\re\workspace\8-2-build-windows-amd64-cygwin\jdk8u11\648\hotspot\src\share\vm\prims\jvm.cpp, line 1248]

Events (10 events):
Event: 1.912 Thread 0x000000001701d000 DEOPT PACKING pc=0x0000000002ce0054 sp=0x0000000017aaea70
Event: 1.912 Thread 0x000000001701d000 DEOPT UNPACKING pc=0x0000000002ac55af sp=0x0000000017aae9c0 mode 2
Event: 1.912 Thread 0x000000001701d000 Uncommon trap: trap_request=0xffffffde fr.pc=0x0000000002ce0054
Event: 1.912 Thread 0x000000001701d000 DEOPT PACKING pc=0x0000000002ce0054 sp=0x0000000017aae830
Event: 1.912 Thread 0x000000001701d000 DEOPT UNPACKING pc=0x0000000002ac55af sp=0x0000000017aae780 mode 2
Event: 1.912 Thread 0x000000001701d000 Uncommon trap: trap_request=0xffffffde fr.pc=0x0000000002cc2730
Event: 1.912 Thread 0x000000001701d000 DEOPT PACKING pc=0x0000000002cc2730 sp=0x0000000017aae740
Event: 1.912 Thread 0x000000001701d000 DEOPT UNPACKING pc=0x0000000002ac55af sp=0x0000000017aae6e0 mode 2
Event: 1.920 loading class com/android/dx/dex/file/MethodAnnotationStruct
Event: 1.920 loading class com/android/dx/dex/file/MethodAnnotationStruct done


Dynamic libraries:
0x00007ff732c90000 - 0x00007ff732cc4000 	C:\Program Files\Java\jdk1.8.0_11\bin\java.exe
0x00007ffa69510000 - 0x00007ffa696b9000 	C:\Windows\SYSTEM32\ntdll.dll
0x00007ffa69250000 - 0x00007ffa69389000 	C:\Windows\system32\KERNEL32.DLL
0x00007ffa66b40000 - 0x00007ffa66c4e000 	C:\Windows\system32\KERNELBASE.dll
0x00007ffa654c0000 - 0x00007ffa6554b000 	C:\Windows\system32\apphelp.dll
0x00007ffa64b50000 - 0x00007ffa64b9f000 	C:\Windows\AppPatch\AppPatch64\AcGenral.DLL
0x00007ffa66e60000 - 0x00007ffa66f07000 	C:\Windows\system32\msvcrt.dll
0x00007ffa66670000 - 0x00007ffa6669b000 	C:\Windows\SYSTEM32\SspiCli.dll
0x00007ffa67050000 - 0x00007ffa670a1000 	C:\Windows\system32\SHLWAPI.dll
0x00007ffa676b0000 - 0x00007ffa67821000 	C:\Windows\system32\USER32.dll
0x00007ffa69390000 - 0x00007ffa69506000 	C:\Windows\system32\ole32.dll
0x00007ffa67be0000 - 0x00007ffa68fef000 	C:\Windows\system32\SHELL32.dll
0x00007ffa65e10000 - 0x00007ffa65e2f000 	C:\Windows\SYSTEM32\USERENV.dll
0x00007ffa670b0000 - 0x00007ffa67155000 	C:\Windows\system32\ADVAPI32.dll
0x00007ffa5e950000 - 0x00007ffa5e96b000 	C:\Windows\SYSTEM32\MPR.dll
0x00007ffa67310000 - 0x00007ffa67446000 	C:\Windows\system32\RPCRT4.dll
0x00007ffa67b80000 - 0x00007ffa67bd7000 	C:\Windows\SYSTEM32\sechost.dll
0x00007ffa679a0000 - 0x00007ffa67b77000 	C:\Windows\SYSTEM32\combase.dll
0x00007ffa67160000 - 0x00007ffa672a5000 	C:\Windows\system32\GDI32.dll
0x00007ffa66890000 - 0x00007ffa668a4000 	C:\Windows\SYSTEM32\profapi.dll
0x00007ffa64ee0000 - 0x00007ffa64f81000 	C:\Windows\SYSTEM32\SHCORE.dll
0x00007ffa67670000 - 0x00007ffa676a4000 	C:\Windows\system32\IMM32.DLL
0x00007ffa66f10000 - 0x00007ffa67048000 	C:\Windows\system32\MSCTF.dll
0x00007ffa64240000 - 0x00007ffa6449a000 	C:\Windows\WinSxS\amd64_microsoft.windows.common-controls_6595b64144ccf1df_6.0.9600.16384_none_62475f7becb72503\COMCTL32.dll
0x0000000076910000 - 0x00000000769e2000 	C:\Program Files\Java\jdk1.8.0_11\jre\bin\msvcr100.dll
0x0000000076fb0000 - 0x00000000777da000 	C:\Program Files\Java\jdk1.8.0_11\jre\bin\server\jvm.dll
0x00007ffa5e450000 - 0x00007ffa5e459000 	C:\Windows\SYSTEM32\WSOCK32.dll
0x00007ffa5d600000 - 0x00007ffa5d61f000 	C:\Windows\SYSTEM32\WINMM.dll
0x00007ffa691d0000 - 0x00007ffa691d7000 	C:\Windows\system32\PSAPI.DLL
0x00007ffa691e0000 - 0x00007ffa69238000 	C:\Windows\system32\WS2_32.dll
0x00007ffa5d5d0000 - 0x00007ffa5d5fa000 	C:\Windows\SYSTEM32\WINMMBASE.dll
0x00007ffa67990000 - 0x00007ffa67999000 	C:\Windows\system32\NSI.dll
0x00007ffa66d00000 - 0x00007ffa66d4a000 	C:\Windows\SYSTEM32\cfgmgr32.dll
0x00007ffa65740000 - 0x00007ffa65766000 	C:\Windows\SYSTEM32\DEVOBJ.dll
0x0000000076e00000 - 0x0000000076e0f000 	C:\Program Files\Java\jdk1.8.0_11\jre\bin\verify.dll
0x0000000076dd0000 - 0x0000000076df8000 	C:\Program Files\Java\jdk1.8.0_11\jre\bin\java.dll
0x0000000076d80000 - 0x0000000076d96000 	C:\Program Files\Java\jdk1.8.0_11\jre\bin\zip.dll

VM Arguments:
jvm_args: -Djava.awt.headless=true -Xmx1024M -Dfile.encoding=GBK -Duser.country=US -Duser.language=en -Duser.variant 
java_command: com.android.dx.command.Main --dex --num-threads=4 --output E:\java\android\NetMT\app\build\intermediates\pre-dexed\debug\internal_impl-23.2.0_2926a3cef1012ee693076c041337e898be1d8e40.jar E:\java\android\NetMT\app\build\intermediates\exploded-aar\com.android.support\support-v4\23.2.0\jars\libs\internal_impl-23.2.0.jar
java_class_path (initial): C:\Users\Administrator\AppData\Local\Android\sdk\build-tools\23.0.2\lib\dx.jar
Launcher Type: SUN_STANDARD

Environment Variables:
JAVA_HOME=C:\Program Files\Java\jdk1.8.0_11
PATH=C:\Windows\system32;C:\Windows;C:\Windows\System32\Wbem;C:\Windows\System32\WindowsPowerShell\v1.0\;C:\Program Files (x86)\ATI Technologies\ATI.ACE\Core-Static;0x0.000000p-1022ndroid;D:\Java\jdk1.7.0_17\bin;C:\Program Files (x86)\Microsoft SQL Server\100\Tools\Binn\;C:\Program Files\Microsoft SQL Server\100\Tools\Binn\;C:\Program Files\Microsoft SQL Server\100\DTS\Binn\;D:\TortoiseSVN\bin;D:\Java\jdk1.7.0_17\bin
USERNAME=KingHacker
OS=Windows_NT
PROCESSOR_IDENTIFIER=Intel64 Family 6 Model 42 Stepping 7, GenuineIntel



---------------  S Y S T E M  ---------------

OS: Windows 8.1 , 64 bit Build 9600 

CPU:total 4 (2 cores per cpu, 2 threads per core) family 6 model 42 stepping 7, cmov, cx8, fxsr, mmx, sse, sse2, sse3, ssse3, sse4.1, sse4.2, popcnt, avx, aes, clmul, ht, tsc, tscinvbit

Memory: 4k page, physical 4136812k(685000k free), swap 16719724k(5128k free)

vm_info: Java HotSpot(TM) 64-Bit Server VM (25.11-b03) for windows-amd64 JRE (1.8.0_11-b12), built on Jun 16 2014 20:57:32 by "java_re" with MS VC++ 10.0 (VS2010)

time: Thu Mar 17 20:09:49 2016
elapsed time: 1 seconds

