#
# There is insufficient memory for the Java Runtime Environment to continue.
# Native memory allocation (malloc) failed to allocate 276496 bytes for Chunk::new
# Possible reasons:
#   The system is out of physical RAM or swap space
#   In 32 bit mode, the process size limit was hit
# Possible solutions:
#   Reduce memory load on the system
#   Increase physical memory or swap space
#   Check if swap backing store is full
#   Use 64 bit Java on a 64 bit OS
#   Decrease Java heap size (-Xmx/-Xms)
#   Decrease number of Java threads
#   Decrease Java thread stack sizes (-Xss)
#   Set larger code cache with -XX:ReservedCodeCacheSize=
# This output file may be truncated or incomplete.
#
#  Out of Memory Error (allocation.cpp:388), pid=3316, tid=2460
#
# JRE version: Java(TM) SE Runtime Environment (8.0_11-b12) (build 1.8.0_11-b12)
# Java VM: Java HotSpot(TM) 64-Bit Server VM (25.11-b03 mixed mode windows-amd64 compressed oops)
# Failed to write core dump. Minidumps are not enabled by default on client versions of Windows
#

---------------  T H R E A D  ---------------

Current thread (0x000000001557e000):  JavaThread "C2 CompilerThread1" daemon [_thread_in_native, id=2460, stack(0x0000000016fb0000,0x00000000170b0000)]

Stack: [0x0000000016fb0000,0x00000000170b0000]
[error occurred during error reporting (printing stack bounds), id 0xc0000005]

Native frames: (J=compiled Java code, j=interpreted, Vv=VM code, C=native code)
V  [jvm.dll+0x308eca]


Current CompileTask:
C2:   3491 1418   !   4       com.android.dx.cf.code.BytecodeArray::parseInstruction (2764 bytes)


---------------  P R O C E S S  ---------------

Java Threads: ( => current thread )
  0x0000000016b42000 JavaThread "pool-1-thread-4" [_thread_blocked, id=8656, stack(0x0000000017fb0000,0x00000000180b0000)]
  0x0000000016b41800 JavaThread "pool-1-thread-3" [_thread_blocked, id=7316, stack(0x0000000017eb0000,0x0000000017fb0000)]
  0x0000000016b40800 JavaThread "pool-1-thread-2" [_thread_blocked, id=6616, stack(0x0000000017db0000,0x0000000017eb0000)]
  0x0000000016c34000 JavaThread "pool-2-thread-1" [_thread_blocked, id=9476, stack(0x0000000017cb0000,0x0000000017db0000)]
  0x0000000016b9d800 JavaThread "pool-1-thread-1" [_thread_blocked, id=9860, stack(0x0000000017bb0000,0x0000000017cb0000)]
  0x00000000155bc800 JavaThread "Service Thread" daemon [_thread_blocked, id=5332, stack(0x00000000171b0000,0x00000000172b0000)]
  0x00000000155ba800 JavaThread "C1 CompilerThread2" daemon [_thread_blocked, id=8024, stack(0x00000000170b0000,0x00000000171b0000)]
=>0x000000001557e000 JavaThread "C2 CompilerThread1" daemon [_thread_in_native, id=2460, stack(0x0000000016fb0000,0x00000000170b0000)]
  0x000000001556f000 JavaThread "C2 CompilerThread0" daemon [_thread_in_native, id=10004, stack(0x0000000016eb0000,0x0000000016fb0000)]
  0x000000001556e000 JavaThread "Attach Listener" daemon [_thread_blocked, id=7792, stack(0x0000000016db0000,0x0000000016eb0000)]
  0x00000000168f3000 JavaThread "Signal Dispatcher" daemon [_thread_blocked, id=5024, stack(0x0000000016cb0000,0x0000000016db0000)]
  0x0000000002e7f000 JavaThread "Finalizer" daemon [_thread_blocked, id=7580, stack(0x00000000167b0000,0x00000000168b0000)]
  0x0000000015527800 JavaThread "Reference Handler" daemon [_thread_blocked, id=9100, stack(0x00000000166b0000,0x00000000167b0000)]
  0x0000000002d91000 JavaThread "main" [_thread_blocked, id=8876, stack(0x0000000002c90000,0x0000000002d90000)]

Other Threads:
  0x0000000015526000 VMThread [stack: 0x00000000165b0000,0x00000000166b0000] [id=7204]
  0x0000000016914000 WatcherThread [stack: 0x00000000172b0000,0x00000000173b0000] [id=3576]

VM state:at safepoint (normal execution)

VM Mutex/Monitor currently owned by a thread:  ([mutex/lock_event])
[0x000000000296c0f0] Threads_lock - owner thread: 0x0000000015526000
[0x000000000296c4f0] Heap_lock - owner thread: 0x0000000016b9d800

Heap:
 PSYoungGen      total 17920K, used 17184K [0x00000000eab00000, 0x00000000ec080000, 0x0000000100000000)
  eden space 15360K, 100% used [0x00000000eab00000,0x00000000eba00000,0x00000000eba00000)
  from space 2560K, 71% used [0x00000000ebd00000,0x00000000ebec8010,0x00000000ebf80000)
  to   space 3072K, 75% used [0x00000000eba00000,0x00000000ebc46b40,0x00000000ebd00000)
 ParOldGen       total 64000K, used 7597K [0x00000000c0000000, 0x00000000c3e80000, 0x00000000eab00000)
  object space 64000K, 11% used [0x00000000c0000000,0x00000000c076b7f8,0x00000000c3e80000)
 Metaspace       used 5916K, capacity 6896K, committed 7040K, reserved 1056768K
  class space    used 596K, capacity 616K, committed 640K, reserved 1048576K

Card table byte_map: [0x0000000012250000,0x0000000012460000] byte_map_base: 0x0000000011c50000

Marking Bits: (ParMarkBitMap*) 0x00000000777612b0
 Begin Bits: [0x00000000129c0000, 0x00000000139c0000)
 End Bits:   [0x00000000139c0000, 0x00000000149c0000)

Polling page: 0x0000000001180000

CodeCache: size=245760Kb used=5679Kb max_used=5679Kb free=240080Kb
 bounds [0x0000000002e90000, 0x0000000003420000, 0x0000000011e90000]
 total_blobs=1710 nmethods=1443 adapters=180
 compilation: enabled

Compilation events (10 events):
Event: 3.450 Thread 0x00000000155ba800 1480       3       com.android.dx.ssa.PhiInsn::getOpcode (2 bytes)
Event: 3.450 Thread 0x00000000155ba800 nmethod 1480 0x0000000003418610 code [0x0000000003418760, 0x00000000034188b0]
Event: 3.451 Thread 0x00000000155ba800 1481       3       com.android.dx.rop.cst.CstKnownNull::equals (5 bytes)
Event: 3.451 Thread 0x00000000155ba800 nmethod 1481 0x0000000003418950 code [0x0000000003418aa0, 0x0000000003418cd0]
Event: 3.451 Thread 0x00000000155ba800 1482       3       com.android.dx.ssa.SsaBasicBlock::addMoveToEnd (172 bytes)
Event: 3.453 Thread 0x00000000155ba800 nmethod 1482 0x0000000003418d50 code [0x00000000034190c0, 0x000000000341ae68]
Event: 3.459 Thread 0x00000000155ba800 1483       3       com.android.dx.rop.cst.CstString::stringToUtf8Bytes (175 bytes)
Event: 3.459 Thread 0x00000000155ba800 nmethod 1483 0x000000000341c290 code [0x000000000341c460, 0x000000000341ccb8]
Event: 3.461 Thread 0x00000000155ba800 1484       3       com.android.dx.ssa.SsaBasicBlock::insertNewSuccessor (228 bytes)
Event: 3.463 Thread 0x00000000155ba800 nmethod 1484 0x000000000341d0d0 code [0x000000000341d400, 0x000000000341e888]

GC Heap History (10 events):
Event: 1.002 GC heap after
Heap after GC invocations=12 (full 0):
 PSYoungGen      total 7168K, used 327K [0x00000000eab00000, 0x00000000eb300000, 0x0000000100000000)
  eden space 6144K, 0% used [0x00000000eab00000,0x00000000eab00000,0x00000000eb100000)
  from space 1024K, 31% used [0x00000000eb200000,0x00000000eb251c50,0x00000000eb300000)
  to   space 1024K, 0% used [0x00000000eb100000,0x00000000eb100000,0x00000000eb200000)
 ParOldGen       total 64000K, used 1301K [0x00000000c0000000, 0x00000000c3e80000, 0x00000000eab00000)
  object space 64000K, 2% used [0x00000000c0000000,0x00000000c0145680,0x00000000c3e80000)
 Metaspace       used 3754K, capacity 4944K, committed 5120K, reserved 1056768K
  class space    used 415K, capacity 456K, committed 512K, reserved 1048576K
}
Event: 1.809 GC heap before
{Heap before GC invocations=13 (full 0):
 PSYoungGen      total 7168K, used 6471K [0x00000000eab00000, 0x00000000eb300000, 0x0000000100000000)
  eden space 6144K, 100% used [0x00000000eab00000,0x00000000eb100000,0x00000000eb100000)
  from space 1024K, 31% used [0x00000000eb200000,0x00000000eb251c50,0x00000000eb300000)
  to   space 1024K, 0% used [0x00000000eb100000,0x00000000eb100000,0x00000000eb200000)
 ParOldGen       total 64000K, used 1301K [0x00000000c0000000, 0x00000000c3e80000, 0x00000000eab00000)
  object space 64000K, 2% used [0x00000000c0000000,0x00000000c0145680,0x00000000c3e80000)
 Metaspace       used 5341K, capacity 6384K, committed 6528K, reserved 1056768K
  class space    used 585K, capacity 616K, committed 640K, reserved 1048576K
Event: 1.855 GC heap after
Heap after GC invocations=13 (full 0):
 PSYoungGen      total 7168K, used 992K [0x00000000eab00000, 0x00000000eb800000, 0x0000000100000000)
  eden space 6144K, 0% used [0x00000000eab00000,0x00000000eab00000,0x00000000eb100000)
  from space 1024K, 96% used [0x00000000eb100000,0x00000000eb1f8018,0x00000000eb200000)
  to   space 1536K, 0% used [0x00000000eb680000,0x00000000eb680000,0x00000000eb800000)
 ParOldGen       total 64000K, used 2379K [0x00000000c0000000, 0x00000000c3e80000, 0x00000000eab00000)
  object space 64000K, 3% used [0x00000000c0000000,0x00000000c0252e68,0x00000000c3e80000)
 Metaspace       used 5341K, capacity 6384K, committed 6528K, reserved 1056768K
  class space    used 585K, capacity 616K, committed 640K, reserved 1048576K
}
Event: 2.093 GC heap before
{Heap before GC invocations=14 (full 0):
 PSYoungGen      total 7168K, used 7136K [0x00000000eab00000, 0x00000000eb800000, 0x0000000100000000)
  eden space 6144K, 100% used [0x00000000eab00000,0x00000000eb100000,0x00000000eb100000)
  from space 1024K, 96% used [0x00000000eb100000,0x00000000eb1f8018,0x00000000eb200000)
  to   space 1536K, 0% used [0x00000000eb680000,0x00000000eb680000,0x00000000eb800000)
 ParOldGen       total 64000K, used 2379K [0x00000000c0000000, 0x00000000c3e80000, 0x00000000eab00000)
  object space 64000K, 3% used [0x00000000c0000000,0x00000000c0252e68,0x00000000c3e80000)
 Metaspace       used 5666K, capacity 6640K, committed 6784K, reserved 1056768K
  class space    used 594K, capacity 616K, committed 640K, reserved 1048576K
Event: 2.351 GC heap after
Heap after GC invocations=14 (full 0):
 PSYoungGen      total 11264K, used 1289K [0x00000000eab00000, 0x00000000eb900000, 0x0000000100000000)
  eden space 9728K, 0% used [0x00000000eab00000,0x00000000eab00000,0x00000000eb480000)
  from space 1536K, 83% used [0x00000000eb680000,0x00000000eb7c2550,0x00000000eb800000)
  to   space 2048K, 0% used [0x00000000eb480000,0x00000000eb480000,0x00000000eb680000)
 ParOldGen       total 64000K, used 3007K [0x00000000c0000000, 0x00000000c3e80000, 0x00000000eab00000)
  object space 64000K, 4% used [0x00000000c0000000,0x00000000c02eff50,0x00000000c3e80000)
 Metaspace       used 5666K, capacity 6640K, committed 6784K, reserved 1056768K
  class space    used 594K, capacity 616K, committed 640K, reserved 1048576K
}
Event: 2.716 GC heap before
{Heap before GC invocations=15 (full 0):
 PSYoungGen      total 11264K, used 11017K [0x00000000eab00000, 0x00000000eb900000, 0x0000000100000000)
  eden space 9728K, 100% used [0x00000000eab00000,0x00000000eb480000,0x00000000eb480000)
  from space 1536K, 83% used [0x00000000eb680000,0x00000000eb7c2550,0x00000000eb800000)
  to   space 2048K, 0% used [0x00000000eb480000,0x00000000eb480000,0x00000000eb680000)
 ParOldGen       total 64000K, used 3007K [0x00000000c0000000, 0x00000000c3e80000, 0x00000000eab00000)
  object space 64000K, 4% used [0x00000000c0000000,0x00000000c02eff50,0x00000000c3e80000)
 Metaspace       used 5783K, capacity 6768K, committed 7040K, reserved 1056768K
  class space    used 594K, capacity 616K, committed 640K, reserved 1048576K
Event: 2.779 GC heap after
Heap after GC invocations=15 (full 0):
 PSYoungGen      total 11776K, used 2029K [0x00000000eab00000, 0x00000000ebf80000, 0x0000000100000000)
  eden space 9728K, 0% used [0x00000000eab00000,0x00000000eab00000,0x00000000eb480000)
  from space 2048K, 99% used [0x00000000eb480000,0x00000000eb67b550,0x00000000eb680000)
  to   space 2560K, 0% used [0x00000000ebd00000,0x00000000ebd00000,0x00000000ebf80000)
 ParOldGen       total 64000K, used 4210K [0x00000000c0000000, 0x00000000c3e80000, 0x00000000eab00000)
  object space 64000K, 6% used [0x00000000c0000000,0x00000000c041c918,0x00000000c3e80000)
 Metaspace       used 5783K, capacity 6768K, committed 7040K, reserved 1056768K
  class space    used 594K, capacity 616K, committed 640K, reserved 1048576K
}
Event: 2.911 GC heap before
{Heap before GC invocations=16 (full 0):
 PSYoungGen      total 11776K, used 11757K [0x00000000eab00000, 0x00000000ebf80000, 0x0000000100000000)
  eden space 9728K, 100% used [0x00000000eab00000,0x00000000eb480000,0x00000000eb480000)
  from space 2048K, 99% used [0x00000000eb480000,0x00000000eb67b550,0x00000000eb680000)
  to   space 2560K, 0% used [0x00000000ebd00000,0x00000000ebd00000,0x00000000ebf80000)
 ParOldGen       total 64000K, used 4210K [0x00000000c0000000, 0x00000000c3e80000, 0x00000000eab00000)
  object space 64000K, 6% used [0x00000000c0000000,0x00000000c041c918,0x00000000c3e80000)
 Metaspace       used 5852K, capacity 6832K, committed 7040K, reserved 1056768K
  class space    used 596K, capacity 616K, committed 640K, reserved 1048576K
Event: 3.173 GC heap after
Heap after GC invocations=16 (full 0):
 PSYoungGen      total 17920K, used 1824K [0x00000000eab00000, 0x00000000ec080000, 0x0000000100000000)
  eden space 15360K, 0% used [0x00000000eab00000,0x00000000eab00000,0x00000000eba00000)
  from space 2560K, 71% used [0x00000000ebd00000,0x00000000ebec8010,0x00000000ebf80000)
  to   space 3072K, 0% used [0x00000000eba00000,0x00000000eba00000,0x00000000ebd00000)
 ParOldGen       total 64000K, used 6052K [0x00000000c0000000, 0x00000000c3e80000, 0x00000000eab00000)
  object space 64000K, 9% used [0x00000000c0000000,0x00000000c05e92a0,0x00000000c3e80000)
 Metaspace       used 5852K, capacity 6832K, committed 7040K, reserved 1056768K
  class space    used 596K, capacity 616K, committed 640K, reserved 1048576K
}
Event: 3.464 GC heap before
{Heap before GC invocations=17 (full 0):
 PSYoungGen      total 17920K, used 17184K [0x00000000eab00000, 0x00000000ec080000, 0x0000000100000000)
  eden space 15360K, 100% used [0x00000000eab00000,0x00000000eba00000,0x00000000eba00000)
  from space 2560K, 71% used [0x00000000ebd00000,0x00000000ebec8010,0x00000000ebf80000)
  to   space 3072K, 0% used [0x00000000eba00000,0x00000000eba00000,0x00000000ebd00000)
 ParOldGen       total 64000K, used 6052K [0x00000000c0000000, 0x00000000c3e80000, 0x00000000eab00000)
  object space 64000K, 9% used [0x00000000c0000000,0x00000000c05e92a0,0x00000000c3e80000)
 Metaspace       used 5916K, capacity 6896K, committed 7040K, reserved 1056768K
  class space    used 596K, capacity 616K, committed 640K, reserved 1048576K

Deoptimization events (4 events):
Event: 2.358 Thread 0x0000000016b42000 Uncommon trap: reason=unreached action=reinterpret pc=0x00000000031e9e74 method=com.android.dx.rop.code.LocalItem.hashCode()I @ 25
Event: 2.431 Thread 0x0000000016b9d800 Uncommon trap: reason=class_check action=maybe_recompile pc=0x00000000031e23e0 method=com.android.dx.rop.type.Type.equals(Ljava/lang/Object;)Z @ 8
Event: 2.433 Thread 0x0000000016b9d800 Uncommon trap: reason=null_check action=make_not_entrant pc=0x00000000031e23f0 method=com.android.dx.rop.type.Type.equals(Ljava/lang/Object;)Z @ 8
Event: 3.233 Thread 0x0000000016b41800 Uncommon trap: reason=unreached action=reinterpret pc=0x00000000032ed31c method=com.android.dx.rop.cst.Constant.compareTo(Lcom/android/dx/rop/cst/Constant;)I @ 12

Internal exceptions (10 events):
Event: 1.896 Thread 0x0000000002d91000 Exception <a 'java/security/PrivilegedActionException'> (0x00000000eac4b9b0) thrown at [C:\re\workspace\8-2-build-windows-amd64-cygwin\jdk8u11\648\hotspot\src\share\vm\prims\jvm.cpp, line 1248]
Event: 1.896 Thread 0x0000000002d91000 Exception <a 'java/security/PrivilegedActionException'> (0x00000000eac60358) thrown at [C:\re\workspace\8-2-build-windows-amd64-cygwin\jdk8u11\648\hotspot\src\share\vm\prims\jvm.cpp, line 1248]
Event: 1.897 Thread 0x0000000016b41800 Exception <a 'java/security/PrivilegedActionException'> (0x00000000eabdc630) thrown at [C:\re\workspace\8-2-build-windows-amd64-cygwin\jdk8u11\648\hotspot\src\share\vm\prims\jvm.cpp, line 1248]
Event: 1.897 Thread 0x0000000016b41800 Exception <a 'java/security/PrivilegedActionException'> (0x00000000eabe2130) thrown at [C:\re\workspace\8-2-build-windows-amd64-cygwin\jdk8u11\648\hotspot\src\share\vm\prims\jvm.cpp, line 1248]
Event: 1.898 Thread 0x0000000016b41800 Exception <a 'java/security/PrivilegedActionException'> (0x00000000eabe64b0) thrown at [C:\re\workspace\8-2-build-windows-amd64-cygwin\jdk8u11\648\hotspot\src\share\vm\prims\jvm.cpp, line 1248]
Event: 1.908 Thread 0x0000000016b42000 Exception <a 'java/security/PrivilegedActionException'> (0x00000000eacbf890) thrown at [C:\re\workspace\8-2-build-windows-amd64-cygwin\jdk8u11\648\hotspot\src\share\vm\prims\jvm.cpp, line 1248]
Event: 2.021 Thread 0x0000000016b42000 Exception <a 'java/security/PrivilegedActionException'> (0x00000000eaf32f20) thrown at [C:\re\workspace\8-2-build-windows-amd64-cygwin\jdk8u11\648\hotspot\src\share\vm\prims\jvm.cpp, line 1248]
Event: 2.361 Thread 0x0000000002d91000 Exception <a 'java/security/PrivilegedActionException'> (0x00000000eabd3b38) thrown at [C:\re\workspace\8-2-build-windows-amd64-cygwin\jdk8u11\648\hotspot\src\share\vm\prims\jvm.cpp, line 1248]
Event: 2.433 Thread 0x0000000016b9d800 Implicit null exception at 0x00000000031e22e2 to 0x00000000031e23e1
Event: 2.572 Thread 0x0000000016b40800 Exception <a 'java/security/PrivilegedActionException'> (0x00000000eb40e910) thrown at [C:\re\workspace\8-2-build-windows-amd64-cygwin\jdk8u11\648\hotspot\src\share\vm\prims\jvm.cpp, line 1248]

Events (10 events):
Event: 2.790 loading class java/util/HashMap$Values
Event: 2.791 loading class java/util/HashMap$Values done
Event: 2.791 loading class java/util/HashMap$ValueIterator
Event: 2.791 loading class java/util/HashMap$ValueIterator done
Event: 2.877 Executing VM operation: ParallelGCFailedAllocation
Event: 3.173 Executing VM operation: ParallelGCFailedAllocation done
Event: 3.233 Thread 0x0000000016b41800 Uncommon trap: trap_request=0xffffffad fr.pc=0x00000000032ed31c
Event: 3.233 Thread 0x0000000016b41800 DEOPT PACKING pc=0x00000000032ed31c sp=0x0000000017fae430
Event: 3.233 Thread 0x0000000016b41800 DEOPT UNPACKING pc=0x0000000002ed55af sp=0x0000000017fae3d0 mode 2
Event: 3.463 Executing VM operation: ParallelGCFailedAllocation


Dynamic libraries:
0x00007ff649970000 - 0x00007ff6499a4000 	C:\Program Files\Java\jdk1.8.0_11\bin\java.exe
0x00007ffa69510000 - 0x00007ffa696b9000 	C:\Windows\SYSTEM32\ntdll.dll
0x00007ffa69250000 - 0x00007ffa69389000 	C:\Windows\system32\KERNEL32.DLL
0x00007ffa66b40000 - 0x00007ffa66c4e000 	C:\Windows\system32\KERNELBASE.dll
0x00007ffa654c0000 - 0x00007ffa6554b000 	C:\Windows\system32\apphelp.dll
0x00007ffa605b0000 - 0x00007ffa605ff000 	C:\Windows\AppPatch\AppPatch64\AcGenral.DLL
0x00007ffa66e60000 - 0x00007ffa66f07000 	C:\Windows\system32\msvcrt.dll
0x00007ffa66670000 - 0x00007ffa6669b000 	C:\Windows\SYSTEM32\SspiCli.dll
0x00007ffa67050000 - 0x00007ffa670a1000 	C:\Windows\system32\SHLWAPI.dll
0x00007ffa676b0000 - 0x00007ffa67821000 	C:\Windows\system32\USER32.dll
0x00007ffa69390000 - 0x00007ffa69506000 	C:\Windows\system32\ole32.dll
0x00007ffa67be0000 - 0x00007ffa68fef000 	C:\Windows\system32\SHELL32.dll
0x00007ffa65e10000 - 0x00007ffa65e2f000 	C:\Windows\SYSTEM32\USERENV.dll
0x00007ffa670b0000 - 0x00007ffa67155000 	C:\Windows\system32\ADVAPI32.dll
0x00007ffa5e950000 - 0x00007ffa5e96b000 	C:\Windows\SYSTEM32\MPR.dll
0x00007ffa67310000 - 0x00007ffa67446000 	C:\Windows\system32\RPCRT4.dll
0x00007ffa67b80000 - 0x00007ffa67bd7000 	C:\Windows\SYSTEM32\sechost.dll
0x00007ffa679a0000 - 0x00007ffa67b77000 	C:\Windows\SYSTEM32\combase.dll
0x00007ffa67160000 - 0x00007ffa672a5000 	C:\Windows\system32\GDI32.dll
0x00007ffa66890000 - 0x00007ffa668a4000 	C:\Windows\SYSTEM32\profapi.dll
0x00007ffa64ee0000 - 0x00007ffa64f81000 	C:\Windows\SYSTEM32\SHCORE.dll
0x00007ffa67670000 - 0x00007ffa676a4000 	C:\Windows\system32\IMM32.DLL
0x00007ffa66f10000 - 0x00007ffa67048000 	C:\Windows\system32\MSCTF.dll
0x00007ffa64240000 - 0x00007ffa6449a000 	C:\Windows\WinSxS\amd64_microsoft.windows.common-controls_6595b64144ccf1df_6.0.9600.16384_none_62475f7becb72503\COMCTL32.dll
0x0000000076910000 - 0x00000000769e2000 	C:\Program Files\Java\jdk1.8.0_11\jre\bin\msvcr100.dll
0x0000000076fb0000 - 0x00000000777da000 	C:\Program Files\Java\jdk1.8.0_11\jre\bin\server\jvm.dll
0x00007ffa5e450000 - 0x00007ffa5e459000 	C:\Windows\SYSTEM32\WSOCK32.dll
0x00007ffa5d600000 - 0x00007ffa5d61f000 	C:\Windows\SYSTEM32\WINMM.dll
0x00007ffa691d0000 - 0x00007ffa691d7000 	C:\Windows\system32\PSAPI.DLL
0x00007ffa691e0000 - 0x00007ffa69238000 	C:\Windows\system32\WS2_32.dll
0x00007ffa5d5d0000 - 0x00007ffa5d5fa000 	C:\Windows\SYSTEM32\WINMMBASE.dll
0x00007ffa67990000 - 0x00007ffa67999000 	C:\Windows\system32\NSI.dll
0x00007ffa66d00000 - 0x00007ffa66d4a000 	C:\Windows\SYSTEM32\cfgmgr32.dll
0x00007ffa65740000 - 0x00007ffa65766000 	C:\Windows\SYSTEM32\DEVOBJ.dll
0x0000000076ec0000 - 0x0000000076ecf000 	C:\Program Files\Java\jdk1.8.0_11\jre\bin\verify.dll
0x0000000076e90000 - 0x0000000076eb8000 	C:\Program Files\Java\jdk1.8.0_11\jre\bin\java.dll
0x0000000076e70000 - 0x0000000076e86000 	C:\Program Files\Java\jdk1.8.0_11\jre\bin\zip.dll

VM Arguments:
jvm_args: -Djava.awt.headless=true -Xmx1024M -Dfile.encoding=GBK -Duser.country=US -Duser.language=en -Duser.variant 
java_command: com.android.dx.command.Main --dex --num-threads=4 --output E:\java\android\NetMT\app\build\intermediates\pre-dexed\debug\com.android.support-support-v4-23.2.0_9ee52d5888951727ebf6528de654b220ce89c43b.jar E:\java\android\NetMT\app\build\intermediates\exploded-aar\com.android.support\support-v4\23.2.0\jars\classes.jar
java_class_path (initial): C:\Users\Administrator\AppData\Local\Android\sdk\build-tools\23.0.2\lib\dx.jar
Launcher Type: SUN_STANDARD

Environment Variables:
JAVA_HOME=C:\Program Files\Java\jdk1.8.0_11
PATH=C:\Windows\system32;C:\Windows;C:\Windows\System32\Wbem;C:\Windows\System32\WindowsPowerShell\v1.0\;C:\Program Files (x86)\ATI Technologies\ATI.ACE\Core-Static;0x0.000000p-1022ndroid;D:\Java\jdk1.7.0_17\bin;C:\Program Files (x86)\Microsoft SQL Server\100\Tools\Binn\;C:\Program Files\Microsoft SQL Server\100\Tools\Binn\;C:\Program Files\Microsoft SQL Server\100\DTS\Binn\;D:\TortoiseSVN\bin;D:\Java\jdk1.7.0_17\bin
USERNAME=KingHacker
OS=Windows_NT
PROCESSOR_IDENTIFIER=Intel64 Family 6 Model 42 Stepping 7, GenuineIntel



---------------  S Y S T E M  ---------------

OS: Windows 8.1 , 64 bit Build 9600 

CPU:total 4 (2 cores per cpu, 2 threads per core) family 6 model 42 stepping 7, cmov, cx8, fxsr, mmx, sse, sse2, sse3, ssse3, sse4.1, sse4.2, popcnt, avx, aes, clmul, ht, tsc, tscinvbit

Memory: 4k page, physical 4136812k(804576k free), swap 16719724k(5052k free)

vm_info: Java HotSpot(TM) 64-Bit Server VM (25.11-b03) for windows-amd64 JRE (1.8.0_11-b12), built on Jun 16 2014 20:57:32 by "java_re" with MS VC++ 10.0 (VS2010)

time: Fri Mar 18 13:08:32 2016
elapsed time: 3 seconds

